Starting at Tue 18 Feb 2025 02:10:31 PM GMT
Fingerprint extraction...
Dataset501_AD
Using <class 'nnunetv2.imageio.simpleitk_reader_writer.SimpleITKIO'> reader/writer
Error: Shape mismatch between segmentation and corresponding images. 
Shape images: (702, 512, 512). 
Shape seg: (582, 512, 512). 
Image files: ['/home3/hghr96/parm/work/AD_project/segmentation/nnUNet/data/nnUNet_raw/Dataset501_AD/imagesTr/ad_021_0000.nii.gz']. 
Seg file: /home3/hghr96/parm/work/AD_project/segmentation/nnUNet/data/nnUNet_raw/Dataset501_AD/labelsTr/ad_021.nii.gz

Error: Spacing mismatch between segmentation and corresponding images. 
Spacing images: [0.7582336664199829, 0.779296875, 0.779296875]. 
Spacing seg: [1.0, 0.779296875, 0.779296875]. 
Image files: ['/home3/hghr96/parm/work/AD_project/segmentation/nnUNet/data/nnUNet_raw/Dataset501_AD/imagesTr/ad_021_0000.nii.gz']. 
Seg file: /home3/hghr96/parm/work/AD_project/segmentation/nnUNet/data/nnUNet_raw/Dataset501_AD/labelsTr/ad_021.nii.gz

Warning: Origin mismatch between segmentation and corresponding images. 
Origin images: (-191.5, -81.5, -338.5). 
Origin seg: (-191.5, -81.5, -641.5). 
Image files: ['/home3/hghr96/parm/work/AD_project/segmentation/nnUNet/data/nnUNet_raw/Dataset501_AD/imagesTr/ad_021_0000.nii.gz']. 
Seg file: /home3/hghr96/parm/work/AD_project/segmentation/nnUNet/data/nnUNet_raw/Dataset501_AD/labelsTr/ad_021.nii.gz

Error: Shape mismatch between segmentation and corresponding images. 
Shape images: (665, 512, 512). 
Shape seg: (687, 512, 512). 
Image files: ['/home3/hghr96/parm/work/AD_project/segmentation/nnUNet/data/nnUNet_raw/Dataset501_AD/imagesTr/ad_103_0000.nii.gz']. 
Seg file: /home3/hghr96/parm/work/AD_project/segmentation/nnUNet/data/nnUNet_raw/Dataset501_AD/labelsTr/ad_103.nii.gz

Error: Spacing mismatch between segmentation and corresponding images. 
Spacing images: [0.699999988079071, 0.458984375, 0.458984375]. 
Spacing seg: [0.699999988079071, 0.884765625, 0.884765625]. 
Image files: ['/home3/hghr96/parm/work/AD_project/segmentation/nnUNet/data/nnUNet_raw/Dataset501_AD/imagesTr/ad_103_0000.nii.gz']. 
Seg file: /home3/hghr96/parm/work/AD_project/segmentation/nnUNet/data/nnUNet_raw/Dataset501_AD/labelsTr/ad_103.nii.gz

Warning: Origin mismatch between segmentation and corresponding images. 
Origin images: (-138.5, 63.5, -7.0999755859375). 
Origin seg: (-216.95059204101562, -117.78591918945312, 140.5999755859375). 
Image files: ['/home3/hghr96/parm/work/AD_project/segmentation/nnUNet/data/nnUNet_raw/Dataset501_AD/imagesTr/ad_103_0000.nii.gz']. 
Seg file: /home3/hghr96/parm/work/AD_project/segmentation/nnUNet/data/nnUNet_raw/Dataset501_AD/labelsTr/ad_103.nii.gz

Error: Shape mismatch between segmentation and corresponding images. 
Shape images: (1426, 512, 512). 
Shape seg: (1418, 512, 512). 
Image files: ['/home3/hghr96/parm/work/AD_project/segmentation/nnUNet/data/nnUNet_raw/Dataset501_AD/imagesTr/ad_074_0000.nii.gz']. 
Seg file: /home3/hghr96/parm/work/AD_project/segmentation/nnUNet/data/nnUNet_raw/Dataset501_AD/labelsTr/ad_074.nii.gz

Error: Spacing mismatch between segmentation and corresponding images. 
Spacing images: [0.4000000059604645, 0.7170000076293945, 0.7170000076293945]. 
Spacing seg: [0.4022583067417145, 0.7170000076293945, 0.7170000076293945]. 
Image files: ['/home3/hghr96/parm/work/AD_project/segmentation/nnUNet/data/nnUNet_raw/Dataset501_AD/imagesTr/ad_074_0000.nii.gz']. 
Seg file: /home3/hghr96/parm/work/AD_project/segmentation/nnUNet/data/nnUNet_raw/Dataset501_AD/labelsTr/ad_074.nii.gz

Error: Shape mismatch between segmentation and corresponding images. 
Shape images: (1471, 512, 512). 
Shape seg: (1463, 512, 512). 
Image files: ['/home3/hghr96/parm/work/AD_project/segmentation/nnUNet/data/nnUNet_raw/Dataset501_AD/imagesTr/ad_076_0000.nii.gz']. 
Seg file: /home3/hghr96/parm/work/AD_project/segmentation/nnUNet/data/nnUNet_raw/Dataset501_AD/labelsTr/ad_076.nii.gz

Error: Spacing mismatch between segmentation and corresponding images. 
Spacing images: [0.4000000059604645, 0.66015625, 0.66015625]. 
Spacing seg: [0.402188777923584, 0.66015625, 0.66015625]. 
Image files: ['/home3/hghr96/parm/work/AD_project/segmentation/nnUNet/data/nnUNet_raw/Dataset501_AD/imagesTr/ad_076_0000.nii.gz']. 
Seg file: /home3/hghr96/parm/work/AD_project/segmentation/nnUNet/data/nnUNet_raw/Dataset501_AD/labelsTr/ad_076.nii.gz

Traceback (most recent call last):
  File "/home3/hghr96/miniconda3/envs/nnUnet/bin/nnUNetv2_plan_and_preprocess", line 8, in <module>
    sys.exit(plan_and_preprocess_entry())
  File "/home3/hghr96/parm/work/AD_project/segmentation/nnUNet/nnunetv2/experiment_planning/plan_and_preprocess_entrypoints.py", line 180, in plan_and_preprocess_entry
    extract_fingerprints(args.d, args.fpe, args.npfp, args.verify_dataset_integrity, args.clean, args.verbose)
  File "/home3/hghr96/parm/work/AD_project/segmentation/nnUNet/nnunetv2/experiment_planning/plan_and_preprocess_api.py", line 47, in extract_fingerprints
    extract_fingerprint_dataset(d, fingerprint_extractor_class, num_processes, check_dataset_integrity, clean,
  File "/home3/hghr96/parm/work/AD_project/segmentation/nnUNet/nnunetv2/experiment_planning/plan_and_preprocess_api.py", line 30, in extract_fingerprint_dataset
    verify_dataset_integrity(join(nnUNet_raw, dataset_name), num_processes)
  File "/home3/hghr96/parm/work/AD_project/segmentation/nnUNet/nnunetv2/experiment_planning/verify_dataset_integrity.py", line 219, in verify_dataset_integrity
    raise RuntimeError(
RuntimeError: Some images have errors. Please check text output above to see which one(s) and what's going on.
Finished at Tue 18 Feb 2025 02:16:05 PM GMT
Total Execution Time: 334 seconds
