Starting at Fri 07 Mar 2025 12:16:53 PM GMT

############################
INFO: You are using the old nnU-Net default plans. We have updated our recommendations. Please consider using those instead! Read more here: https://github.com/MIC-DKFZ/nnUNet/blob/master/documentation/resenc_presets.md
############################

Using device: cuda:0

#######################################################################
Please cite the following paper when using nnU-Net:
Isensee, F., Jaeger, P. F., Kohl, S. A., Petersen, J., & Maier-Hein, K. H. (2021). nnU-Net: a self-configuring method for deep learning-based biomedical image segmentation. Nature methods, 18(2), 203-211.
#######################################################################

2025-03-07 12:17:14.544503: do_dummy_2d_data_aug: False
using pin_memory on device 0
/home3/hghr96/miniconda3/envs/nnUnet/lib/python3.9/site-packages/torch/optim/lr_scheduler.py:62: UserWarning: The verbose parameter is deprecated. Please use get_last_lr() to access the learning rate.
  warnings.warn(
using pin_memory on device 0
2025-03-07 12:17:43.737895: Using torch.compile...

This is the configuration used by this training:
Configuration name: 3d_fullres
 {'data_identifier': 'nnUNetPlans_3d_fullres', 'preprocessor_name': 'DefaultPreprocessor', 'batch_size': 2, 'patch_size': [112, 192, 112], 'median_image_size_in_voxels': [512.0, 834.0, 512.0], 'spacing': [0.78515625, 0.7000000476837158, 0.78515625], 'normalization_schemes': ['CTNormalization'], 'use_mask_for_norm': [False], 'resampling_fn_data': 'resample_data_or_seg_to_shape', 'resampling_fn_seg': 'resample_data_or_seg_to_shape', 'resampling_fn_data_kwargs': {'is_seg': False, 'order': 3, 'order_z': 0, 'force_separate_z': None}, 'resampling_fn_seg_kwargs': {'is_seg': True, 'order': 1, 'order_z': 0, 'force_separate_z': None}, 'resampling_fn_probabilities': 'resample_data_or_seg_to_shape', 'resampling_fn_probabilities_kwargs': {'is_seg': False, 'order': 1, 'order_z': 0, 'force_separate_z': None}, 'architecture': {'network_class_name': 'dynamic_network_architectures.architectures.unet.PlainConvUNet', 'arch_kwargs': {'n_stages': 6, 'features_per_stage': [32, 64, 128, 256, 320, 320], 'conv_op': 'torch.nn.modules.conv.Conv3d', 'kernel_sizes': [[3, 3, 3], [3, 3, 3], [3, 3, 3], [3, 3, 3], [3, 3, 3], [3, 3, 3]], 'strides': [[1, 1, 1], [2, 2, 2], [2, 2, 2], [2, 2, 2], [2, 2, 2], [1, 2, 1]], 'n_conv_per_stage': [2, 2, 2, 2, 2, 2], 'n_conv_per_stage_decoder': [2, 2, 2, 2, 2], 'conv_bias': True, 'norm_op': 'torch.nn.modules.instancenorm.InstanceNorm3d', 'norm_op_kwargs': {'eps': 1e-05, 'affine': True}, 'dropout_op': None, 'dropout_op_kwargs': None, 'nonlin': 'torch.nn.LeakyReLU', 'nonlin_kwargs': {'inplace': True}}, '_kw_requires_import': ['conv_op', 'norm_op', 'dropout_op', 'nonlin']}, 'batch_dice': True} 

These are the global plan.json settings:
 {'dataset_name': 'Dataset501_AD', 'plans_name': 'nnUNetPlans', 'original_median_spacing_after_transp': [0.78515625, 0.7000000476837158, 0.78515625], 'original_median_shape_after_transp': [512, 800, 512], 'image_reader_writer': 'SimpleITKIO', 'transpose_forward': [1, 0, 2], 'transpose_backward': [1, 0, 2], 'experiment_planner_used': 'ExperimentPlanner', 'label_manager': 'LabelManager', 'foreground_intensity_properties_per_channel': {'0': {'max': 3071.0, 'mean': 161.64767456054688, 'median': 182.0, 'min': -1103.0, 'percentile_00_5': -840.0, 'percentile_99_5': 778.0, 'std': 241.90689086914062}}} 

2025-03-07 12:17:48.793879: unpacking dataset...
2025-03-07 12:17:55.642421: unpacking done...
2025-03-07 12:17:55.724044: Unable to plot network architecture: nnUNet_compile is enabled!
2025-03-07 12:17:55.863041: 
2025-03-07 12:17:55.871291: Epoch 0
2025-03-07 12:17:55.880629: Current learning rate: 0.01
2025-03-07 12:35:27.998279: train_loss 0.4601
2025-03-07 12:35:28.003927: val_loss 0.376
2025-03-07 12:35:28.006906: Pseudo dice [0.0, 0.0, 0.0, 0.0]
2025-03-07 12:35:28.014081: Epoch time: 1052.14 s
2025-03-07 12:35:28.020878: Yayy! New best EMA pseudo Dice: 0.0
2025-03-07 12:35:31.769231: 
2025-03-07 12:35:31.772970: Epoch 1
2025-03-07 12:35:31.781981: Current learning rate: 0.00991
2025-03-07 12:42:43.894944: train_loss 0.341
2025-03-07 12:42:43.900197: val_loss 0.3546
2025-03-07 12:42:43.902663: Pseudo dice [0.0, 0.0, 0.0, 0.0]
2025-03-07 12:42:43.905158: Epoch time: 432.13 s
2025-03-07 12:42:45.286978: 
2025-03-07 12:42:45.289579: Epoch 2
2025-03-07 12:42:45.291737: Current learning rate: 0.00982
2025-03-07 12:48:36.296233: train_loss 0.3072
2025-03-07 12:48:36.303927: val_loss 0.3797
2025-03-07 12:48:36.308017: Pseudo dice [0.0, 0.0, 0.0, 0.0]
2025-03-07 12:48:36.311956: Epoch time: 351.01 s
2025-03-07 12:48:37.914216: 
2025-03-07 12:48:37.916731: Epoch 3
2025-03-07 12:48:37.918817: Current learning rate: 0.00973
2025-03-07 12:53:54.243557: train_loss 0.2734
2025-03-07 12:53:54.251778: val_loss 0.3086
2025-03-07 12:53:54.256287: Pseudo dice [0.0, 0.0, 0.0852, 0.0]
2025-03-07 12:53:54.260658: Epoch time: 316.33 s
2025-03-07 12:53:54.264765: Yayy! New best EMA pseudo Dice: 0.0021
2025-03-07 12:53:58.029931: 
2025-03-07 12:53:58.034456: Epoch 4
2025-03-07 12:53:58.039768: Current learning rate: 0.00964
2025-03-07 12:59:26.834051: train_loss 0.2542
2025-03-07 12:59:26.839151: val_loss 0.2128
2025-03-07 12:59:26.842023: Pseudo dice [0.0, 0.0, 0.2567, 0.0]
2025-03-07 12:59:26.843956: Epoch time: 328.81 s
2025-03-07 12:59:26.845591: Yayy! New best EMA pseudo Dice: 0.0083
2025-03-07 12:59:30.655655: 
2025-03-07 12:59:30.658175: Epoch 5
2025-03-07 12:59:30.660410: Current learning rate: 0.00955
2025-03-07 13:05:02.639041: train_loss 0.2128
2025-03-07 13:05:02.650831: val_loss 0.2058
2025-03-07 13:05:02.655750: Pseudo dice [0.0, 0.0, 0.0, 0.3417]
2025-03-07 13:05:02.660932: Epoch time: 331.98 s
2025-03-07 13:05:02.665456: Yayy! New best EMA pseudo Dice: 0.016
2025-03-07 13:05:06.448008: 
2025-03-07 13:05:06.453492: Epoch 6
2025-03-07 13:05:06.458520: Current learning rate: 0.00946
2025-03-07 13:10:14.670964: train_loss 0.2163
2025-03-07 13:10:14.677811: val_loss 0.1946
2025-03-07 13:10:14.680839: Pseudo dice [0.0, 0.0079, 0.2366, 0.2793]
2025-03-07 13:10:14.683046: Epoch time: 308.22 s
2025-03-07 13:10:14.685326: Yayy! New best EMA pseudo Dice: 0.0275
2025-03-07 13:10:18.474549: 
2025-03-07 13:10:18.477204: Epoch 7
2025-03-07 13:10:18.481392: Current learning rate: 0.00937
2025-03-07 13:15:15.874919: train_loss 0.2147
2025-03-07 13:15:15.881982: val_loss 0.2284
2025-03-07 13:15:15.885463: Pseudo dice [0.0, 0.0, 0.1629, 0.2798]
2025-03-07 13:15:15.888851: Epoch time: 297.4 s
2025-03-07 13:15:15.892707: Yayy! New best EMA pseudo Dice: 0.0359
2025-03-07 13:15:21.614830: 
2025-03-07 13:15:21.618002: Epoch 8
2025-03-07 13:15:21.622473: Current learning rate: 0.00928
2025-03-07 13:20:28.878591: train_loss 0.1748
2025-03-07 13:20:28.889087: val_loss 0.1628
2025-03-07 13:20:28.894837: Pseudo dice [0.0, 0.1358, 0.2123, 0.2765]
2025-03-07 13:20:28.901422: Epoch time: 307.27 s
2025-03-07 13:20:28.905005: Yayy! New best EMA pseudo Dice: 0.0479
2025-03-07 13:20:32.715056: 
2025-03-07 13:20:32.717223: Epoch 9
2025-03-07 13:20:32.718813: Current learning rate: 0.00919
2025-03-07 13:25:21.905741: train_loss 0.1724
2025-03-07 13:25:21.909934: val_loss 0.1433
2025-03-07 13:25:21.911893: Pseudo dice [0.0003, 0.161, 0.3292, 0.4978]
2025-03-07 13:25:21.913618: Epoch time: 289.19 s
2025-03-07 13:25:21.915408: Yayy! New best EMA pseudo Dice: 0.0678
2025-03-07 13:25:25.683445: 
2025-03-07 13:25:25.685973: Epoch 10
2025-03-07 13:25:25.688499: Current learning rate: 0.0091
2025-03-07 13:30:32.269579: train_loss 0.1493
2025-03-07 13:30:32.276283: val_loss 0.1536
2025-03-07 13:30:32.279445: Pseudo dice [0.0, 0.2211, 0.3655, 0.2567]
2025-03-07 13:30:32.281835: Epoch time: 306.59 s
2025-03-07 13:30:32.286315: Yayy! New best EMA pseudo Dice: 0.0821
2025-03-07 13:30:36.001672: 
2025-03-07 13:30:36.007056: Epoch 11
2025-03-07 13:30:36.011053: Current learning rate: 0.009
2025-03-07 13:35:41.288298: train_loss 0.1382
2025-03-07 13:35:41.292558: val_loss 0.2103
2025-03-07 13:35:41.297276: Pseudo dice [0.0, 0.1591, 0.2645, 0.3793]
2025-03-07 13:35:41.303057: Epoch time: 305.29 s
2025-03-07 13:35:41.307808: Yayy! New best EMA pseudo Dice: 0.094
2025-03-07 13:35:45.130345: 
2025-03-07 13:35:45.132820: Epoch 12
2025-03-07 13:35:45.137818: Current learning rate: 0.00891
2025-03-07 13:40:53.333792: train_loss 0.128
2025-03-07 13:40:53.339565: val_loss 0.1166
2025-03-07 13:40:53.341686: Pseudo dice [0.0001, 0.1246, 0.37, 0.4565]
2025-03-07 13:40:53.344013: Epoch time: 308.21 s
2025-03-07 13:40:53.346210: Yayy! New best EMA pseudo Dice: 0.1084
2025-03-07 13:40:57.143625: 
2025-03-07 13:40:57.146486: Epoch 13
2025-03-07 13:40:57.151441: Current learning rate: 0.00882
2025-03-07 13:45:31.183538: train_loss 0.1289
2025-03-07 13:45:31.192119: val_loss 0.1345
2025-03-07 13:45:31.196184: Pseudo dice [0.1374, 0.1043, 0.4508, 0.4616]
2025-03-07 13:45:31.200562: Epoch time: 274.04 s
2025-03-07 13:45:31.202704: Yayy! New best EMA pseudo Dice: 0.1264
2025-03-07 13:45:34.895048: 
2025-03-07 13:45:34.901228: Epoch 14
2025-03-07 13:45:34.907719: Current learning rate: 0.00873
2025-03-07 13:50:44.321595: train_loss 0.1115
2025-03-07 13:50:44.328696: val_loss 0.0491
2025-03-07 13:50:44.333156: Pseudo dice [0.0679, 0.3738, 0.4465, 0.4532]
2025-03-07 13:50:44.336883: Epoch time: 309.43 s
2025-03-07 13:50:44.340439: Yayy! New best EMA pseudo Dice: 0.1473
2025-03-07 13:50:48.123016: 
2025-03-07 13:50:48.125989: Epoch 15
2025-03-07 13:50:48.129245: Current learning rate: 0.00864
2025-03-07 13:56:08.359132: train_loss 0.0929
2025-03-07 13:56:08.366126: val_loss 0.0846
2025-03-07 13:56:08.368982: Pseudo dice [0.0, 0.198, 0.6024, 0.5223]
2025-03-07 13:56:08.371647: Epoch time: 320.24 s
2025-03-07 13:56:08.374107: Yayy! New best EMA pseudo Dice: 0.1656
2025-03-07 13:56:12.183280: 
2025-03-07 13:56:12.191579: Epoch 16
2025-03-07 13:56:12.199994: Current learning rate: 0.00855
2025-03-07 14:01:11.275352: train_loss 0.1123
2025-03-07 14:01:11.280110: val_loss 0.1045
2025-03-07 14:01:11.281845: Pseudo dice [0.3113, 0.0458, 0.343, 0.456]
2025-03-07 14:01:11.283728: Epoch time: 299.1 s
2025-03-07 14:01:11.285606: Yayy! New best EMA pseudo Dice: 0.178
2025-03-07 14:01:15.277959: 
2025-03-07 14:01:15.284137: Epoch 17
2025-03-07 14:01:15.287678: Current learning rate: 0.00846
2025-03-07 14:06:27.553864: train_loss 0.0874
2025-03-07 14:06:27.562216: val_loss 0.0988
2025-03-07 14:06:27.565128: Pseudo dice [0.4131, 0.3044, 0.1066, 0.4029]
2025-03-07 14:06:27.567740: Epoch time: 312.28 s
2025-03-07 14:06:27.569976: Yayy! New best EMA pseudo Dice: 0.1908
2025-03-07 14:06:31.583036: 
2025-03-07 14:06:31.586435: Epoch 18
2025-03-07 14:06:31.589863: Current learning rate: 0.00836
2025-03-07 14:11:25.700487: train_loss 0.1047
2025-03-07 14:11:25.706815: val_loss 0.0918
2025-03-07 14:11:25.710905: Pseudo dice [0.0, 0.305, 0.543, 0.1752]
2025-03-07 14:11:25.714716: Epoch time: 294.12 s
2025-03-07 14:11:25.718402: Yayy! New best EMA pseudo Dice: 0.1973
2025-03-07 14:11:29.607017: 
2025-03-07 14:11:29.610408: Epoch 19
2025-03-07 14:11:29.615093: Current learning rate: 0.00827
2025-03-07 14:16:39.045098: train_loss 0.0638
2025-03-07 14:16:39.052561: val_loss 0.0372
2025-03-07 14:16:39.054702: Pseudo dice [0.2949, 0.4218, 0.4231, 0.3385]
2025-03-07 14:16:39.057818: Epoch time: 309.44 s
2025-03-07 14:16:39.059743: Yayy! New best EMA pseudo Dice: 0.2146
2025-03-07 14:16:42.981959: 
2025-03-07 14:16:42.984609: Epoch 20
2025-03-07 14:16:42.987880: Current learning rate: 0.00818
2025-03-07 14:21:59.065140: train_loss 0.0514
2025-03-07 14:21:59.071283: val_loss 0.0188
2025-03-07 14:21:59.074044: Pseudo dice [0.0, 0.4464, 0.5046, 0.4082]
2025-03-07 14:21:59.082728: Epoch time: 316.09 s
2025-03-07 14:21:59.086513: Yayy! New best EMA pseudo Dice: 0.2271
2025-03-07 14:22:02.961532: 
2025-03-07 14:22:02.963728: Epoch 21
2025-03-07 14:22:02.966415: Current learning rate: 0.00809
2025-03-07 14:26:58.527130: train_loss 0.0284
2025-03-07 14:26:58.534788: val_loss 0.0319
2025-03-07 14:26:58.540168: Pseudo dice [0.0, 0.2318, 0.5668, 0.5761]
2025-03-07 14:26:58.546293: Epoch time: 295.57 s
2025-03-07 14:26:58.552367: Yayy! New best EMA pseudo Dice: 0.2387
2025-03-07 14:27:04.284160: 
2025-03-07 14:27:04.287040: Epoch 22
2025-03-07 14:27:04.292418: Current learning rate: 0.008
2025-03-07 14:31:59.632220: train_loss 0.0299
2025-03-07 14:31:59.638909: val_loss -0.0036
2025-03-07 14:31:59.641075: Pseudo dice [0.108, 0.543, 0.589, 0.1657]
2025-03-07 14:31:59.643175: Epoch time: 295.35 s
2025-03-07 14:31:59.644892: Yayy! New best EMA pseudo Dice: 0.25
2025-03-07 14:32:03.418711: 
2025-03-07 14:32:03.424711: Epoch 23
2025-03-07 14:32:03.428635: Current learning rate: 0.0079
2025-03-07 14:37:04.359384: train_loss 0.0348
2025-03-07 14:37:04.364862: val_loss 0.0135
2025-03-07 14:37:04.371321: Pseudo dice [0.0859, 0.5184, 0.5907, 0.0801]
2025-03-07 14:37:04.375644: Epoch time: 300.94 s
2025-03-07 14:37:04.378845: Yayy! New best EMA pseudo Dice: 0.2569
2025-03-07 14:37:08.274695: 
2025-03-07 14:37:08.277370: Epoch 24
2025-03-07 14:37:08.280803: Current learning rate: 0.00781
2025-03-07 14:41:40.842277: train_loss 0.0428
2025-03-07 14:41:40.850564: val_loss 0.0838
2025-03-07 14:41:40.853307: Pseudo dice [0.1399, 0.4025, 0.4597, 0.5153]
2025-03-07 14:41:40.855900: Epoch time: 272.57 s
2025-03-07 14:41:40.858403: Yayy! New best EMA pseudo Dice: 0.2691
2025-03-07 14:41:44.607419: 
2025-03-07 14:41:44.610256: Epoch 25
2025-03-07 14:41:44.613723: Current learning rate: 0.00772
2025-03-07 14:46:25.287457: train_loss 0.0239
2025-03-07 14:46:25.292594: val_loss 0.0114
2025-03-07 14:46:25.296830: Pseudo dice [0.4661, 0.5292, 0.559, 0.4977]
2025-03-07 14:46:25.302863: Epoch time: 280.68 s
2025-03-07 14:46:25.307154: Yayy! New best EMA pseudo Dice: 0.2935
2025-03-07 14:46:29.188711: 
2025-03-07 14:46:29.193975: Epoch 26
2025-03-07 14:46:29.201068: Current learning rate: 0.00763
2025-03-07 14:51:16.681947: train_loss 0.016
2025-03-07 14:51:16.689228: val_loss 0.0241
2025-03-07 14:51:16.692723: Pseudo dice [0.0594, 0.1837, 0.599, 0.5382]
2025-03-07 14:51:16.697186: Epoch time: 287.49 s
2025-03-07 14:51:16.700641: Yayy! New best EMA pseudo Dice: 0.2987
2025-03-07 14:51:20.815265: 
2025-03-07 14:51:20.820646: Epoch 27
2025-03-07 14:51:20.826982: Current learning rate: 0.00753
2025-03-07 14:56:23.125757: train_loss 0.0371
2025-03-07 14:56:23.130260: val_loss 0.0082
2025-03-07 14:56:23.132559: Pseudo dice [0.006, 0.4068, 0.508, 0.4807]
2025-03-07 14:56:23.134767: Epoch time: 302.31 s
2025-03-07 14:56:23.136963: Yayy! New best EMA pseudo Dice: 0.3038
2025-03-07 14:56:27.033055: 
2025-03-07 14:56:27.038190: Epoch 28
2025-03-07 14:56:27.042278: Current learning rate: 0.00744
2025-03-07 15:01:14.619048: train_loss 0.0131
2025-03-07 15:01:14.623884: val_loss 0.0093
2025-03-07 15:01:14.626049: Pseudo dice [0.0816, 0.4952, 0.5717, 0.4291]
2025-03-07 15:01:14.628271: Epoch time: 287.59 s
2025-03-07 15:01:14.630100: Yayy! New best EMA pseudo Dice: 0.3129
2025-03-07 15:01:18.424465: 
2025-03-07 15:01:18.427876: Epoch 29
2025-03-07 15:01:18.430825: Current learning rate: 0.00735
2025-03-07 15:06:02.528468: train_loss 0.0157
2025-03-07 15:06:02.539232: val_loss -0.0194
2025-03-07 15:06:02.545233: Pseudo dice [0.1231, 0.4232, 0.4848, 0.5928]
2025-03-07 15:06:02.550721: Epoch time: 284.11 s
2025-03-07 15:06:02.554362: Yayy! New best EMA pseudo Dice: 0.3222
2025-03-07 15:06:06.600706: 
2025-03-07 15:06:06.603196: Epoch 30
2025-03-07 15:06:06.605359: Current learning rate: 0.00725
2025-03-07 15:11:06.135364: train_loss -0.0234
2025-03-07 15:11:06.144247: val_loss -0.0063
2025-03-07 15:11:06.146964: Pseudo dice [0.225, 0.3895, 0.6543, 0.5231]
2025-03-07 15:11:06.152090: Epoch time: 299.54 s
2025-03-07 15:11:06.158438: Yayy! New best EMA pseudo Dice: 0.3348
2025-03-07 15:11:10.070590: 
2025-03-07 15:11:10.075505: Epoch 31
2025-03-07 15:11:10.077743: Current learning rate: 0.00716
2025-03-07 15:15:59.169613: train_loss 0.0019
2025-03-07 15:15:59.180365: val_loss -0.0244
2025-03-07 15:15:59.186880: Pseudo dice [0.111, 0.4865, 0.6955, 0.5535]
2025-03-07 15:15:59.193394: Epoch time: 289.1 s
2025-03-07 15:15:59.199982: Yayy! New best EMA pseudo Dice: 0.3475
2025-03-07 15:16:03.068583: 
2025-03-07 15:16:03.072917: Epoch 32
2025-03-07 15:16:03.076531: Current learning rate: 0.00707
2025-03-07 15:21:02.617249: train_loss 0.0015
2025-03-07 15:21:02.644393: val_loss -0.039
2025-03-07 15:21:02.648792: Pseudo dice [0.0104, 0.5306, 0.6639, 0.4903]
2025-03-07 15:21:02.652046: Epoch time: 299.55 s
2025-03-07 15:21:02.658137: Yayy! New best EMA pseudo Dice: 0.3551
2025-03-07 15:21:06.434820: 
2025-03-07 15:21:06.440361: Epoch 33
2025-03-07 15:21:06.445639: Current learning rate: 0.00697
2025-03-07 15:26:02.170112: train_loss -0.0166
2025-03-07 15:26:02.177027: val_loss -0.0176
2025-03-07 15:26:02.180430: Pseudo dice [0.5252, 0.4777, 0.5473, 0.6222]
2025-03-07 15:26:02.183953: Epoch time: 295.74 s
2025-03-07 15:26:02.187670: Yayy! New best EMA pseudo Dice: 0.3739
2025-03-07 15:26:06.118424: 
2025-03-07 15:26:06.120599: Epoch 34
2025-03-07 15:26:06.122874: Current learning rate: 0.00688
2025-03-07 15:30:58.712902: train_loss -0.0312
2025-03-07 15:30:58.778653: val_loss -0.0324
2025-03-07 15:30:58.781558: Pseudo dice [0.3426, 0.607, 0.5942, 0.4705]
2025-03-07 15:30:58.785209: Epoch time: 292.6 s
2025-03-07 15:30:58.787343: Yayy! New best EMA pseudo Dice: 0.3869
2025-03-07 15:31:06.483208: 
2025-03-07 15:31:06.485797: Epoch 35
2025-03-07 15:31:06.488181: Current learning rate: 0.00679
2025-03-07 15:36:07.583220: train_loss -0.0195
2025-03-07 15:36:07.590201: val_loss -0.0366
2025-03-07 15:36:07.592776: Pseudo dice [0.4602, 0.5324, 0.6202, 0.4849]
2025-03-07 15:36:07.595393: Epoch time: 301.1 s
2025-03-07 15:36:07.598404: Yayy! New best EMA pseudo Dice: 0.4006
2025-03-07 15:36:11.457550: 
2025-03-07 15:36:11.461663: Epoch 36
2025-03-07 15:36:11.465154: Current learning rate: 0.00669
2025-03-07 15:40:35.643486: train_loss -0.0381
2025-03-07 15:40:35.647466: val_loss -0.0572
2025-03-07 15:40:35.652957: Pseudo dice [0.5543, 0.6035, 0.6605, 0.4835]
2025-03-07 15:40:35.657139: Epoch time: 264.19 s
2025-03-07 15:40:35.659213: Yayy! New best EMA pseudo Dice: 0.4181
2025-03-07 15:40:39.459403: 
2025-03-07 15:40:39.463103: Epoch 37
2025-03-07 15:40:39.466786: Current learning rate: 0.0066
2025-03-07 15:45:09.259448: train_loss -0.0355
2025-03-07 15:45:09.269475: val_loss -0.0863
2025-03-07 15:45:09.277584: Pseudo dice [0.3959, 0.6218, 0.6096, 0.6374]
2025-03-07 15:45:09.282247: Epoch time: 269.8 s
2025-03-07 15:45:09.287029: Yayy! New best EMA pseudo Dice: 0.4329
2025-03-07 15:45:13.228635: 
2025-03-07 15:45:13.230671: Epoch 38
2025-03-07 15:45:13.232610: Current learning rate: 0.0065
2025-03-07 15:49:47.269183: train_loss -0.0578
2025-03-07 15:49:47.281459: val_loss -0.0297
2025-03-07 15:49:47.287509: Pseudo dice [0.4023, 0.4638, 0.3931, 0.6051]
2025-03-07 15:49:47.293751: Epoch time: 274.04 s
2025-03-07 15:49:47.299832: Yayy! New best EMA pseudo Dice: 0.4362
2025-03-07 15:49:51.331076: 
2025-03-07 15:49:51.333957: Epoch 39
2025-03-07 15:49:51.337151: Current learning rate: 0.00641
2025-03-07 15:54:34.796202: train_loss -0.043
2025-03-07 15:54:34.803481: val_loss -0.0737
2025-03-07 15:54:34.806236: Pseudo dice [0.5676, 0.6081, 0.6008, 0.5454]
2025-03-07 15:54:34.809451: Epoch time: 283.47 s
2025-03-07 15:54:34.812585: Yayy! New best EMA pseudo Dice: 0.4507
2025-03-07 15:54:38.730706: 
2025-03-07 15:54:38.733156: Epoch 40
2025-03-07 15:54:38.735314: Current learning rate: 0.00631
2025-03-07 15:59:31.470042: train_loss -0.0191
2025-03-07 15:59:31.482356: val_loss -0.0102
2025-03-07 15:59:31.485992: Pseudo dice [0.4566, 0.4729, 0.677, 0.4905]
2025-03-07 15:59:31.492139: Epoch time: 292.74 s
2025-03-07 15:59:31.502360: Yayy! New best EMA pseudo Dice: 0.458
2025-03-07 15:59:35.536713: 
2025-03-07 15:59:35.539963: Epoch 41
2025-03-07 15:59:35.544248: Current learning rate: 0.00622
2025-03-07 16:04:25.610221: train_loss -0.011
2025-03-07 16:04:25.618150: val_loss -0.0679
2025-03-07 16:04:25.621932: Pseudo dice [0.534, 0.3397, 0.7128, 0.6326]
2025-03-07 16:04:25.625252: Epoch time: 290.07 s
2025-03-07 16:04:25.628726: Yayy! New best EMA pseudo Dice: 0.4677
2025-03-07 16:04:29.509219: 
2025-03-07 16:04:29.511318: Epoch 42
2025-03-07 16:04:29.513311: Current learning rate: 0.00612
2025-03-07 16:09:18.543925: train_loss -0.0397
2025-03-07 16:09:18.553459: val_loss -0.0304
2025-03-07 16:09:18.559835: Pseudo dice [0.1402, 0.3622, 0.6966, 0.5811]
2025-03-07 16:09:18.562675: Epoch time: 289.04 s
2025-03-07 16:09:20.078668: 
2025-03-07 16:09:20.081868: Epoch 43
2025-03-07 16:09:20.084794: Current learning rate: 0.00603
2025-03-07 16:14:09.763600: train_loss -0.046
2025-03-07 16:14:09.768964: val_loss -0.0555
2025-03-07 16:14:09.771749: Pseudo dice [0.354, 0.3275, 0.6244, 0.604]
2025-03-07 16:14:09.774128: Epoch time: 289.69 s
2025-03-07 16:14:11.246495: 
2025-03-07 16:14:11.248983: Epoch 44
2025-03-07 16:14:11.251748: Current learning rate: 0.00593
2025-03-07 16:19:06.403618: train_loss -0.0382
2025-03-07 16:19:06.409264: val_loss -0.0797
2025-03-07 16:19:06.411774: Pseudo dice [0.4601, 0.5981, 0.6973, 0.6068]
2025-03-07 16:19:06.414586: Epoch time: 295.16 s
2025-03-07 16:19:06.416429: Yayy! New best EMA pseudo Dice: 0.479
2025-03-07 16:19:10.262676: 
2025-03-07 16:19:10.266888: Epoch 45
2025-03-07 16:19:10.269694: Current learning rate: 0.00584
2025-03-07 16:24:06.015326: train_loss -0.0735
2025-03-07 16:24:06.024517: val_loss -0.1066
2025-03-07 16:24:06.028750: Pseudo dice [0.5717, 0.5722, 0.6921, 0.5842]
2025-03-07 16:24:06.033792: Epoch time: 295.75 s
2025-03-07 16:24:06.039737: Yayy! New best EMA pseudo Dice: 0.4916
2025-03-07 16:24:09.949921: 
2025-03-07 16:24:09.955196: Epoch 46
2025-03-07 16:24:09.959844: Current learning rate: 0.00574
2025-03-07 16:29:04.607022: train_loss -0.0581
2025-03-07 16:29:04.618325: val_loss -0.0866
2025-03-07 16:29:04.624719: Pseudo dice [0.5916, 0.5993, 0.7446, 0.4105]
2025-03-07 16:29:04.630812: Epoch time: 294.66 s
2025-03-07 16:29:04.637232: Yayy! New best EMA pseudo Dice: 0.5011
2025-03-07 16:29:08.464822: 
2025-03-07 16:29:08.467252: Epoch 47
2025-03-07 16:29:08.469268: Current learning rate: 0.00565
2025-03-07 16:34:04.863859: train_loss -0.0976
2025-03-07 16:34:04.872459: val_loss -0.0837
2025-03-07 16:34:04.876277: Pseudo dice [0.5466, 0.5522, 0.6828, 0.6197]
2025-03-07 16:34:04.880513: Epoch time: 296.4 s
2025-03-07 16:34:04.883587: Yayy! New best EMA pseudo Dice: 0.511
2025-03-07 16:34:12.542728: 
2025-03-07 16:34:12.548978: Epoch 48
2025-03-07 16:34:12.552950: Current learning rate: 0.00555
2025-03-07 16:38:58.769322: train_loss -0.0712
2025-03-07 16:38:58.777834: val_loss -0.1033
2025-03-07 16:38:58.784093: Pseudo dice [0.3097, 0.614, 0.6301, 0.688]
2025-03-07 16:38:58.788208: Epoch time: 286.23 s
2025-03-07 16:38:58.793588: Yayy! New best EMA pseudo Dice: 0.516
2025-03-07 16:39:02.614381: 
2025-03-07 16:39:02.617137: Epoch 49
2025-03-07 16:39:02.622543: Current learning rate: 0.00546
2025-03-07 16:43:51.051388: train_loss -0.0201
2025-03-07 16:43:51.058964: val_loss -0.0596
2025-03-07 16:43:51.063404: Pseudo dice [0.628, 0.6032, 0.662, 0.5502]
2025-03-07 16:43:51.069418: Epoch time: 288.44 s
2025-03-07 16:43:53.424039: Yayy! New best EMA pseudo Dice: 0.5255
2025-03-07 16:43:57.232419: 
2025-03-07 16:43:57.243397: Epoch 50
2025-03-07 16:43:57.247663: Current learning rate: 0.00536
2025-03-07 16:48:53.925277: train_loss -0.0832
2025-03-07 16:48:53.931109: val_loss -0.111
2025-03-07 16:48:53.933527: Pseudo dice [0.6344, 0.5673, 0.7525, 0.5584]
2025-03-07 16:48:53.935778: Epoch time: 296.69 s
2025-03-07 16:48:53.938754: Yayy! New best EMA pseudo Dice: 0.5357
2025-03-07 16:48:57.711252: 
2025-03-07 16:48:57.713837: Epoch 51
2025-03-07 16:48:57.716280: Current learning rate: 0.00526
2025-03-07 16:53:59.360350: train_loss -0.0937
2025-03-07 16:53:59.366609: val_loss -0.1309
2025-03-07 16:53:59.368867: Pseudo dice [0.6403, 0.5715, 0.7018, 0.4909]
2025-03-07 16:53:59.370762: Epoch time: 301.65 s
2025-03-07 16:53:59.372581: Yayy! New best EMA pseudo Dice: 0.5423
2025-03-07 16:54:03.273694: 
2025-03-07 16:54:03.275790: Epoch 52
2025-03-07 16:54:03.279478: Current learning rate: 0.00517
2025-03-07 16:59:01.169016: train_loss -0.1062
2025-03-07 16:59:01.181488: val_loss -0.1201
2025-03-07 16:59:01.188629: Pseudo dice [0.6052, 0.7002, 0.7364, 0.6238]
2025-03-07 16:59:01.196160: Epoch time: 297.9 s
2025-03-07 16:59:01.202361: Yayy! New best EMA pseudo Dice: 0.5547
2025-03-07 16:59:04.988548: 
2025-03-07 16:59:04.990829: Epoch 53
2025-03-07 16:59:04.993510: Current learning rate: 0.00507
2025-03-07 17:03:53.887606: train_loss -0.104
2025-03-07 17:03:53.895241: val_loss -0.0908
2025-03-07 17:03:53.898303: Pseudo dice [0.6427, 0.6479, 0.7359, 0.5705]
2025-03-07 17:03:53.901720: Epoch time: 288.9 s
2025-03-07 17:03:53.907014: Yayy! New best EMA pseudo Dice: 0.5641
2025-03-07 17:03:57.883400: 
2025-03-07 17:03:57.885806: Epoch 54
2025-03-07 17:03:57.888062: Current learning rate: 0.00497
2025-03-07 17:09:05.645604: train_loss -0.125
2025-03-07 17:09:05.649968: val_loss -0.1416
2025-03-07 17:09:05.652325: Pseudo dice [0.5656, 0.7431, 0.7674, 0.7153]
2025-03-07 17:09:05.654367: Epoch time: 307.76 s
2025-03-07 17:09:05.656495: Yayy! New best EMA pseudo Dice: 0.5775
2025-03-07 17:09:09.492956: 
2025-03-07 17:09:09.499154: Epoch 55
2025-03-07 17:09:09.503720: Current learning rate: 0.00487
2025-03-07 17:14:15.191608: train_loss -0.1368
2025-03-07 17:14:15.196275: val_loss -0.119
2025-03-07 17:14:15.198422: Pseudo dice [0.6064, 0.7459, 0.6417, 0.6846]
2025-03-07 17:14:15.200480: Epoch time: 305.7 s
2025-03-07 17:14:15.202389: Yayy! New best EMA pseudo Dice: 0.5867
2025-03-07 17:14:19.012435: 
2025-03-07 17:14:19.015356: Epoch 56
2025-03-07 17:14:19.018117: Current learning rate: 0.00478
2025-03-07 17:19:09.303076: train_loss -0.1211
2025-03-07 17:19:09.311283: val_loss -0.112
2025-03-07 17:19:09.313714: Pseudo dice [0.6331, 0.653, 0.7406, 0.3417]
2025-03-07 17:19:09.319587: Epoch time: 290.29 s
2025-03-07 17:19:09.325804: Yayy! New best EMA pseudo Dice: 0.5873
2025-03-07 17:19:13.522562: 
2025-03-07 17:19:13.525385: Epoch 57
2025-03-07 17:19:13.531674: Current learning rate: 0.00468
2025-03-07 17:24:15.190051: train_loss -0.1324
2025-03-07 17:24:15.197338: val_loss -0.1386
2025-03-07 17:24:15.200791: Pseudo dice [0.6499, 0.7021, 0.6221, 0.7]
2025-03-07 17:24:15.202843: Epoch time: 301.67 s
2025-03-07 17:24:15.205268: Yayy! New best EMA pseudo Dice: 0.5954
2025-03-07 17:24:19.085648: 
2025-03-07 17:24:19.091923: Epoch 58
2025-03-07 17:24:19.096445: Current learning rate: 0.00458
2025-03-07 17:29:31.216485: train_loss -0.1128
2025-03-07 17:29:31.224435: val_loss -0.1761
2025-03-07 17:29:31.227390: Pseudo dice [0.6594, 0.7436, 0.7898, 0.6581]
2025-03-07 17:29:31.231786: Epoch time: 312.13 s
2025-03-07 17:29:31.238392: Yayy! New best EMA pseudo Dice: 0.6071
2025-03-07 17:29:35.194997: 
2025-03-07 17:29:35.200101: Epoch 59
2025-03-07 17:29:35.203795: Current learning rate: 0.00448
2025-03-07 17:34:25.582825: train_loss -0.1214
2025-03-07 17:34:25.590432: val_loss -0.1445
2025-03-07 17:34:25.595768: Pseudo dice [0.7193, 0.6836, 0.7594, 0.637]
2025-03-07 17:34:25.601435: Epoch time: 290.39 s
2025-03-07 17:34:25.603633: Yayy! New best EMA pseudo Dice: 0.6164
2025-03-07 17:34:29.561996: 
2025-03-07 17:34:29.568130: Epoch 60
2025-03-07 17:34:29.571695: Current learning rate: 0.00438
2025-03-07 17:39:25.896770: train_loss -0.1408
2025-03-07 17:39:25.902366: val_loss -0.1657
2025-03-07 17:39:25.906458: Pseudo dice [0.5811, 0.6974, 0.7639, 0.6905]
2025-03-07 17:39:25.911052: Epoch time: 296.34 s
2025-03-07 17:39:25.914675: Yayy! New best EMA pseudo Dice: 0.6231
2025-03-07 17:39:29.965989: 
2025-03-07 17:39:29.968307: Epoch 61
2025-03-07 17:39:29.970562: Current learning rate: 0.00429
2025-03-07 17:44:18.486142: train_loss -0.1215
2025-03-07 17:44:18.502786: val_loss -0.1571
2025-03-07 17:44:18.507905: Pseudo dice [0.7933, 0.6597, 0.6654, 0.749]
2025-03-07 17:44:18.513935: Epoch time: 288.52 s
2025-03-07 17:44:18.519919: Yayy! New best EMA pseudo Dice: 0.6324
2025-03-07 17:44:26.323673: 
2025-03-07 17:44:26.326185: Epoch 62
2025-03-07 17:44:26.328324: Current learning rate: 0.00419
2025-03-07 17:49:26.237782: train_loss -0.1483
2025-03-07 17:49:26.247075: val_loss -0.1751
2025-03-07 17:49:26.249959: Pseudo dice [0.7624, 0.6807, 0.8414, 0.6859]
2025-03-07 17:49:26.254289: Epoch time: 299.92 s
2025-03-07 17:49:26.256939: Yayy! New best EMA pseudo Dice: 0.6435
2025-03-07 17:49:29.996195: 
2025-03-07 17:49:30.000757: Epoch 63
2025-03-07 17:49:30.008132: Current learning rate: 0.00409
2025-03-07 17:54:31.138604: train_loss -0.1104
2025-03-07 17:54:31.146015: val_loss -0.0977
2025-03-07 17:54:31.149032: Pseudo dice [0.6766, 0.5226, 0.7448, 0.5647]
2025-03-07 17:54:31.151551: Epoch time: 301.14 s
2025-03-07 17:54:32.648170: 
2025-03-07 17:54:32.650860: Epoch 64
2025-03-07 17:54:32.657457: Current learning rate: 0.00399
2025-03-07 17:59:17.745520: train_loss -0.1264
2025-03-07 17:59:17.750117: val_loss -0.2183
2025-03-07 17:59:17.755542: Pseudo dice [0.6237, 0.719, 0.7712, 0.764]
2025-03-07 17:59:17.759634: Epoch time: 285.1 s
2025-03-07 17:59:17.763297: Yayy! New best EMA pseudo Dice: 0.6496
2025-03-07 17:59:21.666183: 
2025-03-07 17:59:21.671271: Epoch 65
2025-03-07 17:59:21.675614: Current learning rate: 0.00389
2025-03-07 18:04:15.080489: train_loss -0.1403
2025-03-07 18:04:15.086966: val_loss -0.1497
2025-03-07 18:04:15.090136: Pseudo dice [0.5924, 0.71, 0.8155, 0.6577]
2025-03-07 18:04:15.093598: Epoch time: 293.42 s
2025-03-07 18:04:15.096257: Yayy! New best EMA pseudo Dice: 0.654
2025-03-07 18:04:19.026600: 
2025-03-07 18:04:19.031074: Epoch 66
2025-03-07 18:04:19.037363: Current learning rate: 0.00379
2025-03-07 18:09:06.441470: train_loss -0.1381
2025-03-07 18:09:06.447753: val_loss -0.1478
2025-03-07 18:09:06.450736: Pseudo dice [0.7158, 0.6267, 0.8005, 0.7538]
2025-03-07 18:09:06.453993: Epoch time: 287.42 s
2025-03-07 18:09:06.456881: Yayy! New best EMA pseudo Dice: 0.661
2025-03-07 18:09:10.228142: 
2025-03-07 18:09:10.232217: Epoch 67
2025-03-07 18:09:10.237393: Current learning rate: 0.00369
2025-03-07 18:14:15.836945: train_loss -0.1496
2025-03-07 18:14:15.844555: val_loss -0.196
2025-03-07 18:14:15.848809: Pseudo dice [0.7189, 0.7594, 0.7545, 0.7472]
2025-03-07 18:14:15.852905: Epoch time: 305.61 s
2025-03-07 18:14:15.857085: Yayy! New best EMA pseudo Dice: 0.6694
2025-03-07 18:14:19.798136: 
2025-03-07 18:14:19.803197: Epoch 68
2025-03-07 18:14:19.809535: Current learning rate: 0.00359
2025-03-07 18:19:26.667095: train_loss -0.165
2025-03-07 18:19:26.672204: val_loss -0.1597
2025-03-07 18:19:26.673931: Pseudo dice [0.7039, 0.7027, 0.7273, 0.497]
2025-03-07 18:19:26.676023: Epoch time: 306.87 s
2025-03-07 18:19:28.318769: 
2025-03-07 18:19:28.321586: Epoch 69
2025-03-07 18:19:28.323971: Current learning rate: 0.00349
2025-03-07 18:24:34.974346: train_loss -0.1645
2025-03-07 18:24:34.983603: val_loss -0.1825
2025-03-07 18:24:34.988101: Pseudo dice [0.7214, 0.7118, 0.8268, 0.7227]
2025-03-07 18:24:34.991470: Epoch time: 306.66 s
2025-03-07 18:24:34.995375: Yayy! New best EMA pseudo Dice: 0.676
2025-03-07 18:24:38.942996: 
2025-03-07 18:24:38.945429: Epoch 70
2025-03-07 18:24:38.950022: Current learning rate: 0.00338
2025-03-07 18:29:26.822626: train_loss -0.1786
2025-03-07 18:29:26.830387: val_loss -0.1598
2025-03-07 18:29:26.833174: Pseudo dice [0.7341, 0.666, 0.8012, 0.7091]
2025-03-07 18:29:26.835445: Epoch time: 287.88 s
2025-03-07 18:29:26.839518: Yayy! New best EMA pseudo Dice: 0.6812
2025-03-07 18:29:30.727403: 
2025-03-07 18:29:30.733243: Epoch 71
2025-03-07 18:29:30.738357: Current learning rate: 0.00328
2025-03-07 18:34:26.513680: train_loss -0.1966
2025-03-07 18:34:26.519806: val_loss -0.1701
2025-03-07 18:34:26.523054: Pseudo dice [0.6857, 0.7393, 0.7894, 0.6508]
2025-03-07 18:34:26.525555: Epoch time: 295.79 s
2025-03-07 18:34:26.529907: Yayy! New best EMA pseudo Dice: 0.6847
2025-03-07 18:34:30.403428: 
2025-03-07 18:34:30.406327: Epoch 72
2025-03-07 18:34:30.408920: Current learning rate: 0.00318
2025-03-07 18:39:28.461073: train_loss -0.1854
2025-03-07 18:39:28.473058: val_loss -0.2033
2025-03-07 18:39:28.479276: Pseudo dice [0.747, 0.7614, 0.8411, 0.7381]
2025-03-07 18:39:28.485172: Epoch time: 298.06 s
2025-03-07 18:39:28.490408: Yayy! New best EMA pseudo Dice: 0.6934
2025-03-07 18:39:32.466388: 
2025-03-07 18:39:32.469244: Epoch 73
2025-03-07 18:39:32.471986: Current learning rate: 0.00308
2025-03-07 18:44:34.941972: train_loss -0.1637
2025-03-07 18:44:34.951067: val_loss -0.183
2025-03-07 18:44:34.957063: Pseudo dice [0.7275, 0.7236, 0.7906, 0.7393]
2025-03-07 18:44:34.961776: Epoch time: 302.48 s
2025-03-07 18:44:34.968210: Yayy! New best EMA pseudo Dice: 0.6986
2025-03-07 18:44:42.108147: 
2025-03-07 18:44:42.109981: Epoch 74
2025-03-07 18:44:42.112195: Current learning rate: 0.00297
2025-03-07 18:49:44.614658: train_loss -0.1758
2025-03-07 18:49:44.620841: val_loss -0.1717
2025-03-07 18:49:44.624316: Pseudo dice [0.7627, 0.6697, 0.789, 0.6857]
2025-03-07 18:49:44.627032: Epoch time: 302.51 s
2025-03-07 18:49:44.630463: Yayy! New best EMA pseudo Dice: 0.7014
2025-03-07 18:49:48.619534: 
2025-03-07 18:49:48.622125: Epoch 75
2025-03-07 18:49:48.624540: Current learning rate: 0.00287
2025-03-07 18:54:55.572380: train_loss -0.1558
2025-03-07 18:54:55.579616: val_loss -0.1781
2025-03-07 18:54:55.581610: Pseudo dice [0.7234, 0.7264, 0.8337, 0.7297]
2025-03-07 18:54:55.584887: Epoch time: 306.95 s
2025-03-07 18:54:55.586741: Yayy! New best EMA pseudo Dice: 0.7066
2025-03-07 18:54:59.544388: 
2025-03-07 18:54:59.549083: Epoch 76
2025-03-07 18:54:59.553298: Current learning rate: 0.00277
2025-03-07 18:59:57.074548: train_loss -0.1762
2025-03-07 18:59:57.083169: val_loss -0.2169
2025-03-07 18:59:57.086493: Pseudo dice [0.7809, 0.6949, 0.8212, 0.7696]
2025-03-07 18:59:57.089690: Epoch time: 297.53 s
2025-03-07 18:59:57.092721: Yayy! New best EMA pseudo Dice: 0.7126
2025-03-07 19:00:00.921702: 
2025-03-07 19:00:00.924253: Epoch 77
2025-03-07 19:00:00.927732: Current learning rate: 0.00266
2025-03-07 19:04:47.303066: train_loss -0.1893
2025-03-07 19:04:47.309124: val_loss -0.1957
2025-03-07 19:04:47.313576: Pseudo dice [0.818, 0.7287, 0.7149, 0.6566]
2025-03-07 19:04:47.316543: Epoch time: 286.38 s
2025-03-07 19:04:47.320208: Yayy! New best EMA pseudo Dice: 0.7143
2025-03-07 19:04:51.307871: 
2025-03-07 19:04:51.311234: Epoch 78
2025-03-07 19:04:51.316110: Current learning rate: 0.00256
2025-03-07 19:09:58.923800: train_loss -0.18
2025-03-07 19:09:58.928241: val_loss -0.174
2025-03-07 19:09:58.930405: Pseudo dice [0.6919, 0.653, 0.7127, 0.7777]
2025-03-07 19:09:58.932635: Epoch time: 307.62 s
2025-03-07 19:10:00.458498: 
2025-03-07 19:10:00.461128: Epoch 79
2025-03-07 19:10:00.464120: Current learning rate: 0.00245
2025-03-07 19:14:48.505530: train_loss -0.1814
2025-03-07 19:14:48.512105: val_loss -0.1987
2025-03-07 19:14:48.515758: Pseudo dice [0.8054, 0.7333, 0.8132, 0.7044]
2025-03-07 19:14:48.519473: Epoch time: 288.05 s
2025-03-07 19:14:48.523301: Yayy! New best EMA pseudo Dice: 0.7188
2025-03-07 19:14:52.470404: 
2025-03-07 19:14:52.471896: Epoch 80
2025-03-07 19:14:52.474128: Current learning rate: 0.00235
2025-03-07 19:19:37.298289: train_loss -0.201
2025-03-07 19:19:37.307957: val_loss -0.173
2025-03-07 19:19:37.313287: Pseudo dice [0.7562, 0.7692, 0.7841, 0.7679]
2025-03-07 19:19:37.319085: Epoch time: 284.83 s
2025-03-07 19:19:37.324929: Yayy! New best EMA pseudo Dice: 0.7238
2025-03-07 19:19:41.227987: 
2025-03-07 19:19:41.230598: Epoch 81
2025-03-07 19:19:41.232675: Current learning rate: 0.00224
2025-03-07 19:24:18.216463: train_loss -0.202
2025-03-07 19:24:18.226113: val_loss -0.2348
2025-03-07 19:24:18.230272: Pseudo dice [0.8097, 0.8001, 0.8001, 0.7786]
2025-03-07 19:24:18.236483: Epoch time: 276.99 s
2025-03-07 19:24:18.242623: Yayy! New best EMA pseudo Dice: 0.7312
2025-03-07 19:24:22.208414: 
2025-03-07 19:24:22.211974: Epoch 82
2025-03-07 19:24:22.218099: Current learning rate: 0.00214
2025-03-07 19:29:13.714478: train_loss -0.2191
2025-03-07 19:29:13.724104: val_loss -0.2467
2025-03-07 19:29:13.729803: Pseudo dice [0.8339, 0.7972, 0.8685, 0.7687]
2025-03-07 19:29:13.735183: Epoch time: 291.51 s
2025-03-07 19:29:13.739551: Yayy! New best EMA pseudo Dice: 0.7398
2025-03-07 19:29:17.714012: 
2025-03-07 19:29:17.716384: Epoch 83
2025-03-07 19:29:17.718916: Current learning rate: 0.00203
2025-03-07 19:33:55.993672: train_loss -0.198
2025-03-07 19:33:56.002468: val_loss -0.2501
2025-03-07 19:33:56.008516: Pseudo dice [0.825, 0.822, 0.844, 0.7924]
2025-03-07 19:33:56.012679: Epoch time: 278.28 s
2025-03-07 19:33:56.019005: Yayy! New best EMA pseudo Dice: 0.7479
2025-03-07 19:33:59.918453: 
2025-03-07 19:33:59.922503: Epoch 84
2025-03-07 19:33:59.926414: Current learning rate: 0.00192
2025-03-07 19:38:47.010387: train_loss -0.209
2025-03-07 19:38:47.017668: val_loss -0.2575
2025-03-07 19:38:47.021178: Pseudo dice [0.8603, 0.7663, 0.8657, 0.7004]
2025-03-07 19:38:47.023470: Epoch time: 287.1 s
2025-03-07 19:38:47.027536: Yayy! New best EMA pseudo Dice: 0.7529
2025-03-07 19:38:50.759446: 
2025-03-07 19:38:50.762633: Epoch 85
2025-03-07 19:38:50.767358: Current learning rate: 0.00181
2025-03-07 19:43:42.701622: train_loss -0.2304
2025-03-07 19:43:42.705361: val_loss -0.2299
2025-03-07 19:43:42.706912: Pseudo dice [0.7792, 0.8224, 0.872, 0.788]
2025-03-07 19:43:42.708498: Epoch time: 291.94 s
2025-03-07 19:43:42.710236: Yayy! New best EMA pseudo Dice: 0.7591
2025-03-07 19:43:46.573618: 
2025-03-07 19:43:46.575815: Epoch 86
2025-03-07 19:43:46.577962: Current learning rate: 0.0017
2025-03-07 19:48:35.757043: train_loss -0.2097
2025-03-07 19:48:35.761495: val_loss -0.2323
2025-03-07 19:48:35.763669: Pseudo dice [0.8157, 0.8403, 0.837, 0.7713]
2025-03-07 19:48:35.765682: Epoch time: 289.18 s
2025-03-07 19:48:35.767704: Yayy! New best EMA pseudo Dice: 0.7648
2025-03-07 19:48:43.613482: 
2025-03-07 19:48:43.616094: Epoch 87
2025-03-07 19:48:43.618347: Current learning rate: 0.00159
2025-03-07 19:53:22.034886: train_loss -0.2407
2025-03-07 19:53:22.038795: val_loss -0.2411
2025-03-07 19:53:22.040496: Pseudo dice [0.8039, 0.8374, 0.8426, 0.7972]
2025-03-07 19:53:22.042189: Epoch time: 278.42 s
2025-03-07 19:53:22.044846: Yayy! New best EMA pseudo Dice: 0.7704
2025-03-07 19:53:25.930480: 
2025-03-07 19:53:25.932859: Epoch 88
2025-03-07 19:53:25.935161: Current learning rate: 0.00148
2025-03-07 19:58:10.710814: train_loss -0.2286
2025-03-07 19:58:10.716274: val_loss -0.2537
2025-03-07 19:58:10.719854: Pseudo dice [0.8363, 0.7736, 0.8501, 0.7098]
2025-03-07 19:58:10.723343: Epoch time: 284.78 s
2025-03-07 19:58:10.726404: Yayy! New best EMA pseudo Dice: 0.7726
2025-03-07 19:58:14.475428: 
2025-03-07 19:58:14.479363: Epoch 89
2025-03-07 19:58:14.483145: Current learning rate: 0.00137
2025-03-07 20:02:54.860804: train_loss -0.2261
2025-03-07 20:02:54.866888: val_loss -0.2414
2025-03-07 20:02:54.870342: Pseudo dice [0.8488, 0.7764, 0.8759, 0.7619]
2025-03-07 20:02:54.873823: Epoch time: 280.39 s
2025-03-07 20:02:54.875870: Yayy! New best EMA pseudo Dice: 0.7769
2025-03-07 20:02:58.709569: 
2025-03-07 20:02:58.712617: Epoch 90
2025-03-07 20:02:58.716070: Current learning rate: 0.00126
2025-03-07 20:07:34.041857: train_loss -0.2496
2025-03-07 20:07:34.049555: val_loss -0.2644
2025-03-07 20:07:34.054790: Pseudo dice [0.8427, 0.7768, 0.8603, 0.7689]
2025-03-07 20:07:34.060475: Epoch time: 275.33 s
2025-03-07 20:07:34.062379: Yayy! New best EMA pseudo Dice: 0.7804
2025-03-07 20:07:37.957421: 
2025-03-07 20:07:37.960074: Epoch 91
2025-03-07 20:07:37.962028: Current learning rate: 0.00115
2025-03-07 20:12:24.385394: train_loss -0.2336
2025-03-07 20:12:24.392667: val_loss -0.2688
2025-03-07 20:12:24.395652: Pseudo dice [0.8182, 0.7842, 0.867, 0.7784]
2025-03-07 20:12:24.398748: Epoch time: 286.43 s
2025-03-07 20:12:24.402638: Yayy! New best EMA pseudo Dice: 0.7836
2025-03-07 20:12:28.210870: 
2025-03-07 20:12:28.213175: Epoch 92
2025-03-07 20:12:28.215355: Current learning rate: 0.00103
2025-03-07 20:17:23.093843: train_loss -0.2463
2025-03-07 20:17:23.101739: val_loss -0.2686
2025-03-07 20:17:23.105028: Pseudo dice [0.8389, 0.7926, 0.8509, 0.7786]
2025-03-07 20:17:23.109697: Epoch time: 294.88 s
2025-03-07 20:17:23.112652: Yayy! New best EMA pseudo Dice: 0.7867
2025-03-07 20:17:26.962571: 
2025-03-07 20:17:26.967335: Epoch 93
2025-03-07 20:17:26.971093: Current learning rate: 0.00091
2025-03-07 20:22:21.920640: train_loss -0.2594
2025-03-07 20:22:21.927787: val_loss -0.2335
2025-03-07 20:22:21.931149: Pseudo dice [0.8373, 0.8189, 0.8421, 0.7174]
2025-03-07 20:22:21.934422: Epoch time: 294.96 s
2025-03-07 20:22:21.936978: Yayy! New best EMA pseudo Dice: 0.7885
2025-03-07 20:22:25.818837: 
2025-03-07 20:22:25.825252: Epoch 94
2025-03-07 20:22:25.831374: Current learning rate: 0.00079
2025-03-07 20:26:59.105406: train_loss -0.2611
2025-03-07 20:26:59.110264: val_loss -0.2785
2025-03-07 20:26:59.112925: Pseudo dice [0.8714, 0.7845, 0.8747, 0.7739]
2025-03-07 20:26:59.115587: Epoch time: 273.29 s
2025-03-07 20:26:59.119222: Yayy! New best EMA pseudo Dice: 0.7922
2025-03-07 20:27:03.231323: 
2025-03-07 20:27:03.234385: Epoch 95
2025-03-07 20:27:03.238493: Current learning rate: 0.00067
2025-03-07 20:32:02.650589: train_loss -0.2282
2025-03-07 20:32:02.662892: val_loss -0.2268
2025-03-07 20:32:02.667465: Pseudo dice [0.8756, 0.7454, 0.851, 0.6698]
2025-03-07 20:32:02.673172: Epoch time: 299.42 s
2025-03-07 20:32:04.319017: 
2025-03-07 20:32:04.322909: Epoch 96
2025-03-07 20:32:04.327718: Current learning rate: 0.00055
2025-03-07 20:37:12.800726: train_loss -0.2521
2025-03-07 20:37:12.808623: val_loss -0.2696
2025-03-07 20:37:12.812391: Pseudo dice [0.8905, 0.8329, 0.8771, 0.7864]
2025-03-07 20:37:12.816856: Epoch time: 308.48 s
2025-03-07 20:37:12.822256: Yayy! New best EMA pseudo Dice: 0.7971
2025-03-07 20:37:16.610485: 
2025-03-07 20:37:16.615768: Epoch 97
2025-03-07 20:37:16.622916: Current learning rate: 0.00043
2025-03-07 20:42:05.900431: train_loss -0.2641
2025-03-07 20:42:05.906611: val_loss -0.2358
2025-03-07 20:42:05.909289: Pseudo dice [0.8162, 0.8119, 0.8406, 0.741]
2025-03-07 20:42:05.911755: Epoch time: 289.29 s
2025-03-07 20:42:05.913735: Yayy! New best EMA pseudo Dice: 0.7976
2025-03-07 20:42:09.765383: 
2025-03-07 20:42:09.768497: Epoch 98
2025-03-07 20:42:09.771073: Current learning rate: 0.0003
2025-03-07 20:46:52.252737: train_loss -0.2482
2025-03-07 20:46:52.263484: val_loss -0.2816
2025-03-07 20:46:52.269472: Pseudo dice [0.8803, 0.821, 0.8558, 0.824]
2025-03-07 20:46:52.275140: Epoch time: 282.49 s
2025-03-07 20:46:52.280047: Yayy! New best EMA pseudo Dice: 0.8024
2025-03-07 20:46:56.134687: 
2025-03-07 20:46:56.138258: Epoch 99
2025-03-07 20:46:56.141921: Current learning rate: 0.00016
2025-03-07 20:51:45.074239: train_loss -0.2619
2025-03-07 20:51:45.079264: val_loss -0.2888
2025-03-07 20:51:45.082567: Pseudo dice [0.8786, 0.8051, 0.8774, 0.7552]
2025-03-07 20:51:45.085805: Epoch time: 288.94 s
2025-03-07 20:51:45.089397: Yayy! New best EMA pseudo Dice: 0.805
2025-03-07 20:51:51.354085: Training done.
