Starting at Thu 20 Feb 2025 12:02:44 AM GMT

############################
INFO: You are using the old nnU-Net default plans. We have updated our recommendations. Please consider using those instead! Read more here: https://github.com/MIC-DKFZ/nnUNet/blob/master/documentation/resenc_presets.md
############################

Using device: cuda:0

#######################################################################
Please cite the following paper when using nnU-Net:
Isensee, F., Jaeger, P. F., Kohl, S. A., Petersen, J., & Maier-Hein, K. H. (2021). nnU-Net: a self-configuring method for deep learning-based biomedical image segmentation. Nature methods, 18(2), 203-211.
#######################################################################

2025-02-20 00:03:00.474699: do_dummy_2d_data_aug: False
2025-02-20 00:03:00.485149: Creating new 5-fold cross-validation split...
2025-02-20 00:03:00.494368: Desired fold for training: 0
2025-02-20 00:03:00.496771: This split has 70 training and 18 validation cases.
using pin_memory on device 0
/home3/hghr96/miniconda3/envs/nnUnet/lib/python3.9/site-packages/torch/optim/lr_scheduler.py:62: UserWarning: The verbose parameter is deprecated. Please use get_last_lr() to access the learning rate.
  warnings.warn(
using pin_memory on device 0

This is the configuration used by this training:
Configuration name: 3d_fullres
 {'data_identifier': 'nnUNetPlans_3d_fullres', 'preprocessor_name': 'DefaultPreprocessor', 'batch_size': 2, 'patch_size': [112, 192, 112], 'median_image_size_in_voxels': [512.0, 834.0, 512.0], 'spacing': [0.78515625, 0.7000000476837158, 0.78515625], 'normalization_schemes': ['CTNormalization'], 'use_mask_for_norm': [False], 'resampling_fn_data': 'resample_data_or_seg_to_shape', 'resampling_fn_seg': 'resample_data_or_seg_to_shape', 'resampling_fn_data_kwargs': {'is_seg': False, 'order': 3, 'order_z': 0, 'force_separate_z': None}, 'resampling_fn_seg_kwargs': {'is_seg': True, 'order': 1, 'order_z': 0, 'force_separate_z': None}, 'resampling_fn_probabilities': 'resample_data_or_seg_to_shape', 'resampling_fn_probabilities_kwargs': {'is_seg': False, 'order': 1, 'order_z': 0, 'force_separate_z': None}, 'architecture': {'network_class_name': 'dynamic_network_architectures.architectures.unet.PlainConvUNet', 'arch_kwargs': {'n_stages': 6, 'features_per_stage': [32, 64, 128, 256, 320, 320], 'conv_op': 'torch.nn.modules.conv.Conv3d', 'kernel_sizes': [[3, 3, 3], [3, 3, 3], [3, 3, 3], [3, 3, 3], [3, 3, 3], [3, 3, 3]], 'strides': [[1, 1, 1], [2, 2, 2], [2, 2, 2], [2, 2, 2], [2, 2, 2], [1, 2, 1]], 'n_conv_per_stage': [2, 2, 2, 2, 2, 2], 'n_conv_per_stage_decoder': [2, 2, 2, 2, 2], 'conv_bias': True, 'norm_op': 'torch.nn.modules.instancenorm.InstanceNorm3d', 'norm_op_kwargs': {'eps': 1e-05, 'affine': True}, 'dropout_op': None, 'dropout_op_kwargs': None, 'nonlin': 'torch.nn.LeakyReLU', 'nonlin_kwargs': {'inplace': True}}, '_kw_requires_import': ['conv_op', 'norm_op', 'dropout_op', 'nonlin']}, 'batch_dice': True} 

These are the global plan.json settings:
 {'dataset_name': 'Dataset501_AD', 'plans_name': 'nnUNetPlans', 'original_median_spacing_after_transp': [0.78515625, 0.7000000476837158, 0.78515625], 'original_median_shape_after_transp': [512, 800, 512], 'image_reader_writer': 'SimpleITKIO', 'transpose_forward': [1, 0, 2], 'transpose_backward': [1, 0, 2], 'experiment_planner_used': 'ExperimentPlanner', 'label_manager': 'LabelManager', 'foreground_intensity_properties_per_channel': {'0': {'max': 3071.0, 'mean': 161.64767456054688, 'median': 182.0, 'min': -1103.0, 'percentile_00_5': -840.0, 'percentile_99_5': 778.0, 'std': 241.90689086914062}}} 

2025-02-20 00:03:46.468260: unpacking dataset...
2025-02-20 00:28:46.028929: unpacking done...
2025-02-20 00:28:46.054746: Unable to plot network architecture:
2025-02-20 00:28:46.056650: No module named 'hiddenlayer'
2025-02-20 00:28:46.140737: 
2025-02-20 00:28:46.143654: Epoch 0
2025-02-20 00:28:46.146587: Current learning rate: 0.01
2025-02-20 00:37:47.079139: train_loss 0.4545
2025-02-20 00:37:47.090306: val_loss 0.371
2025-02-20 00:37:47.095250: Pseudo dice [0.0, 0.0, 0.0, 0.0]
2025-02-20 00:37:47.100291: Epoch time: 540.94 s
2025-02-20 00:37:47.104897: Yayy! New best EMA pseudo Dice: 0.0
2025-02-20 00:37:50.686792: 
2025-02-20 00:37:50.689390: Epoch 1
2025-02-20 00:37:50.691700: Current learning rate: 0.00991
2025-02-20 00:43:58.896490: train_loss 0.3402
2025-02-20 00:43:58.907590: val_loss 0.3913
2025-02-20 00:43:58.914154: Pseudo dice [0.0, 0.0, 0.0, 0.0]
2025-02-20 00:43:58.920529: Epoch time: 368.21 s
2025-02-20 00:44:01.490272: 
2025-02-20 00:44:01.492946: Epoch 2
2025-02-20 00:44:01.495060: Current learning rate: 0.00982
2025-02-20 00:48:37.345534: train_loss 0.31
2025-02-20 00:48:37.357045: val_loss 0.3431
2025-02-20 00:48:37.363608: Pseudo dice [0.0, 0.0, 0.0, 0.0]
2025-02-20 00:48:37.369691: Epoch time: 275.86 s
2025-02-20 00:48:38.780898: 
2025-02-20 00:48:38.785825: Epoch 3
2025-02-20 00:48:38.791982: Current learning rate: 0.00973
2025-02-20 00:52:47.267343: train_loss 0.3078
2025-02-20 00:52:47.278739: val_loss 0.3334
2025-02-20 00:52:47.283435: Pseudo dice [0.0, 0.0, 0.2237, 0.0]
2025-02-20 00:52:47.288984: Epoch time: 248.49 s
2025-02-20 00:52:47.293116: Yayy! New best EMA pseudo Dice: 0.0056
2025-02-20 00:52:51.067468: 
2025-02-20 00:52:51.073518: Epoch 4
2025-02-20 00:52:51.079863: Current learning rate: 0.00964
2025-02-20 00:57:38.610039: train_loss 0.2965
2025-02-20 00:57:38.618745: val_loss 0.2728
2025-02-20 00:57:38.625095: Pseudo dice [0.0, 0.0, 0.2625, 0.0]
2025-02-20 00:57:38.630539: Epoch time: 287.54 s
2025-02-20 00:57:38.636177: Yayy! New best EMA pseudo Dice: 0.0116
2025-02-20 00:57:42.413543: 
2025-02-20 00:57:42.418035: Epoch 5
2025-02-20 00:57:42.423396: Current learning rate: 0.00955
2025-02-20 01:02:20.649678: train_loss 0.26
2025-02-20 01:02:20.663776: val_loss 0.2677
2025-02-20 01:02:20.668364: Pseudo dice [0.0, 0.0099, 0.3374, 0.0]
2025-02-20 01:02:20.674019: Epoch time: 278.24 s
2025-02-20 01:02:20.677855: Yayy! New best EMA pseudo Dice: 0.0191
2025-02-20 01:02:24.613401: 
2025-02-20 01:02:24.616232: Epoch 6
2025-02-20 01:02:24.619534: Current learning rate: 0.00946
2025-02-20 01:06:48.510204: train_loss 0.2496
2025-02-20 01:06:48.522475: val_loss 0.196
2025-02-20 01:06:48.529188: Pseudo dice [0.0, 0.0, 0.4198, 0.0408]
2025-02-20 01:06:48.535177: Epoch time: 263.9 s
2025-02-20 01:06:48.541578: Yayy! New best EMA pseudo Dice: 0.0287
2025-02-20 01:06:52.319258: 
2025-02-20 01:06:52.321413: Epoch 7
2025-02-20 01:06:52.322788: Current learning rate: 0.00937
2025-02-20 01:11:37.295394: train_loss 0.2278
2025-02-20 01:11:37.305495: val_loss 0.2177
2025-02-20 01:11:37.308514: Pseudo dice [0.0, 0.0, 0.3272, 0.2116]
2025-02-20 01:11:37.312531: Epoch time: 284.98 s
2025-02-20 01:11:37.315992: Yayy! New best EMA pseudo Dice: 0.0393
2025-02-20 01:11:41.185572: 
2025-02-20 01:11:41.187903: Epoch 8
2025-02-20 01:11:41.190339: Current learning rate: 0.00928
2025-02-20 01:16:30.254477: train_loss 0.2035
2025-02-20 01:16:30.264235: val_loss 0.2126
2025-02-20 01:16:30.270585: Pseudo dice [0.0, 0.0, 0.3484, 0.1834]
2025-02-20 01:16:30.276963: Epoch time: 289.07 s
2025-02-20 01:16:30.283044: Yayy! New best EMA pseudo Dice: 0.0487
2025-02-20 01:16:36.109684: 
2025-02-20 01:16:36.115680: Epoch 9
2025-02-20 01:16:36.122073: Current learning rate: 0.00919
2025-02-20 01:21:02.616224: train_loss 0.2044
2025-02-20 01:21:02.629001: val_loss 0.2155
2025-02-20 01:21:02.635496: Pseudo dice [0.0, 0.2188, 0.0, 0.3354]
2025-02-20 01:21:02.641987: Epoch time: 266.51 s
2025-02-20 01:21:02.647815: Yayy! New best EMA pseudo Dice: 0.0577
2025-02-20 01:21:06.648049: 
2025-02-20 01:21:06.654321: Epoch 10
2025-02-20 01:21:06.658052: Current learning rate: 0.0091
2025-02-20 01:25:22.002360: train_loss 0.1623
2025-02-20 01:25:22.012854: val_loss 0.2201
2025-02-20 01:25:22.017074: Pseudo dice [0.0, 0.0836, 0.3113, 0.4047]
2025-02-20 01:25:22.020936: Epoch time: 255.36 s
2025-02-20 01:25:22.024879: Yayy! New best EMA pseudo Dice: 0.0719
2025-02-20 01:25:25.707670: 
2025-02-20 01:25:25.714719: Epoch 11
2025-02-20 01:25:25.720358: Current learning rate: 0.009
2025-02-20 01:30:16.252839: train_loss 0.1813
2025-02-20 01:30:16.265270: val_loss 0.2351
2025-02-20 01:30:16.271128: Pseudo dice [0.0, 0.2786, 0.3425, 0.0014]
2025-02-20 01:30:16.276082: Epoch time: 290.55 s
2025-02-20 01:30:16.280754: Yayy! New best EMA pseudo Dice: 0.0803
2025-02-20 01:30:20.083983: 
2025-02-20 01:30:20.086719: Epoch 12
2025-02-20 01:30:20.089309: Current learning rate: 0.00891
2025-02-20 01:34:42.381183: train_loss 0.1479
2025-02-20 01:34:42.395603: val_loss 0.1857
2025-02-20 01:34:42.401962: Pseudo dice [0.0, 0.0742, 0.4144, 0.5602]
2025-02-20 01:34:42.408186: Epoch time: 262.3 s
2025-02-20 01:34:42.414459: Yayy! New best EMA pseudo Dice: 0.0985
2025-02-20 01:34:46.268142: 
2025-02-20 01:34:46.270776: Epoch 13
2025-02-20 01:34:46.272997: Current learning rate: 0.00882
2025-02-20 01:39:16.783464: train_loss 0.1157
2025-02-20 01:39:16.790259: val_loss 0.1477
2025-02-20 01:39:16.794918: Pseudo dice [0.0, 0.0042, 0.4787, 0.5827]
2025-02-20 01:39:16.798923: Epoch time: 270.52 s
2025-02-20 01:39:16.802829: Yayy! New best EMA pseudo Dice: 0.1153
2025-02-20 01:39:20.591139: 
2025-02-20 01:39:20.593356: Epoch 14
2025-02-20 01:39:20.596290: Current learning rate: 0.00873
2025-02-20 01:43:57.185927: train_loss 0.1029
2025-02-20 01:43:57.198926: val_loss 0.1471
2025-02-20 01:43:57.206522: Pseudo dice [0.0002, 0.4047, 0.3086, 0.4903]
2025-02-20 01:43:57.212322: Epoch time: 276.6 s
2025-02-20 01:43:57.217734: Yayy! New best EMA pseudo Dice: 0.1338
2025-02-20 01:44:03.091521: 
2025-02-20 01:44:03.093951: Epoch 15
2025-02-20 01:44:03.096921: Current learning rate: 0.00864
2025-02-20 01:48:56.194318: train_loss 0.1204
2025-02-20 01:48:56.200144: val_loss 0.1522
2025-02-20 01:48:56.207573: Pseudo dice [0.0, 0.2443, 0.4502, 0.4935]
2025-02-20 01:48:56.211530: Epoch time: 293.1 s
2025-02-20 01:48:56.215090: Yayy! New best EMA pseudo Dice: 0.1501
2025-02-20 01:49:01.797460: 
2025-02-20 01:49:01.801197: Epoch 16
2025-02-20 01:49:01.803954: Current learning rate: 0.00855
2025-02-20 01:53:38.594083: train_loss 0.0957
2025-02-20 01:53:38.604611: val_loss 0.0854
2025-02-20 01:53:38.609744: Pseudo dice [0.1355, 0.2022, 0.4945, 0.5495]
2025-02-20 01:53:38.615077: Epoch time: 276.8 s
2025-02-20 01:53:38.620561: Yayy! New best EMA pseudo Dice: 0.1697
2025-02-20 01:53:42.484211: 
2025-02-20 01:53:42.488033: Epoch 17
2025-02-20 01:53:42.492587: Current learning rate: 0.00846
2025-02-20 01:57:56.953730: train_loss 0.0976
2025-02-20 01:57:56.968689: val_loss 0.0867
2025-02-20 01:57:56.975619: Pseudo dice [0.0223, 0.3215, 0.628, 0.3467]
2025-02-20 01:57:56.980952: Epoch time: 254.47 s
2025-02-20 01:57:56.985043: Yayy! New best EMA pseudo Dice: 0.1857
2025-02-20 01:58:00.878138: 
2025-02-20 01:58:00.882691: Epoch 18
2025-02-20 01:58:00.888260: Current learning rate: 0.00836
2025-02-20 02:02:22.549342: train_loss 0.0664
2025-02-20 02:02:22.556022: val_loss 0.1407
2025-02-20 02:02:22.559332: Pseudo dice [0.0, 0.2759, 0.5385, 0.3212]
2025-02-20 02:02:22.561895: Epoch time: 261.67 s
2025-02-20 02:02:22.564599: Yayy! New best EMA pseudo Dice: 0.1955
2025-02-20 02:02:26.402146: 
2025-02-20 02:02:26.408684: Epoch 19
2025-02-20 02:02:26.414986: Current learning rate: 0.00827
2025-02-20 02:07:06.893218: train_loss 0.0533
2025-02-20 02:07:06.901239: val_loss 0.1481
2025-02-20 02:07:06.904759: Pseudo dice [0.0004, 0.2555, 0.5845, 0.564]
2025-02-20 02:07:06.908026: Epoch time: 280.49 s
2025-02-20 02:07:06.911421: Yayy! New best EMA pseudo Dice: 0.211
2025-02-20 02:07:10.764674: 
2025-02-20 02:07:10.767531: Epoch 20
2025-02-20 02:07:10.768991: Current learning rate: 0.00818
2025-02-20 02:11:51.412705: train_loss 0.0439
2025-02-20 02:11:51.427645: val_loss 0.0515
2025-02-20 02:11:51.439067: Pseudo dice [0.0734, 0.2216, 0.5927, 0.4715]
2025-02-20 02:11:51.444587: Epoch time: 280.65 s
2025-02-20 02:11:51.451552: Yayy! New best EMA pseudo Dice: 0.2239
2025-02-20 02:11:57.342743: 
2025-02-20 02:11:57.347331: Epoch 21
2025-02-20 02:11:57.352850: Current learning rate: 0.00809
2025-02-20 02:16:16.499495: train_loss 0.0352
2025-02-20 02:16:16.511336: val_loss 0.0801
2025-02-20 02:16:16.517750: Pseudo dice [0.0, 0.445, 0.578, 0.0822]
2025-02-20 02:16:16.523849: Epoch time: 259.16 s
2025-02-20 02:16:16.530257: Yayy! New best EMA pseudo Dice: 0.2292
2025-02-20 02:16:20.358552: 
2025-02-20 02:16:20.363792: Epoch 22
2025-02-20 02:16:20.368609: Current learning rate: 0.008
2025-02-20 02:21:00.027289: train_loss 0.0366
2025-02-20 02:21:00.039760: val_loss 0.0847
2025-02-20 02:21:00.045198: Pseudo dice [0.0432, 0.4435, 0.3047, 0.3811]
2025-02-20 02:21:00.050340: Epoch time: 279.67 s
2025-02-20 02:21:00.055775: Yayy! New best EMA pseudo Dice: 0.2356
2025-02-20 02:21:04.022048: 
2025-02-20 02:21:04.026397: Epoch 23
2025-02-20 02:21:04.031609: Current learning rate: 0.0079
2025-02-20 02:25:40.745645: train_loss 0.0368
2025-02-20 02:25:40.757154: val_loss 0.0518
2025-02-20 02:25:40.762316: Pseudo dice [0.0, 0.4753, 0.509, 0.4457]
2025-02-20 02:25:40.767629: Epoch time: 276.72 s
2025-02-20 02:25:40.770966: Yayy! New best EMA pseudo Dice: 0.2478
2025-02-20 02:25:44.520008: 
2025-02-20 02:25:44.524484: Epoch 24
2025-02-20 02:25:44.526545: Current learning rate: 0.00781
2025-02-20 02:30:38.639053: train_loss 0.0327
2025-02-20 02:30:38.650988: val_loss 0.0046
2025-02-20 02:30:38.655809: Pseudo dice [0.1298, 0.4738, 0.5459, 0.4804]
2025-02-20 02:30:38.660616: Epoch time: 294.12 s
2025-02-20 02:30:38.666474: Yayy! New best EMA pseudo Dice: 0.2637
2025-02-20 02:30:42.492330: 
2025-02-20 02:30:42.499576: Epoch 25
2025-02-20 02:30:42.503811: Current learning rate: 0.00772
2025-02-20 02:35:13.851169: train_loss 0.0254
2025-02-20 02:35:13.857040: val_loss 0.0796
2025-02-20 02:35:13.861835: Pseudo dice [0.0557, 0.4623, 0.4713, 0.4368]
2025-02-20 02:35:13.866017: Epoch time: 271.36 s
2025-02-20 02:35:13.868818: Yayy! New best EMA pseudo Dice: 0.273
2025-02-20 02:35:17.747755: 
2025-02-20 02:35:17.755070: Epoch 26
2025-02-20 02:35:17.760618: Current learning rate: 0.00763
2025-02-20 02:39:50.298883: train_loss 0.0065
2025-02-20 02:39:50.305102: val_loss 0.0115
2025-02-20 02:39:50.307987: Pseudo dice [0.0, 0.3492, 0.5783, 0.552]
2025-02-20 02:39:50.310703: Epoch time: 272.55 s
2025-02-20 02:39:50.313265: Yayy! New best EMA pseudo Dice: 0.2827
2025-02-20 02:39:54.332179: 
2025-02-20 02:39:54.335618: Epoch 27
2025-02-20 02:39:54.340043: Current learning rate: 0.00753
2025-02-20 02:44:13.365021: train_loss -0.0313
2025-02-20 02:44:13.371490: val_loss 0.0048
2025-02-20 02:44:13.375848: Pseudo dice [0.0077, 0.4303, 0.6023, 0.4806]
2025-02-20 02:44:13.378276: Epoch time: 259.03 s
2025-02-20 02:44:13.381057: Yayy! New best EMA pseudo Dice: 0.2924
2025-02-20 02:44:17.086133: 
2025-02-20 02:44:17.091210: Epoch 28
2025-02-20 02:44:17.096769: Current learning rate: 0.00744
2025-02-20 02:48:49.345626: train_loss -0.009
2025-02-20 02:48:49.365933: val_loss 0.0558
2025-02-20 02:48:49.378757: Pseudo dice [0.2091, 0.4536, 0.5217, 0.5309]
2025-02-20 02:48:49.383347: Epoch time: 272.26 s
2025-02-20 02:48:49.386763: Yayy! New best EMA pseudo Dice: 0.3061
2025-02-20 02:48:55.492404: 
2025-02-20 02:48:55.496644: Epoch 29
2025-02-20 02:48:55.504560: Current learning rate: 0.00735
2025-02-20 02:53:28.716579: train_loss -0.0029
2025-02-20 02:53:28.725461: val_loss 0.0212
2025-02-20 02:53:28.729693: Pseudo dice [0.2042, 0.4996, 0.688, 0.5376]
2025-02-20 02:53:28.733834: Epoch time: 273.23 s
2025-02-20 02:53:28.737805: Yayy! New best EMA pseudo Dice: 0.3237
2025-02-20 02:53:32.671525: 
2025-02-20 02:53:32.674486: Epoch 30
2025-02-20 02:53:32.676516: Current learning rate: 0.00725
2025-02-20 02:57:36.322825: train_loss -0.0239
2025-02-20 02:57:36.331579: val_loss 0.0426
2025-02-20 02:57:36.335841: Pseudo dice [0.2897, 0.487, 0.4444, 0.5005]
2025-02-20 02:57:36.342473: Epoch time: 243.65 s
2025-02-20 02:57:36.348061: Yayy! New best EMA pseudo Dice: 0.3344
2025-02-20 02:57:40.261766: 
2025-02-20 02:57:40.268443: Epoch 31
2025-02-20 02:57:40.272378: Current learning rate: 0.00716
2025-02-20 03:02:02.898797: train_loss -0.0395
2025-02-20 03:02:02.910217: val_loss 0.0343
2025-02-20 03:02:02.914004: Pseudo dice [0.0046, 0.5044, 0.5915, 0.4109]
2025-02-20 03:02:02.917791: Epoch time: 262.64 s
2025-02-20 03:02:02.924331: Yayy! New best EMA pseudo Dice: 0.3387
2025-02-20 03:02:06.761394: 
2025-02-20 03:02:06.766455: Epoch 32
2025-02-20 03:02:06.772423: Current learning rate: 0.00707
2025-02-20 03:06:30.806719: train_loss -0.011
2025-02-20 03:06:30.818693: val_loss 0.0398
2025-02-20 03:06:30.824053: Pseudo dice [0.1222, 0.5557, 0.5905, 0.5259]
2025-02-20 03:06:30.829377: Epoch time: 264.05 s
2025-02-20 03:06:30.834929: Yayy! New best EMA pseudo Dice: 0.3497
2025-02-20 03:06:34.922086: 
2025-02-20 03:06:34.926229: Epoch 33
2025-02-20 03:06:34.928225: Current learning rate: 0.00697
2025-02-20 03:11:18.593080: train_loss -0.0381
2025-02-20 03:11:18.601501: val_loss 0.088
2025-02-20 03:11:18.607080: Pseudo dice [0.2367, 0.4516, 0.7002, 0.344]
2025-02-20 03:11:18.613140: Epoch time: 283.67 s
2025-02-20 03:11:18.618719: Yayy! New best EMA pseudo Dice: 0.358
2025-02-20 03:11:22.788419: 
2025-02-20 03:11:22.796685: Epoch 34
2025-02-20 03:11:22.803467: Current learning rate: 0.00688
2025-02-20 03:16:04.200137: train_loss -0.0304
2025-02-20 03:16:04.211992: val_loss 0.001
2025-02-20 03:16:04.217761: Pseudo dice [0.0991, 0.5223, 0.7317, 0.3803]
2025-02-20 03:16:04.221149: Epoch time: 281.41 s
2025-02-20 03:16:04.226834: Yayy! New best EMA pseudo Dice: 0.3656
2025-02-20 03:16:10.106694: 
2025-02-20 03:16:10.109087: Epoch 35
2025-02-20 03:16:10.111097: Current learning rate: 0.00679
2025-02-20 03:20:32.898067: train_loss -0.0565
2025-02-20 03:20:32.903831: val_loss 0.0632
2025-02-20 03:20:32.909641: Pseudo dice [0.4675, 0.5339, 0.6992, 0.3825]
2025-02-20 03:20:32.916084: Epoch time: 262.79 s
2025-02-20 03:20:32.921301: Yayy! New best EMA pseudo Dice: 0.3811
2025-02-20 03:20:37.068189: 
2025-02-20 03:20:37.074892: Epoch 36
2025-02-20 03:20:37.080505: Current learning rate: 0.00669
2025-02-20 03:25:16.860641: train_loss -0.0548
2025-02-20 03:25:16.873128: val_loss 0.0076
2025-02-20 03:25:16.877241: Pseudo dice [0.3604, 0.4836, 0.6958, 0.537]
2025-02-20 03:25:16.880904: Epoch time: 279.79 s
2025-02-20 03:25:16.887066: Yayy! New best EMA pseudo Dice: 0.3949
2025-02-20 03:25:20.770867: 
2025-02-20 03:25:20.774065: Epoch 37
2025-02-20 03:25:20.776851: Current learning rate: 0.0066
2025-02-20 03:30:05.831532: train_loss -0.0603
2025-02-20 03:30:05.840199: val_loss 0.0365
2025-02-20 03:30:05.843166: Pseudo dice [0.391, 0.5612, 0.6513, 0.4752]
2025-02-20 03:30:05.845592: Epoch time: 285.06 s
2025-02-20 03:30:05.849831: Yayy! New best EMA pseudo Dice: 0.4074
2025-02-20 03:30:09.770662: 
2025-02-20 03:30:09.775765: Epoch 38
2025-02-20 03:30:09.815133: Current learning rate: 0.0065
2025-02-20 03:34:46.401740: train_loss -0.0579
2025-02-20 03:34:46.410833: val_loss 0.0042
2025-02-20 03:34:46.413588: Pseudo dice [0.1165, 0.338, 0.683, 0.5321]
2025-02-20 03:34:46.419011: Epoch time: 276.63 s
2025-02-20 03:34:46.422105: Yayy! New best EMA pseudo Dice: 0.4084
2025-02-20 03:34:50.324069: 
2025-02-20 03:34:50.330128: Epoch 39
2025-02-20 03:34:50.335531: Current learning rate: 0.00641
2025-02-20 03:39:21.691182: train_loss -0.0477
2025-02-20 03:39:21.696205: val_loss -0.0087
2025-02-20 03:39:21.699364: Pseudo dice [0.3703, 0.6087, 0.5794, 0.5246]
2025-02-20 03:39:21.705687: Epoch time: 271.37 s
2025-02-20 03:39:21.711961: Yayy! New best EMA pseudo Dice: 0.4196
2025-02-20 03:39:25.575636: 
2025-02-20 03:39:25.582883: Epoch 40
2025-02-20 03:39:25.590970: Current learning rate: 0.00631
2025-02-20 03:44:05.436502: train_loss -0.0772
2025-02-20 03:44:05.442841: val_loss -0.0038
2025-02-20 03:44:05.446094: Pseudo dice [0.3166, 0.5359, 0.6776, 0.5653]
2025-02-20 03:44:05.448477: Epoch time: 279.86 s
2025-02-20 03:44:05.453767: Yayy! New best EMA pseudo Dice: 0.43
2025-02-20 03:44:09.392912: 
2025-02-20 03:44:09.399758: Epoch 41
2025-02-20 03:44:09.404647: Current learning rate: 0.00622
2025-02-20 03:48:36.623650: train_loss -0.0872
2025-02-20 03:48:36.637853: val_loss 0.0218
2025-02-20 03:48:36.644340: Pseudo dice [0.4418, 0.5584, 0.5254, 0.4396]
2025-02-20 03:48:36.649968: Epoch time: 267.23 s
2025-02-20 03:48:36.655470: Yayy! New best EMA pseudo Dice: 0.4362
2025-02-20 03:48:42.510938: 
2025-02-20 03:48:42.514465: Epoch 42
2025-02-20 03:48:42.517005: Current learning rate: 0.00612
2025-02-20 03:52:59.215214: train_loss -0.0864
2025-02-20 03:52:59.227466: val_loss -0.0109
2025-02-20 03:52:59.233838: Pseudo dice [0.3298, 0.6232, 0.7104, 0.5537]
2025-02-20 03:52:59.240155: Epoch time: 256.71 s
2025-02-20 03:52:59.246316: Yayy! New best EMA pseudo Dice: 0.448
2025-02-20 03:53:03.103626: 
2025-02-20 03:53:03.108277: Epoch 43
2025-02-20 03:53:03.112253: Current learning rate: 0.00603
2025-02-20 03:57:44.358186: train_loss -0.0584
2025-02-20 03:57:44.365406: val_loss -0.0742
2025-02-20 03:57:44.369961: Pseudo dice [0.4606, 0.512, 0.6379, 0.6251]
2025-02-20 03:57:44.373400: Epoch time: 281.26 s
2025-02-20 03:57:44.378225: Yayy! New best EMA pseudo Dice: 0.4591
2025-02-20 03:57:48.215589: 
2025-02-20 03:57:48.222820: Epoch 44
2025-02-20 03:57:48.227243: Current learning rate: 0.00593
2025-02-20 04:02:18.709464: train_loss -0.0637
2025-02-20 04:02:18.716266: val_loss 0.0239
2025-02-20 04:02:18.720763: Pseudo dice [0.4435, 0.5582, 0.7079, 0.4691]
2025-02-20 04:02:18.723402: Epoch time: 270.49 s
2025-02-20 04:02:18.727719: Yayy! New best EMA pseudo Dice: 0.4676
2025-02-20 04:02:22.883960: 
2025-02-20 04:02:22.890630: Epoch 45
2025-02-20 04:02:22.897319: Current learning rate: 0.00584
2025-02-20 04:07:02.881808: train_loss -0.0613
2025-02-20 04:07:02.891106: val_loss -0.0218
2025-02-20 04:07:02.895272: Pseudo dice [0.3936, 0.542, 0.6426, 0.6161]
2025-02-20 04:07:02.899376: Epoch time: 280.0 s
2025-02-20 04:07:02.904122: Yayy! New best EMA pseudo Dice: 0.4757
2025-02-20 04:07:06.998054: 
2025-02-20 04:07:07.001599: Epoch 46
2025-02-20 04:07:07.004514: Current learning rate: 0.00574
2025-02-20 04:12:06.800551: train_loss -0.0661
2025-02-20 04:12:06.810958: val_loss -0.07
2025-02-20 04:12:06.814960: Pseudo dice [0.501, 0.5741, 0.7345, 0.7009]
2025-02-20 04:12:06.819180: Epoch time: 299.8 s
2025-02-20 04:12:06.822961: Yayy! New best EMA pseudo Dice: 0.4909
2025-02-20 04:12:10.756183: 
2025-02-20 04:12:10.761354: Epoch 47
2025-02-20 04:12:10.768483: Current learning rate: 0.00565
2025-02-20 04:16:46.465651: train_loss -0.0779
2025-02-20 04:16:46.476375: val_loss -0.1325
2025-02-20 04:16:46.482811: Pseudo dice [0.5689, 0.5361, 0.7611, 0.6382]
2025-02-20 04:16:46.489124: Epoch time: 275.71 s
2025-02-20 04:16:46.496094: Yayy! New best EMA pseudo Dice: 0.5044
2025-02-20 04:16:50.659944: 
2025-02-20 04:16:50.665642: Epoch 48
2025-02-20 04:16:50.670007: Current learning rate: 0.00555
2025-02-20 04:21:32.476697: train_loss -0.093
2025-02-20 04:21:32.489304: val_loss -0.0083
2025-02-20 04:21:32.495531: Pseudo dice [0.6003, 0.557, 0.7687, 0.5605]
2025-02-20 04:21:32.501504: Epoch time: 281.82 s
2025-02-20 04:21:32.507631: Yayy! New best EMA pseudo Dice: 0.5162
2025-02-20 04:21:38.395077: 
2025-02-20 04:21:38.397952: Epoch 49
2025-02-20 04:21:38.400278: Current learning rate: 0.00546
2025-02-20 04:26:14.329854: train_loss -0.1228
2025-02-20 04:26:14.341437: val_loss -0.0772
2025-02-20 04:26:14.346673: Pseudo dice [0.5187, 0.639, 0.6831, 0.6214]
2025-02-20 04:26:14.351124: Epoch time: 275.94 s
2025-02-20 04:26:16.713466: Yayy! New best EMA pseudo Dice: 0.5261
2025-02-20 04:26:20.501667: 
2025-02-20 04:26:20.507083: Epoch 50
2025-02-20 04:26:20.512511: Current learning rate: 0.00536
2025-02-20 04:30:57.535142: train_loss -0.1052
2025-02-20 04:30:57.547776: val_loss 0.0052
2025-02-20 04:30:57.553445: Pseudo dice [0.5475, 0.4916, 0.6508, 0.578]
2025-02-20 04:30:57.558870: Epoch time: 277.04 s
2025-02-20 04:30:57.564087: Yayy! New best EMA pseudo Dice: 0.5302
2025-02-20 04:31:01.651680: 
2025-02-20 04:31:01.655908: Epoch 51
2025-02-20 04:31:01.662444: Current learning rate: 0.00526
2025-02-20 04:35:41.577851: train_loss -0.106
2025-02-20 04:35:41.584964: val_loss -0.0916
2025-02-20 04:35:41.589106: Pseudo dice [0.6512, 0.5944, 0.8301, 0.6783]
2025-02-20 04:35:41.594126: Epoch time: 279.93 s
2025-02-20 04:35:41.598204: Yayy! New best EMA pseudo Dice: 0.546
2025-02-20 04:35:45.836018: 
2025-02-20 04:35:45.838486: Epoch 52
2025-02-20 04:35:45.840621: Current learning rate: 0.00517
2025-02-20 04:40:38.048655: train_loss -0.1295
2025-02-20 04:40:38.053972: val_loss 0.0029
2025-02-20 04:40:38.056211: Pseudo dice [0.0748, 0.5266, 0.6504, 0.6516]
2025-02-20 04:40:38.058412: Epoch time: 292.21 s
2025-02-20 04:40:39.575685: 
2025-02-20 04:40:39.581141: Epoch 53
2025-02-20 04:40:39.586849: Current learning rate: 0.00507
2025-02-20 04:45:16.467886: train_loss -0.1175
2025-02-20 04:45:16.475719: val_loss -0.0966
2025-02-20 04:45:16.477998: Pseudo dice [0.6287, 0.6523, 0.7563, 0.6127]
2025-02-20 04:45:16.480094: Epoch time: 276.89 s
2025-02-20 04:45:16.482845: Yayy! New best EMA pseudo Dice: 0.5513
2025-02-20 04:45:20.403572: 
2025-02-20 04:45:20.406861: Epoch 54
2025-02-20 04:45:20.409223: Current learning rate: 0.00497
2025-02-20 04:49:59.405392: train_loss -0.1288
2025-02-20 04:49:59.414186: val_loss -0.0947
2025-02-20 04:49:59.418872: Pseudo dice [0.5966, 0.6935, 0.7844, 0.5735]
2025-02-20 04:49:59.422627: Epoch time: 279.0 s
2025-02-20 04:49:59.426807: Yayy! New best EMA pseudo Dice: 0.5624
2025-02-20 04:50:03.474720: 
2025-02-20 04:50:03.480439: Epoch 55
2025-02-20 04:50:03.486231: Current learning rate: 0.00487
2025-02-20 04:54:37.949872: train_loss -0.1343
2025-02-20 04:54:37.958312: val_loss -0.031
2025-02-20 04:54:37.961413: Pseudo dice [0.4882, 0.6386, 0.7281, 0.5834]
2025-02-20 04:54:37.965051: Epoch time: 274.48 s
2025-02-20 04:54:37.968231: Yayy! New best EMA pseudo Dice: 0.5671
2025-02-20 04:54:43.939206: 
2025-02-20 04:54:43.948257: Epoch 56
2025-02-20 04:54:43.952979: Current learning rate: 0.00478
2025-02-20 04:59:15.770570: train_loss -0.1168
2025-02-20 04:59:15.782190: val_loss -0.0216
2025-02-20 04:59:15.786928: Pseudo dice [0.7107, 0.568, 0.7507, 0.5801]
2025-02-20 04:59:15.793620: Epoch time: 271.83 s
2025-02-20 04:59:15.800076: Yayy! New best EMA pseudo Dice: 0.5757
2025-02-20 04:59:19.925824: 
2025-02-20 04:59:19.931760: Epoch 57
2025-02-20 04:59:19.938398: Current learning rate: 0.00468
2025-02-20 05:04:04.236615: train_loss -0.1286
2025-02-20 05:04:04.244880: val_loss -0.074
2025-02-20 05:04:04.248983: Pseudo dice [0.5407, 0.7215, 0.7224, 0.6003]
2025-02-20 05:04:04.254758: Epoch time: 284.31 s
2025-02-20 05:04:04.260668: Yayy! New best EMA pseudo Dice: 0.5827
2025-02-20 05:04:08.127893: 
2025-02-20 05:04:08.133276: Epoch 58
2025-02-20 05:04:08.138077: Current learning rate: 0.00458
2025-02-20 05:08:54.560977: train_loss -0.1287
2025-02-20 05:08:54.573533: val_loss -0.0533
2025-02-20 05:08:54.578642: Pseudo dice [0.5819, 0.7223, 0.7778, 0.6627]
2025-02-20 05:08:54.583563: Epoch time: 286.43 s
2025-02-20 05:08:54.588905: Yayy! New best EMA pseudo Dice: 0.5931
2025-02-20 05:08:58.779952: 
2025-02-20 05:08:58.785148: Epoch 59
2025-02-20 05:08:58.792158: Current learning rate: 0.00448
2025-02-20 05:13:39.820700: train_loss -0.1443
2025-02-20 05:13:39.837049: val_loss -0.1324
2025-02-20 05:13:39.844930: Pseudo dice [0.7575, 0.6588, 0.7604, 0.6284]
2025-02-20 05:13:39.851576: Epoch time: 281.04 s
2025-02-20 05:13:39.859367: Yayy! New best EMA pseudo Dice: 0.6039
2025-02-20 05:13:43.812925: 
2025-02-20 05:13:43.820557: Epoch 60
2025-02-20 05:13:43.830498: Current learning rate: 0.00438
2025-02-20 05:18:14.137999: train_loss -0.1702
2025-02-20 05:18:14.148484: val_loss -0.119
2025-02-20 05:18:14.153252: Pseudo dice [0.5053, 0.6713, 0.7468, 0.6969]
2025-02-20 05:18:14.158923: Epoch time: 270.33 s
2025-02-20 05:18:14.163508: Yayy! New best EMA pseudo Dice: 0.609
2025-02-20 05:18:18.024773: 
2025-02-20 05:18:18.029757: Epoch 61
2025-02-20 05:18:18.033585: Current learning rate: 0.00429
2025-02-20 05:22:51.377463: train_loss -0.1547
2025-02-20 05:22:51.391275: val_loss -0.0003
2025-02-20 05:22:51.396145: Pseudo dice [0.5884, 0.5771, 0.6952, 0.6105]
2025-02-20 05:22:51.402362: Epoch time: 273.35 s
2025-02-20 05:22:51.408013: Yayy! New best EMA pseudo Dice: 0.6099
2025-02-20 05:22:55.207392: 
2025-02-20 05:22:55.212586: Epoch 62
2025-02-20 05:22:55.217847: Current learning rate: 0.00419
2025-02-20 05:27:47.895842: train_loss -0.1758
2025-02-20 05:27:47.913946: val_loss -0.0752
2025-02-20 05:27:47.920197: Pseudo dice [0.5718, 0.5984, 0.8105, 0.6756]
2025-02-20 05:27:47.926653: Epoch time: 292.69 s
2025-02-20 05:27:47.932613: Yayy! New best EMA pseudo Dice: 0.6153
2025-02-20 05:27:54.135994: 
2025-02-20 05:27:54.142576: Epoch 63
2025-02-20 05:27:54.148009: Current learning rate: 0.00409
2025-02-20 05:32:28.996501: train_loss -0.1687
2025-02-20 05:32:29.006946: val_loss -0.1053
2025-02-20 05:32:29.011375: Pseudo dice [0.4786, 0.7138, 0.7624, 0.6978]
2025-02-20 05:32:29.015872: Epoch time: 274.86 s
2025-02-20 05:32:29.020085: Yayy! New best EMA pseudo Dice: 0.6201
2025-02-20 05:32:33.116305: 
2025-02-20 05:32:33.120392: Epoch 64
2025-02-20 05:32:33.124777: Current learning rate: 0.00399
2025-02-20 05:36:59.628445: train_loss -0.1468
2025-02-20 05:36:59.639291: val_loss -0.1366
2025-02-20 05:36:59.645317: Pseudo dice [0.6671, 0.6517, 0.7873, 0.6991]
2025-02-20 05:36:59.650515: Epoch time: 266.52 s
2025-02-20 05:36:59.655951: Yayy! New best EMA pseudo Dice: 0.6282
2025-02-20 05:37:03.769782: 
2025-02-20 05:37:03.772810: Epoch 65
2025-02-20 05:37:03.778466: Current learning rate: 0.00389
2025-02-20 05:41:30.592459: train_loss -0.1579
2025-02-20 05:41:30.603384: val_loss -0.1607
2025-02-20 05:41:30.608556: Pseudo dice [0.5544, 0.7362, 0.726, 0.7286]
2025-02-20 05:41:30.613615: Epoch time: 266.82 s
2025-02-20 05:41:30.620465: Yayy! New best EMA pseudo Dice: 0.634
2025-02-20 05:41:34.762907: 
2025-02-20 05:41:34.766308: Epoch 66
2025-02-20 05:41:34.769951: Current learning rate: 0.00379
2025-02-20 05:46:10.641341: train_loss -0.1709
2025-02-20 05:46:10.648244: val_loss -0.1055
2025-02-20 05:46:10.652362: Pseudo dice [0.5835, 0.6129, 0.7821, 0.6119]
2025-02-20 05:46:10.656069: Epoch time: 275.88 s
2025-02-20 05:46:10.659946: Yayy! New best EMA pseudo Dice: 0.6354
2025-02-20 05:46:14.660476: 
2025-02-20 05:46:14.666217: Epoch 67
2025-02-20 05:46:14.671205: Current learning rate: 0.00369
2025-02-20 05:50:50.096436: train_loss -0.1788
2025-02-20 05:50:50.105438: val_loss -0.0554
2025-02-20 05:50:50.108802: Pseudo dice [0.4409, 0.6873, 0.7059, 0.6903]
2025-02-20 05:50:50.112597: Epoch time: 275.44 s
2025-02-20 05:50:51.686950: 
2025-02-20 05:50:51.692633: Epoch 68
2025-02-20 05:50:51.697877: Current learning rate: 0.00359
2025-02-20 05:55:23.841685: train_loss -0.1716
2025-02-20 05:55:23.853683: val_loss -0.1374
2025-02-20 05:55:23.859831: Pseudo dice [0.603, 0.7038, 0.7721, 0.7569]
2025-02-20 05:55:23.866647: Epoch time: 272.16 s
2025-02-20 05:55:23.873300: Yayy! New best EMA pseudo Dice: 0.6424
2025-02-20 05:55:29.771206: 
2025-02-20 05:55:29.775916: Epoch 69
2025-02-20 05:55:29.785906: Current learning rate: 0.00349
2025-02-20 05:59:51.937403: train_loss -0.1764
2025-02-20 05:59:51.940973: val_loss -0.1664
2025-02-20 05:59:51.942825: Pseudo dice [0.674, 0.7111, 0.823, 0.6778]
2025-02-20 05:59:51.944740: Epoch time: 262.17 s
2025-02-20 05:59:51.948483: Yayy! New best EMA pseudo Dice: 0.6503
2025-02-20 05:59:56.108151: 
2025-02-20 05:59:56.112010: Epoch 70
2025-02-20 05:59:56.117523: Current learning rate: 0.00338
2025-02-20 06:04:19.029594: train_loss -0.174
2025-02-20 06:04:19.041627: val_loss -0.1522
2025-02-20 06:04:19.046323: Pseudo dice [0.7646, 0.733, 0.7895, 0.7271]
2025-02-20 06:04:19.052221: Epoch time: 262.92 s
2025-02-20 06:04:19.058100: Yayy! New best EMA pseudo Dice: 0.6606
2025-02-20 06:04:23.293803: 
2025-02-20 06:04:23.300305: Epoch 71
2025-02-20 06:04:23.305939: Current learning rate: 0.00328
2025-02-20 06:08:52.204111: train_loss -0.1821
2025-02-20 06:08:52.213299: val_loss -0.0389
2025-02-20 06:08:52.219453: Pseudo dice [0.4349, 0.6566, 0.7898, 0.6127]
2025-02-20 06:08:52.226192: Epoch time: 268.91 s
2025-02-20 06:08:53.793300: 
2025-02-20 06:08:53.795999: Epoch 72
2025-02-20 06:08:53.798383: Current learning rate: 0.00318
2025-02-20 06:13:48.520560: train_loss -0.2022
2025-02-20 06:13:48.532852: val_loss -0.1366
2025-02-20 06:13:48.538881: Pseudo dice [0.7054, 0.7442, 0.807, 0.7651]
2025-02-20 06:13:48.545116: Epoch time: 294.73 s
2025-02-20 06:13:48.550942: Yayy! New best EMA pseudo Dice: 0.6667
2025-02-20 06:13:52.658021: 
2025-02-20 06:13:52.667709: Epoch 73
2025-02-20 06:13:52.679009: Current learning rate: 0.00308
2025-02-20 06:18:28.746456: train_loss -0.1783
2025-02-20 06:18:28.754508: val_loss -0.1749
2025-02-20 06:18:28.759235: Pseudo dice [0.8239, 0.7697, 0.8314, 0.7168]
2025-02-20 06:18:28.761922: Epoch time: 276.09 s
2025-02-20 06:18:28.764235: Yayy! New best EMA pseudo Dice: 0.6786
2025-02-20 06:18:32.823022: 
2025-02-20 06:18:32.834261: Epoch 74
2025-02-20 06:18:32.840004: Current learning rate: 0.00297
2025-02-20 06:23:09.319513: train_loss -0.2131
2025-02-20 06:23:09.332931: val_loss -0.1013
2025-02-20 06:23:09.337610: Pseudo dice [0.6168, 0.577, 0.8578, 0.6342]
2025-02-20 06:23:09.342281: Epoch time: 276.5 s
2025-02-20 06:23:10.962774: 
2025-02-20 06:23:10.965157: Epoch 75
2025-02-20 06:23:10.966678: Current learning rate: 0.00287
2025-02-20 06:27:46.781926: train_loss -0.1558
2025-02-20 06:27:46.795270: val_loss -0.1334
2025-02-20 06:27:46.800559: Pseudo dice [0.6021, 0.7163, 0.7835, 0.7302]
2025-02-20 06:27:46.805696: Epoch time: 275.82 s
2025-02-20 06:27:46.810356: Yayy! New best EMA pseudo Dice: 0.6809
2025-02-20 06:27:51.387974: 
2025-02-20 06:27:51.391985: Epoch 76
2025-02-20 06:27:51.397123: Current learning rate: 0.00277
2025-02-20 06:32:23.312576: train_loss -0.1963
2025-02-20 06:32:23.324320: val_loss -0.1029
2025-02-20 06:32:23.330238: Pseudo dice [0.5959, 0.7469, 0.741, 0.641]
2025-02-20 06:32:23.335894: Epoch time: 271.93 s
2025-02-20 06:32:23.342596: Yayy! New best EMA pseudo Dice: 0.6809
2025-02-20 06:32:27.068258: 
2025-02-20 06:32:27.074326: Epoch 77
2025-02-20 06:32:27.081154: Current learning rate: 0.00266
2025-02-20 06:36:48.179297: train_loss -0.2325
2025-02-20 06:36:48.191636: val_loss -0.1123
2025-02-20 06:36:48.197775: Pseudo dice [0.7359, 0.6686, 0.8359, 0.5977]
2025-02-20 06:36:48.204085: Epoch time: 261.11 s
2025-02-20 06:36:48.210175: Yayy! New best EMA pseudo Dice: 0.6838
2025-02-20 06:36:52.123467: 
2025-02-20 06:36:52.134482: Epoch 78
2025-02-20 06:36:52.144482: Current learning rate: 0.00256
2025-02-20 06:41:11.685946: train_loss -0.2211
2025-02-20 06:41:11.700970: val_loss -0.1546
2025-02-20 06:41:11.707682: Pseudo dice [0.5637, 0.6409, 0.8079, 0.7012]
2025-02-20 06:41:11.714399: Epoch time: 259.56 s
2025-02-20 06:41:13.213984: 
2025-02-20 06:41:13.218678: Epoch 79
2025-02-20 06:41:13.222795: Current learning rate: 0.00245
2025-02-20 06:45:45.577147: train_loss -0.2257
2025-02-20 06:45:45.585922: val_loss -0.1828
2025-02-20 06:45:45.590119: Pseudo dice [0.6399, 0.7327, 0.8142, 0.7599]
2025-02-20 06:45:45.595313: Epoch time: 272.37 s
2025-02-20 06:45:45.599193: Yayy! New best EMA pseudo Dice: 0.6886
2025-02-20 06:45:49.441233: 
2025-02-20 06:45:49.445211: Epoch 80
2025-02-20 06:45:49.449718: Current learning rate: 0.00235
2025-02-20 06:50:09.243130: train_loss -0.2163
2025-02-20 06:50:09.250872: val_loss -0.1218
2025-02-20 06:50:09.255955: Pseudo dice [0.5024, 0.7017, 0.6991, 0.7135]
2025-02-20 06:50:09.261523: Epoch time: 259.8 s
2025-02-20 06:50:10.820344: 
2025-02-20 06:50:10.822929: Epoch 81
2025-02-20 06:50:10.826300: Current learning rate: 0.00224
2025-02-20 06:54:37.371527: train_loss -0.2334
2025-02-20 06:54:37.380927: val_loss -0.0634
2025-02-20 06:54:37.386644: Pseudo dice [0.491, 0.6713, 0.703, 0.7085]
2025-02-20 06:54:37.389185: Epoch time: 266.55 s
2025-02-20 06:54:40.921680: 
2025-02-20 06:54:40.926670: Epoch 82
2025-02-20 06:54:40.932799: Current learning rate: 0.00214
2025-02-20 06:59:03.659006: train_loss -0.2442
2025-02-20 06:59:03.669219: val_loss -0.1845
2025-02-20 06:59:03.672268: Pseudo dice [0.7736, 0.7189, 0.8151, 0.7177]
2025-02-20 06:59:03.676381: Epoch time: 262.74 s
2025-02-20 06:59:05.148109: 
2025-02-20 06:59:05.153908: Epoch 83
2025-02-20 06:59:05.159393: Current learning rate: 0.00203
2025-02-20 07:03:32.756078: train_loss -0.2469
2025-02-20 07:03:32.763532: val_loss -0.206
2025-02-20 07:03:32.766451: Pseudo dice [0.8033, 0.7767, 0.8107, 0.7437]
2025-02-20 07:03:32.769089: Epoch time: 267.61 s
2025-02-20 07:03:32.771647: Yayy! New best EMA pseudo Dice: 0.698
2025-02-20 07:03:36.630959: 
2025-02-20 07:03:36.636789: Epoch 84
2025-02-20 07:03:36.642731: Current learning rate: 0.00192
2025-02-20 07:07:52.196567: train_loss -0.2316
2025-02-20 07:07:52.208289: val_loss -0.1684
2025-02-20 07:07:52.214128: Pseudo dice [0.8022, 0.6805, 0.8483, 0.6696]
2025-02-20 07:07:52.217911: Epoch time: 255.57 s
2025-02-20 07:07:52.223907: Yayy! New best EMA pseudo Dice: 0.7032
2025-02-20 07:07:56.094717: 
2025-02-20 07:07:56.100388: Epoch 85
2025-02-20 07:07:56.107007: Current learning rate: 0.00181
2025-02-20 07:12:24.527846: train_loss -0.2228
2025-02-20 07:12:24.538136: val_loss -0.2107
2025-02-20 07:12:24.542995: Pseudo dice [0.7374, 0.7896, 0.8489, 0.7474]
2025-02-20 07:12:24.549232: Epoch time: 268.44 s
2025-02-20 07:12:24.552852: Yayy! New best EMA pseudo Dice: 0.711
2025-02-20 07:12:28.322219: 
2025-02-20 07:12:28.328479: Epoch 86
2025-02-20 07:12:28.334579: Current learning rate: 0.0017
2025-02-20 07:17:03.201052: train_loss -0.2341
2025-02-20 07:17:03.214145: val_loss -0.1241
2025-02-20 07:17:03.219505: Pseudo dice [0.6035, 0.6931, 0.7092, 0.7564]
2025-02-20 07:17:03.223166: Epoch time: 274.88 s
2025-02-20 07:17:04.656846: 
2025-02-20 07:17:04.662807: Epoch 87
2025-02-20 07:17:04.668890: Current learning rate: 0.00159
2025-02-20 07:21:31.970153: train_loss -0.249
2025-02-20 07:21:31.981129: val_loss -0.2039
2025-02-20 07:21:31.987237: Pseudo dice [0.7495, 0.7465, 0.8471, 0.7265]
2025-02-20 07:21:31.993404: Epoch time: 267.31 s
2025-02-20 07:21:31.999424: Yayy! New best EMA pseudo Dice: 0.7148
2025-02-20 07:21:35.941455: 
2025-02-20 07:21:35.945844: Epoch 88
2025-02-20 07:21:35.951074: Current learning rate: 0.00148
2025-02-20 07:25:49.044193: train_loss -0.2487
2025-02-20 07:25:49.053151: val_loss -0.1204
2025-02-20 07:25:49.057264: Pseudo dice [0.6551, 0.7466, 0.7547, 0.7355]
2025-02-20 07:25:49.060319: Epoch time: 253.1 s
2025-02-20 07:25:49.063127: Yayy! New best EMA pseudo Dice: 0.7156
2025-02-20 07:25:55.144919: 
2025-02-20 07:25:55.149574: Epoch 89
2025-02-20 07:25:55.154971: Current learning rate: 0.00137
2025-02-20 07:30:07.191477: train_loss -0.2616
2025-02-20 07:30:07.204878: val_loss -0.1195
2025-02-20 07:30:07.211276: Pseudo dice [0.4493, 0.7831, 0.766, 0.7523]
2025-02-20 07:30:07.217570: Epoch time: 252.05 s
2025-02-20 07:30:08.656151: 
2025-02-20 07:30:08.661980: Epoch 90
2025-02-20 07:30:08.666811: Current learning rate: 0.00126
2025-02-20 07:34:36.581269: train_loss -0.2545
2025-02-20 07:34:36.592499: val_loss -0.2524
2025-02-20 07:34:36.596964: Pseudo dice [0.8208, 0.749, 0.8555, 0.7328]
2025-02-20 07:34:36.600583: Epoch time: 267.93 s
2025-02-20 07:34:36.605271: Yayy! New best EMA pseudo Dice: 0.7205
2025-02-20 07:34:40.563290: 
2025-02-20 07:34:40.566274: Epoch 91
2025-02-20 07:34:40.568648: Current learning rate: 0.00115
2025-02-20 07:39:06.492769: train_loss -0.2626
2025-02-20 07:39:06.502739: val_loss -0.1524
2025-02-20 07:39:06.505363: Pseudo dice [0.7217, 0.7268, 0.7888, 0.6619]
2025-02-20 07:39:06.510036: Epoch time: 265.93 s
2025-02-20 07:39:06.514035: Yayy! New best EMA pseudo Dice: 0.7209
2025-02-20 07:39:10.433127: 
2025-02-20 07:39:10.439254: Epoch 92
2025-02-20 07:39:10.445734: Current learning rate: 0.00103
2025-02-20 07:43:38.926229: train_loss -0.2782
2025-02-20 07:43:38.937674: val_loss -0.1654
2025-02-20 07:43:38.942655: Pseudo dice [0.7136, 0.6564, 0.7219, 0.714]
2025-02-20 07:43:38.949006: Epoch time: 268.5 s
2025-02-20 07:43:40.536495: 
2025-02-20 07:43:40.541552: Epoch 93
2025-02-20 07:43:40.548073: Current learning rate: 0.00091
2025-02-20 07:48:11.865152: train_loss -0.2542
2025-02-20 07:48:11.871178: val_loss -0.2079
2025-02-20 07:48:11.874214: Pseudo dice [0.7745, 0.7441, 0.8512, 0.7413]
2025-02-20 07:48:11.877162: Epoch time: 271.33 s
2025-02-20 07:48:11.880223: Yayy! New best EMA pseudo Dice: 0.7249
2025-02-20 07:48:15.666229: 
2025-02-20 07:48:15.673045: Epoch 94
2025-02-20 07:48:15.677532: Current learning rate: 0.00079
2025-02-20 07:52:53.899947: train_loss -0.2616
2025-02-20 07:52:53.910949: val_loss -0.2075
2025-02-20 07:52:53.915804: Pseudo dice [0.7789, 0.7493, 0.7995, 0.7307]
2025-02-20 07:52:53.922215: Epoch time: 278.24 s
2025-02-20 07:52:53.928569: Yayy! New best EMA pseudo Dice: 0.7288
2025-02-20 07:52:57.839393: 
2025-02-20 07:52:57.843772: Epoch 95
2025-02-20 07:52:57.850023: Current learning rate: 0.00067
2025-02-20 07:57:36.976745: train_loss -0.2682
2025-02-20 07:57:36.984382: val_loss -0.2133
2025-02-20 07:57:36.988235: Pseudo dice [0.7451, 0.8258, 0.8426, 0.7284]
2025-02-20 07:57:36.991247: Epoch time: 279.14 s
2025-02-20 07:57:36.994908: Yayy! New best EMA pseudo Dice: 0.7345
2025-02-20 07:57:42.602591: 
2025-02-20 07:57:42.606982: Epoch 96
2025-02-20 07:57:42.612961: Current learning rate: 0.00055
2025-02-20 08:02:16.034103: train_loss -0.2635
2025-02-20 08:02:16.046204: val_loss -0.2247
2025-02-20 08:02:16.052191: Pseudo dice [0.6811, 0.8524, 0.7107, 0.8012]
2025-02-20 08:02:16.058425: Epoch time: 273.43 s
2025-02-20 08:02:16.064219: Yayy! New best EMA pseudo Dice: 0.7372
2025-02-20 08:02:20.191814: 
2025-02-20 08:02:20.197790: Epoch 97
2025-02-20 08:02:20.201781: Current learning rate: 0.00043
2025-02-20 08:06:39.989083: train_loss -0.2638
2025-02-20 08:06:39.999041: val_loss -0.2514
2025-02-20 08:06:40.003734: Pseudo dice [0.8584, 0.8295, 0.8836, 0.7128]
2025-02-20 08:06:40.006850: Epoch time: 259.8 s
2025-02-20 08:06:40.010066: Yayy! New best EMA pseudo Dice: 0.7456
2025-02-20 08:06:43.693264: 
2025-02-20 08:06:43.699617: Epoch 98
2025-02-20 08:06:43.703664: Current learning rate: 0.0003
2025-02-20 08:11:12.541573: train_loss -0.2785
2025-02-20 08:11:12.546933: val_loss -0.1717
2025-02-20 08:11:12.549770: Pseudo dice [0.7104, 0.7529, 0.7982, 0.6978]
2025-02-20 08:11:12.551613: Epoch time: 268.85 s
2025-02-20 08:11:14.067745: 
2025-02-20 08:11:14.070535: Epoch 99
2025-02-20 08:11:14.072752: Current learning rate: 0.00016
2025-02-20 08:15:30.394424: train_loss -0.2682
2025-02-20 08:15:30.401065: val_loss -0.1244
2025-02-20 08:15:30.403744: Pseudo dice [0.5454, 0.7073, 0.7594, 0.7639]
2025-02-20 08:15:30.406343: Epoch time: 256.33 s
2025-02-20 08:15:34.281526: Training done.
2025-02-20 08:15:34.338558: Using splits from existing split file: /home3/hghr96/parm/work/AD_project/segmentation/nnUNet/data/nnUNet_preprocess/Dataset501_AD/splits_final.json
2025-02-20 08:15:34.343791: The split file contains 5 splits.
2025-02-20 08:15:34.346051: Desired fold for training: 0
2025-02-20 08:15:34.348130: This split has 70 training and 18 validation cases.
2025-02-20 08:15:34.351848: predicting ad_003
2025-02-20 08:15:34.366204: ad_003, shape torch.Size([1, 515, 772, 515]), rank 0
2025-02-20 08:18:43.625795: predicting ad_005
2025-02-20 08:18:43.720567: ad_005, shape torch.Size([1, 388, 730, 388]), rank 0
2025-02-20 08:19:57.414381: predicting ad_007
2025-02-20 08:19:57.500628: ad_007, shape torch.Size([1, 523, 623, 523]), rank 0
2025-02-20 08:26:10.207898: predicting ad_010
2025-02-20 08:26:10.294827: ad_010, shape torch.Size([1, 492, 855, 492]), rank 0
2025-02-20 08:31:03.609450: predicting ad_014
2025-02-20 08:31:03.767864: ad_014, shape torch.Size([1, 520, 557, 520]), rank 0
2025-02-20 08:34:04.989106: predicting ad_021
2025-02-20 08:34:05.066571: ad_021, shape torch.Size([1, 508, 831, 508]), rank 0
2025-02-20 08:44:19.298339: predicting ad_031
2025-02-20 08:44:19.383479: ad_031, shape torch.Size([1, 546, 1093, 546]), rank 0
2025-02-20 08:48:33.781788: predicting ad_038
2025-02-20 08:48:33.897623: ad_038, shape torch.Size([1, 571, 967, 571]), rank 0
2025-02-20 08:53:19.926974: predicting ad_040
2025-02-20 08:53:20.033237: ad_040, shape torch.Size([1, 512, 982, 512]), rank 0
2025-02-20 08:58:14.386949: predicting ad_043
2025-02-20 08:58:14.475122: ad_043, shape torch.Size([1, 476, 880, 476]), rank 0
2025-02-20 09:06:00.381963: predicting ad_046
2025-02-20 09:06:00.464301: ad_046, shape torch.Size([1, 510, 936, 510]), rank 0
2025-02-20 09:13:41.756910: predicting ad_049
2025-02-20 09:13:41.854776: ad_049, shape torch.Size([1, 527, 949, 527]), rank 0
2025-02-20 09:17:56.024583: predicting ad_053
2025-02-20 09:17:56.115243: ad_053, shape torch.Size([1, 445, 957, 445]), rank 0
2025-02-20 09:23:36.494983: predicting ad_073
2025-02-20 09:23:36.572112: ad_073, shape torch.Size([1, 473, 850, 473]), rank 0
2025-02-20 09:35:04.381554: predicting ad_079
2025-02-20 09:35:04.469952: ad_079, shape torch.Size([1, 601, 989, 601]), rank 0
2025-02-20 09:40:48.698873: predicting ad_084
2025-02-20 09:40:48.807186: ad_084, shape torch.Size([1, 523, 767, 523]), rank 0
2025-02-20 09:44:57.407404: predicting ad_094
2025-02-20 09:44:57.490158: ad_094, shape torch.Size([1, 823, 622, 823]), rank 0
2025-02-20 09:53:00.927496: predicting ad_102
2025-02-20 09:53:01.039042: ad_102, shape torch.Size([1, 469, 634, 469]), rank 0
2025-02-20 10:10:11.262891: Validation complete
2025-02-20 10:10:11.265991: Mean Validation Dice:  0.5255559998762608
Finished at Thu 20 Feb 2025 10:10:16 AM GMT
Total Execution Time: 36452 seconds
