Starting at Thu 27 Feb 2025 11:42:23 AM GMT

############################
INFO: You are using the old nnU-Net default plans. We have updated our recommendations. Please consider using those instead! Read more here: https://github.com/MIC-DKFZ/nnUNet/blob/master/documentation/resenc_presets.md
############################

Using device: cuda:0

#######################################################################
Please cite the following paper when using nnU-Net:
Isensee, F., Jaeger, P. F., Kohl, S. A., Petersen, J., & Maier-Hein, K. H. (2021). nnU-Net: a self-configuring method for deep learning-based biomedical image segmentation. Nature methods, 18(2), 203-211.
#######################################################################

2025-02-27 11:42:37.338562: do_dummy_2d_data_aug: False
using pin_memory on device 0
/home3/hghr96/miniconda3/envs/nnUnet/lib/python3.9/site-packages/torch/optim/lr_scheduler.py:62: UserWarning: The verbose parameter is deprecated. Please use get_last_lr() to access the learning rate.
  warnings.warn(
using pin_memory on device 0
2025-02-27 11:42:39.252578: Using torch.compile...

This is the configuration used by this training:
Configuration name: 3d_lowres
 {'data_identifier': 'nnUNetPlans_3d_lowres', 'preprocessor_name': 'DefaultPreprocessor', 'batch_size': 2, 'patch_size': [112, 192, 112], 'median_image_size_in_voxels': [177, 288, 177], 'spacing': [2.275601343470847, 2.028794967802552, 2.275601343470847], 'normalization_schemes': ['CTNormalization'], 'use_mask_for_norm': [False], 'resampling_fn_data': 'resample_data_or_seg_to_shape', 'resampling_fn_seg': 'resample_data_or_seg_to_shape', 'resampling_fn_data_kwargs': {'is_seg': False, 'order': 3, 'order_z': 0, 'force_separate_z': None}, 'resampling_fn_seg_kwargs': {'is_seg': True, 'order': 1, 'order_z': 0, 'force_separate_z': None}, 'resampling_fn_probabilities': 'resample_data_or_seg_to_shape', 'resampling_fn_probabilities_kwargs': {'is_seg': False, 'order': 1, 'order_z': 0, 'force_separate_z': None}, 'architecture': {'network_class_name': 'dynamic_network_architectures.architectures.unet.PlainConvUNet', 'arch_kwargs': {'n_stages': 6, 'features_per_stage': [32, 64, 128, 256, 320, 320], 'conv_op': 'torch.nn.modules.conv.Conv3d', 'kernel_sizes': [[3, 3, 3], [3, 3, 3], [3, 3, 3], [3, 3, 3], [3, 3, 3], [3, 3, 3]], 'strides': [[1, 1, 1], [2, 2, 2], [2, 2, 2], [2, 2, 2], [2, 2, 2], [1, 2, 1]], 'n_conv_per_stage': [2, 2, 2, 2, 2, 2], 'n_conv_per_stage_decoder': [2, 2, 2, 2, 2], 'conv_bias': True, 'norm_op': 'torch.nn.modules.instancenorm.InstanceNorm3d', 'norm_op_kwargs': {'eps': 1e-05, 'affine': True}, 'dropout_op': None, 'dropout_op_kwargs': None, 'nonlin': 'torch.nn.LeakyReLU', 'nonlin_kwargs': {'inplace': True}}, '_kw_requires_import': ['conv_op', 'norm_op', 'dropout_op', 'nonlin']}, 'batch_dice': False, 'next_stage': '3d_cascade_fullres'} 

These are the global plan.json settings:
 {'dataset_name': 'Dataset501_AD', 'plans_name': 'nnUNetPlans', 'original_median_spacing_after_transp': [0.78515625, 0.7000000476837158, 0.78515625], 'original_median_shape_after_transp': [512, 800, 512], 'image_reader_writer': 'SimpleITKIO', 'transpose_forward': [1, 0, 2], 'transpose_backward': [1, 0, 2], 'experiment_planner_used': 'ExperimentPlanner', 'label_manager': 'LabelManager', 'foreground_intensity_properties_per_channel': {'0': {'max': 3071.0, 'mean': 161.64767456054688, 'median': 182.0, 'min': -1103.0, 'percentile_00_5': -840.0, 'percentile_99_5': 778.0, 'std': 241.90689086914062}}} 

2025-02-27 11:42:41.674086: unpacking dataset...
2025-02-27 11:42:48.867125: unpacking done...
2025-02-27 11:42:48.888682: Unable to plot network architecture: nnUNet_compile is enabled!
2025-02-27 11:42:48.945040: 
2025-02-27 11:42:48.947705: Epoch 0
2025-02-27 11:42:48.950561: Current learning rate: 0.01
2025-02-27 11:45:21.815628: train_loss 0.1856
2025-02-27 11:45:21.818778: val_loss 0.0744
2025-02-27 11:45:21.820354: Pseudo dice [0.0, 0.0, 0.0, 0.0]
2025-02-27 11:45:21.821671: Epoch time: 152.87 s
2025-02-27 11:45:21.822934: Yayy! New best EMA pseudo Dice: 0.0
2025-02-27 11:45:25.308009: 
2025-02-27 11:45:25.310348: Epoch 1
2025-02-27 11:45:25.312288: Current learning rate: 0.00991
2025-02-27 11:47:27.458857: train_loss 0.0415
2025-02-27 11:47:27.474214: val_loss -0.0093
2025-02-27 11:47:27.476941: Pseudo dice [0.0, 0.0449, 0.0, 0.0]
2025-02-27 11:47:27.479567: Epoch time: 122.15 s
2025-02-27 11:47:27.482086: Yayy! New best EMA pseudo Dice: 0.0011
2025-02-27 11:47:32.356620: 
2025-02-27 11:47:32.359141: Epoch 2
2025-02-27 11:47:32.361465: Current learning rate: 0.00982
2025-02-27 11:49:33.156609: train_loss -0.0262
2025-02-27 11:49:33.161328: val_loss -0.0528
2025-02-27 11:49:33.163438: Pseudo dice [0.0, 0.0941, 0.0, 0.3151]
2025-02-27 11:49:33.165206: Epoch time: 120.8 s
2025-02-27 11:49:33.166536: Yayy! New best EMA pseudo Dice: 0.0112
2025-02-27 11:49:37.850229: 
2025-02-27 11:49:37.852773: Epoch 3
2025-02-27 11:49:37.854737: Current learning rate: 0.00973
2025-02-27 11:51:51.893803: train_loss -0.0618
2025-02-27 11:51:51.907883: val_loss -0.0899
2025-02-27 11:51:51.910213: Pseudo dice [0.0, 0.289, 0.0, 0.3213]
2025-02-27 11:51:51.913090: Epoch time: 134.05 s
2025-02-27 11:51:51.916232: Yayy! New best EMA pseudo Dice: 0.0254
2025-02-27 11:51:55.989574: 
2025-02-27 11:51:55.994394: Epoch 4
2025-02-27 11:51:55.998199: Current learning rate: 0.00964
2025-02-27 11:53:55.079276: train_loss -0.106
2025-02-27 11:53:55.097904: val_loss -0.1386
2025-02-27 11:53:55.100498: Pseudo dice [0.3608, 0.037, 0.0474, 0.4985]
2025-02-27 11:53:55.102610: Epoch time: 119.09 s
2025-02-27 11:53:55.104853: Yayy! New best EMA pseudo Dice: 0.0464
2025-02-27 11:53:59.708648: 
2025-02-27 11:53:59.711143: Epoch 5
2025-02-27 11:53:59.713498: Current learning rate: 0.00955
2025-02-27 11:56:03.039505: train_loss -0.1588
2025-02-27 11:56:03.043261: val_loss -0.1972
2025-02-27 11:56:03.044702: Pseudo dice [0.0, 0.3094, 0.525, 0.5284]
2025-02-27 11:56:03.046114: Epoch time: 123.33 s
2025-02-27 11:56:03.047450: Yayy! New best EMA pseudo Dice: 0.0759
2025-02-27 11:56:07.400074: 
2025-02-27 11:56:07.402195: Epoch 6
2025-02-27 11:56:07.404312: Current learning rate: 0.00946
2025-02-27 11:58:15.406903: train_loss -0.195
2025-02-27 11:58:15.424622: val_loss -0.2196
2025-02-27 11:58:15.427209: Pseudo dice [0.3485, 0.1838, 0.6077, 0.5632]
2025-02-27 11:58:15.429696: Epoch time: 128.01 s
2025-02-27 11:58:15.432162: Yayy! New best EMA pseudo Dice: 0.1109
2025-02-27 11:58:19.866367: 
2025-02-27 11:58:19.868442: Epoch 7
2025-02-27 11:58:19.870378: Current learning rate: 0.00937
2025-02-27 12:00:28.007685: train_loss -0.2131
2025-02-27 12:00:28.023850: val_loss -0.2316
2025-02-27 12:00:28.026340: Pseudo dice [0.3939, 0.3558, 0.6247, 0.5714]
2025-02-27 12:00:28.028705: Epoch time: 128.14 s
2025-02-27 12:00:28.030889: Yayy! New best EMA pseudo Dice: 0.1484
2025-02-27 12:00:32.566329: 
2025-02-27 12:00:32.569163: Epoch 8
2025-02-27 12:00:32.571601: Current learning rate: 0.00928
2025-02-27 12:02:33.824582: train_loss -0.2388
2025-02-27 12:02:33.828970: val_loss -0.2623
2025-02-27 12:02:33.831743: Pseudo dice [0.5746, 0.5252, 0.6464, 0.5684]
2025-02-27 12:02:33.834304: Epoch time: 121.26 s
2025-02-27 12:02:33.836983: Yayy! New best EMA pseudo Dice: 0.1914
2025-02-27 12:02:38.146214: 
2025-02-27 12:02:38.148477: Epoch 9
2025-02-27 12:02:38.150639: Current learning rate: 0.00919
2025-02-27 12:04:44.800487: train_loss -0.2319
2025-02-27 12:04:44.804598: val_loss -0.2622
2025-02-27 12:04:44.806894: Pseudo dice [0.58, 0.5193, 0.637, 0.5567]
2025-02-27 12:04:44.809091: Epoch time: 126.66 s
2025-02-27 12:04:44.811765: Yayy! New best EMA pseudo Dice: 0.2296
2025-02-27 12:04:49.243040: 
2025-02-27 12:04:49.245489: Epoch 10
2025-02-27 12:04:49.247614: Current learning rate: 0.0091
2025-02-27 12:06:48.397892: train_loss -0.2584
2025-02-27 12:06:48.401084: val_loss -0.2546
2025-02-27 12:06:48.402396: Pseudo dice [0.3715, 0.5512, 0.6412, 0.4825]
2025-02-27 12:06:48.403622: Epoch time: 119.16 s
2025-02-27 12:06:48.404775: Yayy! New best EMA pseudo Dice: 0.2578
2025-02-27 12:06:52.725391: 
2025-02-27 12:06:52.727630: Epoch 11
2025-02-27 12:06:52.729342: Current learning rate: 0.009
2025-02-27 12:08:54.056290: train_loss -0.2562
2025-02-27 12:08:54.071598: val_loss -0.2818
2025-02-27 12:08:54.073816: Pseudo dice [0.6121, 0.5344, 0.6039, 0.5792]
2025-02-27 12:08:54.076374: Epoch time: 121.33 s
2025-02-27 12:08:54.078513: Yayy! New best EMA pseudo Dice: 0.2903
2025-02-27 12:08:58.799625: 
2025-02-27 12:08:58.801881: Epoch 12
2025-02-27 12:08:58.803695: Current learning rate: 0.00891
2025-02-27 12:11:11.148921: train_loss -0.278
2025-02-27 12:11:11.154934: val_loss -0.2998
2025-02-27 12:11:11.156828: Pseudo dice [0.6382, 0.5913, 0.7651, 0.5882]
2025-02-27 12:11:11.158796: Epoch time: 132.35 s
2025-02-27 12:11:11.160323: Yayy! New best EMA pseudo Dice: 0.3258
2025-02-27 12:11:15.983464: 
2025-02-27 12:11:15.985748: Epoch 13
2025-02-27 12:11:15.988152: Current learning rate: 0.00882
2025-02-27 12:13:21.929909: train_loss -0.2912
2025-02-27 12:13:21.938477: val_loss -0.2932
2025-02-27 12:13:21.941078: Pseudo dice [0.5943, 0.5144, 0.6346, 0.6291]
2025-02-27 12:13:21.943744: Epoch time: 125.95 s
2025-02-27 12:13:21.945954: Yayy! New best EMA pseudo Dice: 0.3525
2025-02-27 12:13:26.949335: 
2025-02-27 12:13:26.951811: Epoch 14
2025-02-27 12:13:26.953463: Current learning rate: 0.00873
2025-02-27 12:15:28.514279: train_loss -0.2794
2025-02-27 12:15:28.519049: val_loss -0.34
2025-02-27 12:15:28.521766: Pseudo dice [0.7075, 0.6943, 0.7884, 0.596]
2025-02-27 12:15:28.524275: Epoch time: 121.57 s
2025-02-27 12:15:28.530213: Yayy! New best EMA pseudo Dice: 0.3869
2025-02-27 12:15:32.913099: 
2025-02-27 12:15:32.915175: Epoch 15
2025-02-27 12:15:32.916668: Current learning rate: 0.00864
2025-02-27 12:17:36.033463: train_loss -0.299
2025-02-27 12:17:36.038405: val_loss -0.3252
2025-02-27 12:17:36.040628: Pseudo dice [0.7218, 0.6816, 0.7428, 0.5706]
2025-02-27 12:17:36.042495: Epoch time: 123.12 s
2025-02-27 12:17:36.044493: Yayy! New best EMA pseudo Dice: 0.4162
2025-02-27 12:17:40.551071: 
2025-02-27 12:17:40.553737: Epoch 16
2025-02-27 12:17:40.556192: Current learning rate: 0.00855
2025-02-27 12:19:44.253162: train_loss -0.2996
2025-02-27 12:19:44.257725: val_loss -0.311
2025-02-27 12:19:44.260378: Pseudo dice [0.7275, 0.6167, 0.7326, 0.507]
2025-02-27 12:19:44.265709: Epoch time: 123.7 s
2025-02-27 12:19:44.268145: Yayy! New best EMA pseudo Dice: 0.4392
2025-02-27 12:19:48.745717: 
2025-02-27 12:19:48.748049: Epoch 17
2025-02-27 12:19:48.749963: Current learning rate: 0.00846
2025-02-27 12:21:54.062709: train_loss -0.3009
2025-02-27 12:21:54.067890: val_loss -0.3311
2025-02-27 12:21:54.070406: Pseudo dice [0.7007, 0.6663, 0.7657, 0.6234]
2025-02-27 12:21:54.073001: Epoch time: 125.32 s
2025-02-27 12:21:54.075351: Yayy! New best EMA pseudo Dice: 0.4641
2025-02-27 12:21:58.581393: 
2025-02-27 12:21:58.584074: Epoch 18
2025-02-27 12:21:58.586121: Current learning rate: 0.00836
2025-02-27 12:24:05.868917: train_loss -0.3316
2025-02-27 12:24:05.873208: val_loss -0.3636
2025-02-27 12:24:05.875626: Pseudo dice [0.6889, 0.7289, 0.7822, 0.7078]
2025-02-27 12:24:05.878030: Epoch time: 127.29 s
2025-02-27 12:24:05.880650: Yayy! New best EMA pseudo Dice: 0.4904
2025-02-27 12:24:10.527933: 
2025-02-27 12:24:10.530489: Epoch 19
2025-02-27 12:24:10.532902: Current learning rate: 0.00827
2025-02-27 12:26:12.994646: train_loss -0.334
2025-02-27 12:26:13.014312: val_loss -0.3666
2025-02-27 12:26:13.017012: Pseudo dice [0.7566, 0.7357, 0.7722, 0.6935]
2025-02-27 12:26:13.019661: Epoch time: 122.47 s
2025-02-27 12:26:13.021828: Yayy! New best EMA pseudo Dice: 0.5153
2025-02-27 12:26:16.995385: 
2025-02-27 12:26:16.998114: Epoch 20
2025-02-27 12:26:17.000416: Current learning rate: 0.00818
2025-02-27 12:28:26.139201: train_loss -0.3266
2025-02-27 12:28:26.148061: val_loss -0.368
2025-02-27 12:28:26.150954: Pseudo dice [0.7471, 0.747, 0.7524, 0.6481]
2025-02-27 12:28:26.153238: Epoch time: 129.14 s
2025-02-27 12:28:26.155663: Yayy! New best EMA pseudo Dice: 0.5362
2025-02-27 12:28:30.878552: 
2025-02-27 12:28:30.881052: Epoch 21
2025-02-27 12:28:30.883752: Current learning rate: 0.00809
2025-02-27 12:30:33.844020: train_loss -0.3355
2025-02-27 12:30:33.848522: val_loss -0.3582
2025-02-27 12:30:33.851282: Pseudo dice [0.7442, 0.7169, 0.7394, 0.6989]
2025-02-27 12:30:33.853424: Epoch time: 122.97 s
2025-02-27 12:30:33.855769: Yayy! New best EMA pseudo Dice: 0.555
2025-02-27 12:30:38.272747: 
2025-02-27 12:30:38.274907: Epoch 22
2025-02-27 12:30:38.276748: Current learning rate: 0.008
2025-02-27 12:32:48.980986: train_loss -0.3453
2025-02-27 12:32:48.985686: val_loss -0.3807
2025-02-27 12:32:48.988267: Pseudo dice [0.7717, 0.7594, 0.778, 0.6734]
2025-02-27 12:32:48.991891: Epoch time: 130.71 s
2025-02-27 12:32:48.999891: Yayy! New best EMA pseudo Dice: 0.5741
2025-02-27 12:32:52.898589: 
2025-02-27 12:32:52.900891: Epoch 23
2025-02-27 12:32:52.903286: Current learning rate: 0.0079
2025-02-27 12:35:01.415053: train_loss -0.3521
2025-02-27 12:35:01.422290: val_loss -0.3603
2025-02-27 12:35:01.424742: Pseudo dice [0.7722, 0.7326, 0.7881, 0.6516]
2025-02-27 12:35:01.427695: Epoch time: 128.52 s
2025-02-27 12:35:01.438310: Yayy! New best EMA pseudo Dice: 0.5903
2025-02-27 12:35:05.825621: 
2025-02-27 12:35:05.828158: Epoch 24
2025-02-27 12:35:05.830264: Current learning rate: 0.00781
2025-02-27 12:37:02.364852: train_loss -0.3603
2025-02-27 12:37:02.369729: val_loss -0.3897
2025-02-27 12:37:02.373912: Pseudo dice [0.6687, 0.7997, 0.7601, 0.7684]
2025-02-27 12:37:02.376743: Epoch time: 116.54 s
2025-02-27 12:37:02.379265: Yayy! New best EMA pseudo Dice: 0.6062
2025-02-27 12:37:06.919103: 
2025-02-27 12:37:06.921173: Epoch 25
2025-02-27 12:37:06.923023: Current learning rate: 0.00772
2025-02-27 12:39:08.790002: train_loss -0.3489
2025-02-27 12:39:08.794819: val_loss -0.3454
2025-02-27 12:39:08.806133: Pseudo dice [0.6753, 0.7272, 0.7178, 0.6777]
2025-02-27 12:39:08.817666: Epoch time: 121.87 s
2025-02-27 12:39:08.820506: Yayy! New best EMA pseudo Dice: 0.6155
2025-02-27 12:39:13.802812: 
2025-02-27 12:39:13.805159: Epoch 26
2025-02-27 12:39:13.807188: Current learning rate: 0.00763
2025-02-27 12:41:20.826333: train_loss -0.3625
2025-02-27 12:41:20.831515: val_loss -0.4124
2025-02-27 12:41:20.843137: Pseudo dice [0.8259, 0.7983, 0.826, 0.7527]
2025-02-27 12:41:20.845464: Epoch time: 127.03 s
2025-02-27 12:41:20.847402: Yayy! New best EMA pseudo Dice: 0.634
2025-02-27 12:41:25.416928: 
2025-02-27 12:41:25.419362: Epoch 27
2025-02-27 12:41:25.422050: Current learning rate: 0.00753
2025-02-27 12:43:35.094241: train_loss -0.3696
2025-02-27 12:43:35.098865: val_loss -0.388
2025-02-27 12:43:35.101300: Pseudo dice [0.7966, 0.772, 0.8339, 0.6893]
2025-02-27 12:43:35.103902: Epoch time: 129.68 s
2025-02-27 12:43:35.105885: Yayy! New best EMA pseudo Dice: 0.6479
2025-02-27 12:43:39.593241: 
2025-02-27 12:43:39.596182: Epoch 28
2025-02-27 12:43:39.598550: Current learning rate: 0.00744
2025-02-27 12:45:48.822871: train_loss -0.358
2025-02-27 12:45:48.839773: val_loss -0.3977
2025-02-27 12:45:48.841711: Pseudo dice [0.8064, 0.7641, 0.8272, 0.7397]
2025-02-27 12:45:48.843404: Epoch time: 129.23 s
2025-02-27 12:45:48.845130: Yayy! New best EMA pseudo Dice: 0.6616
2025-02-27 12:45:53.309821: 
2025-02-27 12:45:53.312417: Epoch 29
2025-02-27 12:45:53.314190: Current learning rate: 0.00735
2025-02-27 12:47:57.131479: train_loss -0.3823
2025-02-27 12:47:57.142658: val_loss -0.4022
2025-02-27 12:47:57.146243: Pseudo dice [0.8275, 0.8286, 0.8599, 0.729]
2025-02-27 12:47:57.148768: Epoch time: 123.82 s
2025-02-27 12:47:57.151320: Yayy! New best EMA pseudo Dice: 0.6765
2025-02-27 12:48:01.074557: 
2025-02-27 12:48:01.077024: Epoch 30
2025-02-27 12:48:01.079288: Current learning rate: 0.00725
2025-02-27 12:50:08.989027: train_loss -0.4005
2025-02-27 12:50:09.005372: val_loss -0.4207
2025-02-27 12:50:09.007701: Pseudo dice [0.8125, 0.8283, 0.7976, 0.7524]
2025-02-27 12:50:09.010070: Epoch time: 127.92 s
2025-02-27 12:50:09.012153: Yayy! New best EMA pseudo Dice: 0.6887
2025-02-27 12:50:13.424226: 
2025-02-27 12:50:13.426333: Epoch 31
2025-02-27 12:50:13.428486: Current learning rate: 0.00716
2025-02-27 12:52:12.646958: train_loss -0.3903
2025-02-27 12:52:12.663057: val_loss -0.4295
2025-02-27 12:52:12.665548: Pseudo dice [0.8489, 0.8517, 0.8502, 0.7828]
2025-02-27 12:52:12.667687: Epoch time: 119.22 s
2025-02-27 12:52:12.669770: Yayy! New best EMA pseudo Dice: 0.7031
2025-02-27 12:52:16.590385: 
2025-02-27 12:52:16.593438: Epoch 32
2025-02-27 12:52:16.596640: Current learning rate: 0.00707
2025-02-27 12:54:20.778159: train_loss -0.3852
2025-02-27 12:54:20.782846: val_loss -0.428
2025-02-27 12:54:20.785260: Pseudo dice [0.7997, 0.8386, 0.7935, 0.8022]
2025-02-27 12:54:20.788018: Epoch time: 124.19 s
2025-02-27 12:54:20.789977: Yayy! New best EMA pseudo Dice: 0.7137
2025-02-27 12:54:25.241014: 
2025-02-27 12:54:25.243544: Epoch 33
2025-02-27 12:54:25.245668: Current learning rate: 0.00697
2025-02-27 12:56:32.106531: train_loss -0.3827
2025-02-27 12:56:32.111529: val_loss -0.4099
2025-02-27 12:56:32.113560: Pseudo dice [0.8483, 0.8229, 0.827, 0.7913]
2025-02-27 12:56:32.115580: Epoch time: 126.87 s
2025-02-27 12:56:32.117717: Yayy! New best EMA pseudo Dice: 0.7245
2025-02-27 12:56:36.211846: 
2025-02-27 12:56:36.214109: Epoch 34
2025-02-27 12:56:36.216207: Current learning rate: 0.00688
2025-02-27 12:58:36.233320: train_loss -0.3833
2025-02-27 12:58:36.237566: val_loss -0.4061
2025-02-27 12:58:36.239604: Pseudo dice [0.7661, 0.818, 0.7954, 0.7519]
2025-02-27 12:58:36.242101: Epoch time: 120.02 s
2025-02-27 12:58:36.244044: Yayy! New best EMA pseudo Dice: 0.7304
2025-02-27 12:58:40.810575: 
2025-02-27 12:58:40.813119: Epoch 35
2025-02-27 12:58:40.814872: Current learning rate: 0.00679
2025-02-27 13:00:56.125227: train_loss -0.3875
2025-02-27 13:00:56.142042: val_loss -0.4083
2025-02-27 13:00:56.144493: Pseudo dice [0.8008, 0.8233, 0.8186, 0.7695]
2025-02-27 13:00:56.146850: Epoch time: 135.32 s
2025-02-27 13:00:56.149242: Yayy! New best EMA pseudo Dice: 0.7376
2025-02-27 13:01:00.604478: 
2025-02-27 13:01:00.607282: Epoch 36
2025-02-27 13:01:00.609735: Current learning rate: 0.00669
2025-02-27 13:02:57.829764: train_loss -0.3905
2025-02-27 13:02:57.837637: val_loss -0.4024
2025-02-27 13:02:57.839941: Pseudo dice [0.7775, 0.8236, 0.7932, 0.77]
2025-02-27 13:02:57.841858: Epoch time: 117.23 s
2025-02-27 13:02:57.843786: Yayy! New best EMA pseudo Dice: 0.743
2025-02-27 13:03:01.708366: 
2025-02-27 13:03:01.711353: Epoch 37
2025-02-27 13:03:01.713649: Current learning rate: 0.0066
2025-02-27 13:04:59.870056: train_loss -0.3985
2025-02-27 13:04:59.874565: val_loss -0.4253
2025-02-27 13:04:59.886312: Pseudo dice [0.8409, 0.8339, 0.8129, 0.7917]
2025-02-27 13:04:59.888781: Epoch time: 118.16 s
2025-02-27 13:04:59.890995: Yayy! New best EMA pseudo Dice: 0.7507
2025-02-27 13:05:04.684940: 
2025-02-27 13:05:04.687211: Epoch 38
2025-02-27 13:05:04.689005: Current learning rate: 0.0065
2025-02-27 13:07:03.861531: train_loss -0.3851
2025-02-27 13:07:03.866760: val_loss -0.4043
2025-02-27 13:07:03.879683: Pseudo dice [0.8287, 0.7672, 0.8254, 0.7261]
2025-02-27 13:07:03.881775: Epoch time: 119.18 s
2025-02-27 13:07:03.883984: Yayy! New best EMA pseudo Dice: 0.7543
2025-02-27 13:07:08.392869: 
2025-02-27 13:07:08.396084: Epoch 39
2025-02-27 13:07:08.398103: Current learning rate: 0.00641
2025-02-27 13:09:14.431681: train_loss -0.3915
2025-02-27 13:09:14.435797: val_loss -0.4282
2025-02-27 13:09:14.438121: Pseudo dice [0.8185, 0.8211, 0.8394, 0.7679]
2025-02-27 13:09:14.440512: Epoch time: 126.04 s
2025-02-27 13:09:14.442831: Yayy! New best EMA pseudo Dice: 0.76
2025-02-27 13:09:19.287445: 
2025-02-27 13:09:19.289994: Epoch 40
2025-02-27 13:09:19.292543: Current learning rate: 0.00631
2025-02-27 13:11:31.850594: train_loss -0.4063
2025-02-27 13:11:31.855625: val_loss -0.4286
2025-02-27 13:11:31.857961: Pseudo dice [0.8305, 0.8557, 0.8301, 0.7745]
2025-02-27 13:11:31.860368: Epoch time: 132.57 s
2025-02-27 13:11:31.862657: Yayy! New best EMA pseudo Dice: 0.7663
2025-02-27 13:11:35.911647: 
2025-02-27 13:11:35.913885: Epoch 41
2025-02-27 13:11:35.915777: Current learning rate: 0.00622
2025-02-27 13:13:46.784938: train_loss -0.4042
2025-02-27 13:13:46.789710: val_loss -0.4323
2025-02-27 13:13:46.792434: Pseudo dice [0.8641, 0.8489, 0.8643, 0.8273]
2025-02-27 13:13:46.794773: Epoch time: 130.87 s
2025-02-27 13:13:46.797070: Yayy! New best EMA pseudo Dice: 0.7748
2025-02-27 13:13:51.240644: 
2025-02-27 13:13:51.243166: Epoch 42
2025-02-27 13:13:51.245284: Current learning rate: 0.00612
2025-02-27 13:16:04.702559: train_loss -0.4051
2025-02-27 13:16:04.707530: val_loss -0.4282
2025-02-27 13:16:04.710284: Pseudo dice [0.8518, 0.8565, 0.8711, 0.8128]
2025-02-27 13:16:04.712871: Epoch time: 133.46 s
2025-02-27 13:16:04.715679: Yayy! New best EMA pseudo Dice: 0.7821
2025-02-27 13:16:09.177810: 
2025-02-27 13:16:09.180693: Epoch 43
2025-02-27 13:16:09.182747: Current learning rate: 0.00603
2025-02-27 13:18:15.256195: train_loss -0.4308
2025-02-27 13:18:15.264091: val_loss -0.4356
2025-02-27 13:18:15.266444: Pseudo dice [0.8596, 0.861, 0.8685, 0.7947]
2025-02-27 13:18:15.269058: Epoch time: 126.08 s
2025-02-27 13:18:15.271248: Yayy! New best EMA pseudo Dice: 0.7885
2025-02-27 13:18:19.662543: 
2025-02-27 13:18:19.665568: Epoch 44
2025-02-27 13:18:19.668291: Current learning rate: 0.00593
2025-02-27 13:20:25.896099: train_loss -0.4232
2025-02-27 13:20:25.900442: val_loss -0.4124
2025-02-27 13:20:25.902622: Pseudo dice [0.8568, 0.8429, 0.8463, 0.7743]
2025-02-27 13:20:25.905182: Epoch time: 126.24 s
2025-02-27 13:20:25.907161: Yayy! New best EMA pseudo Dice: 0.7926
2025-02-27 13:20:30.401948: 
2025-02-27 13:20:30.404409: Epoch 45
2025-02-27 13:20:30.406215: Current learning rate: 0.00584
2025-02-27 13:22:43.888804: train_loss -0.4126
2025-02-27 13:22:43.893300: val_loss -0.4704
2025-02-27 13:22:43.895527: Pseudo dice [0.8561, 0.8721, 0.8686, 0.807]
2025-02-27 13:22:43.897709: Epoch time: 133.49 s
2025-02-27 13:22:43.899873: Yayy! New best EMA pseudo Dice: 0.7985
2025-02-27 13:22:48.014796: 
2025-02-27 13:22:48.017324: Epoch 46
2025-02-27 13:22:48.019466: Current learning rate: 0.00574
2025-02-27 13:24:56.213414: train_loss -0.4082
2025-02-27 13:24:56.218089: val_loss -0.4136
2025-02-27 13:24:56.221685: Pseudo dice [0.8211, 0.8502, 0.8143, 0.7978]
2025-02-27 13:24:56.226745: Epoch time: 128.2 s
2025-02-27 13:24:56.229168: Yayy! New best EMA pseudo Dice: 0.8007
2025-02-27 13:25:00.512018: 
2025-02-27 13:25:00.514657: Epoch 47
2025-02-27 13:25:00.517131: Current learning rate: 0.00565
2025-02-27 13:27:09.902287: train_loss -0.4164
2025-02-27 13:27:09.907171: val_loss -0.4429
2025-02-27 13:27:09.909786: Pseudo dice [0.8324, 0.8658, 0.8117, 0.8212]
2025-02-27 13:27:09.912321: Epoch time: 129.39 s
2025-02-27 13:27:09.914426: Yayy! New best EMA pseudo Dice: 0.8039
2025-02-27 13:27:14.586576: 
2025-02-27 13:27:14.589402: Epoch 48
2025-02-27 13:27:14.591546: Current learning rate: 0.00555
2025-02-27 13:29:27.978469: train_loss -0.4223
2025-02-27 13:29:27.981993: val_loss -0.4387
2025-02-27 13:29:27.995421: Pseudo dice [0.8118, 0.8553, 0.8109, 0.8259]
2025-02-27 13:29:27.996742: Epoch time: 133.39 s
2025-02-27 13:29:27.998004: Yayy! New best EMA pseudo Dice: 0.8061
2025-02-27 13:29:32.307364: 
2025-02-27 13:29:32.309983: Epoch 49
2025-02-27 13:29:32.312253: Current learning rate: 0.00546
2025-02-27 13:31:36.591384: train_loss -0.42
2025-02-27 13:31:36.596674: val_loss -0.4566
2025-02-27 13:31:36.599086: Pseudo dice [0.8628, 0.8792, 0.8626, 0.8332]
2025-02-27 13:31:36.601661: Epoch time: 124.29 s
2025-02-27 13:31:38.929704: Yayy! New best EMA pseudo Dice: 0.8115
2025-02-27 13:31:43.308691: 
2025-02-27 13:31:43.310600: Epoch 50
2025-02-27 13:31:43.311993: Current learning rate: 0.00536
2025-02-27 13:33:46.812370: train_loss -0.4315
2025-02-27 13:33:46.816574: val_loss -0.4704
2025-02-27 13:33:46.818303: Pseudo dice [0.8528, 0.8568, 0.8774, 0.8044]
2025-02-27 13:33:46.820142: Epoch time: 123.51 s
2025-02-27 13:33:46.822159: Yayy! New best EMA pseudo Dice: 0.8151
2025-02-27 13:33:51.416996: 
2025-02-27 13:33:51.419604: Epoch 51
2025-02-27 13:33:51.421845: Current learning rate: 0.00526
2025-02-27 13:36:05.206272: train_loss -0.4225
2025-02-27 13:36:05.210812: val_loss -0.4611
2025-02-27 13:36:05.213300: Pseudo dice [0.8547, 0.8837, 0.8523, 0.8411]
2025-02-27 13:36:05.215578: Epoch time: 133.79 s
2025-02-27 13:36:05.218119: Yayy! New best EMA pseudo Dice: 0.8194
2025-02-27 13:36:09.814536: 
2025-02-27 13:36:09.816869: Epoch 52
2025-02-27 13:36:09.818531: Current learning rate: 0.00517
2025-02-27 13:38:10.562146: train_loss -0.4248
2025-02-27 13:38:10.572115: val_loss -0.4338
2025-02-27 13:38:10.587065: Pseudo dice [0.8611, 0.8646, 0.8729, 0.7987]
2025-02-27 13:38:10.589417: Epoch time: 120.75 s
2025-02-27 13:38:10.591354: Yayy! New best EMA pseudo Dice: 0.8224
2025-02-27 13:38:15.305752: 
2025-02-27 13:38:15.307678: Epoch 53
2025-02-27 13:38:15.309573: Current learning rate: 0.00507
2025-02-27 13:40:15.736830: train_loss -0.4332
2025-02-27 13:40:15.741668: val_loss -0.4461
2025-02-27 13:40:15.745885: Pseudo dice [0.8792, 0.8601, 0.8627, 0.7939]
2025-02-27 13:40:15.748267: Epoch time: 120.43 s
2025-02-27 13:40:15.750655: Yayy! New best EMA pseudo Dice: 0.825
2025-02-27 13:40:20.208786: 
2025-02-27 13:40:20.211428: Epoch 54
2025-02-27 13:40:20.213390: Current learning rate: 0.00497
2025-02-27 13:42:25.959726: train_loss -0.4219
2025-02-27 13:42:25.965237: val_loss -0.4559
2025-02-27 13:42:25.980206: Pseudo dice [0.8406, 0.8763, 0.8567, 0.8328]
2025-02-27 13:42:25.982918: Epoch time: 125.75 s
2025-02-27 13:42:25.985694: Yayy! New best EMA pseudo Dice: 0.8277
2025-02-27 13:42:30.485923: 
2025-02-27 13:42:30.489261: Epoch 55
2025-02-27 13:42:30.491359: Current learning rate: 0.00487
2025-02-27 13:44:33.965745: train_loss -0.4205
2025-02-27 13:44:33.970074: val_loss -0.4682
2025-02-27 13:44:33.972457: Pseudo dice [0.8558, 0.8776, 0.8584, 0.8147]
2025-02-27 13:44:33.975099: Epoch time: 123.48 s
2025-02-27 13:44:33.977798: Yayy! New best EMA pseudo Dice: 0.8301
2025-02-27 13:44:38.446469: 
2025-02-27 13:44:38.448936: Epoch 56
2025-02-27 13:44:38.450988: Current learning rate: 0.00478
2025-02-27 13:46:39.292654: train_loss -0.4332
2025-02-27 13:46:39.297359: val_loss -0.4494
2025-02-27 13:46:39.299768: Pseudo dice [0.8422, 0.884, 0.8525, 0.836]
2025-02-27 13:46:39.302269: Epoch time: 120.85 s
2025-02-27 13:46:39.304634: Yayy! New best EMA pseudo Dice: 0.8324
2025-02-27 13:46:43.659295: 
2025-02-27 13:46:43.662053: Epoch 57
2025-02-27 13:46:43.664430: Current learning rate: 0.00468
2025-02-27 13:48:43.767444: train_loss -0.4351
2025-02-27 13:48:43.773003: val_loss -0.4331
2025-02-27 13:48:43.775673: Pseudo dice [0.8293, 0.8896, 0.8445, 0.8373]
2025-02-27 13:48:43.778311: Epoch time: 120.11 s
2025-02-27 13:48:43.780635: Yayy! New best EMA pseudo Dice: 0.8342
2025-02-27 13:48:48.247046: 
2025-02-27 13:48:48.249943: Epoch 58
2025-02-27 13:48:48.252355: Current learning rate: 0.00458
2025-02-27 13:50:42.928028: train_loss -0.4508
2025-02-27 13:50:42.932609: val_loss -0.4642
2025-02-27 13:50:42.934786: Pseudo dice [0.8851, 0.8662, 0.8853, 0.8148]
2025-02-27 13:50:42.937073: Epoch time: 114.68 s
2025-02-27 13:50:42.938927: Yayy! New best EMA pseudo Dice: 0.8371
2025-02-27 13:50:47.469415: 
2025-02-27 13:50:47.472740: Epoch 59
2025-02-27 13:50:47.474909: Current learning rate: 0.00448
2025-02-27 13:52:53.482821: train_loss -0.4408
2025-02-27 13:52:53.488152: val_loss -0.4745
2025-02-27 13:52:53.491084: Pseudo dice [0.8892, 0.8827, 0.879, 0.8305]
2025-02-27 13:52:53.503690: Epoch time: 126.02 s
2025-02-27 13:52:53.506438: Yayy! New best EMA pseudo Dice: 0.8404
2025-02-27 13:52:58.025722: 
2025-02-27 13:52:58.028768: Epoch 60
2025-02-27 13:52:58.031879: Current learning rate: 0.00438
2025-02-27 13:54:58.257307: train_loss -0.4535
2025-02-27 13:54:58.264884: val_loss -0.4649
2025-02-27 13:54:58.267599: Pseudo dice [0.8681, 0.8819, 0.8728, 0.8332]
2025-02-27 13:54:58.270223: Epoch time: 120.23 s
2025-02-27 13:54:58.272709: Yayy! New best EMA pseudo Dice: 0.8428
2025-02-27 13:55:03.243773: 
2025-02-27 13:55:03.246756: Epoch 61
2025-02-27 13:55:03.249485: Current learning rate: 0.00429
2025-02-27 13:57:01.317022: train_loss -0.4519
2025-02-27 13:57:01.336561: val_loss -0.4493
2025-02-27 13:57:01.339061: Pseudo dice [0.8829, 0.888, 0.8802, 0.8197]
2025-02-27 13:57:01.341750: Epoch time: 118.07 s
2025-02-27 13:57:01.344024: Yayy! New best EMA pseudo Dice: 0.8453
2025-02-27 13:57:05.802990: 
2025-02-27 13:57:05.805077: Epoch 62
2025-02-27 13:57:05.806865: Current learning rate: 0.00419
2025-02-27 13:59:10.221275: train_loss -0.4451
2025-02-27 13:59:10.226529: val_loss -0.4634
2025-02-27 13:59:10.229207: Pseudo dice [0.8679, 0.8973, 0.8593, 0.8194]
2025-02-27 13:59:10.231232: Epoch time: 124.42 s
2025-02-27 13:59:10.233185: Yayy! New best EMA pseudo Dice: 0.8468
2025-02-27 13:59:14.770411: 
2025-02-27 13:59:14.773093: Epoch 63
2025-02-27 13:59:14.775166: Current learning rate: 0.00409
2025-02-27 14:01:26.060242: train_loss -0.4587
2025-02-27 14:01:26.072712: val_loss -0.476
2025-02-27 14:01:26.075069: Pseudo dice [0.867, 0.8931, 0.8602, 0.8433]
2025-02-27 14:01:26.077756: Epoch time: 131.29 s
2025-02-27 14:01:26.080324: Yayy! New best EMA pseudo Dice: 0.8487
2025-02-27 14:01:29.946514: 
2025-02-27 14:01:29.949090: Epoch 64
2025-02-27 14:01:29.951069: Current learning rate: 0.00399
2025-02-27 14:03:36.851123: train_loss -0.452
2025-02-27 14:03:36.855839: val_loss -0.4609
2025-02-27 14:03:36.859331: Pseudo dice [0.8489, 0.8801, 0.8775, 0.8042]
2025-02-27 14:03:36.861892: Epoch time: 126.91 s
2025-02-27 14:03:36.864117: Yayy! New best EMA pseudo Dice: 0.8491
2025-02-27 14:03:41.209296: 
2025-02-27 14:03:41.211360: Epoch 65
2025-02-27 14:03:41.213003: Current learning rate: 0.00389
2025-02-27 14:05:38.955676: train_loss -0.459
2025-02-27 14:05:38.964100: val_loss -0.5011
2025-02-27 14:05:38.996916: Pseudo dice [0.8849, 0.8882, 0.8887, 0.8422]
2025-02-27 14:05:39.000147: Epoch time: 117.75 s
2025-02-27 14:05:39.003254: Yayy! New best EMA pseudo Dice: 0.8518
2025-02-27 14:05:43.568830: 
2025-02-27 14:05:43.571324: Epoch 66
2025-02-27 14:05:43.573525: Current learning rate: 0.00379
2025-02-27 14:07:34.364887: train_loss -0.462
2025-02-27 14:07:34.373992: val_loss -0.4726
2025-02-27 14:07:34.375793: Pseudo dice [0.892, 0.9035, 0.8875, 0.854]
2025-02-27 14:07:34.377455: Epoch time: 110.8 s
2025-02-27 14:07:34.379024: Yayy! New best EMA pseudo Dice: 0.8551
2025-02-27 14:07:38.511272: 
2025-02-27 14:07:38.513653: Epoch 67
2025-02-27 14:07:38.515675: Current learning rate: 0.00369
2025-02-27 14:09:38.315668: train_loss -0.4573
2025-02-27 14:09:38.328168: val_loss -0.4771
2025-02-27 14:09:38.330710: Pseudo dice [0.8882, 0.8943, 0.8876, 0.8434]
2025-02-27 14:09:38.333350: Epoch time: 119.81 s
2025-02-27 14:09:38.335603: Yayy! New best EMA pseudo Dice: 0.8574
2025-02-27 14:09:43.044081: 
2025-02-27 14:09:43.046359: Epoch 68
2025-02-27 14:09:43.047934: Current learning rate: 0.00359
2025-02-27 14:12:01.733748: train_loss -0.4571
2025-02-27 14:12:01.738270: val_loss -0.4857
2025-02-27 14:12:01.740605: Pseudo dice [0.9005, 0.891, 0.8829, 0.8124]
2025-02-27 14:12:01.743049: Epoch time: 138.69 s
2025-02-27 14:12:01.745218: Yayy! New best EMA pseudo Dice: 0.8588
2025-02-27 14:12:05.529794: 
2025-02-27 14:12:05.531733: Epoch 69
2025-02-27 14:12:05.533465: Current learning rate: 0.00349
2025-02-27 14:14:06.653967: train_loss -0.4497
2025-02-27 14:14:06.659489: val_loss -0.4583
2025-02-27 14:14:06.661233: Pseudo dice [0.886, 0.8542, 0.8746, 0.8081]
2025-02-27 14:14:06.662719: Epoch time: 121.13 s
2025-02-27 14:14:08.910416: 
2025-02-27 14:14:08.912621: Epoch 70
2025-02-27 14:14:08.914430: Current learning rate: 0.00338
2025-02-27 14:16:05.973931: train_loss -0.4609
2025-02-27 14:16:05.978951: val_loss -0.4792
2025-02-27 14:16:05.981414: Pseudo dice [0.8943, 0.904, 0.8907, 0.8293]
2025-02-27 14:16:05.983465: Epoch time: 117.07 s
2025-02-27 14:16:05.985865: Yayy! New best EMA pseudo Dice: 0.8606
2025-02-27 14:16:10.525956: 
2025-02-27 14:16:10.528811: Epoch 71
2025-02-27 14:16:10.531178: Current learning rate: 0.00328
2025-02-27 14:18:18.521980: train_loss -0.472
2025-02-27 14:18:18.531537: val_loss -0.4954
2025-02-27 14:18:18.534477: Pseudo dice [0.8961, 0.9073, 0.887, 0.8486]
2025-02-27 14:18:18.537076: Epoch time: 128.0 s
2025-02-27 14:18:18.539252: Yayy! New best EMA pseudo Dice: 0.863
2025-02-27 14:18:22.433322: 
2025-02-27 14:18:22.435550: Epoch 72
2025-02-27 14:18:22.437546: Current learning rate: 0.00318
2025-02-27 14:20:37.727339: train_loss -0.4767
2025-02-27 14:20:37.753810: val_loss -0.4877
2025-02-27 14:20:37.756492: Pseudo dice [0.8943, 0.8986, 0.8892, 0.8494]
2025-02-27 14:20:37.758601: Epoch time: 135.3 s
2025-02-27 14:20:37.767323: Yayy! New best EMA pseudo Dice: 0.865
2025-02-27 14:20:42.248770: 
2025-02-27 14:20:42.250938: Epoch 73
2025-02-27 14:20:42.252838: Current learning rate: 0.00308
2025-02-27 14:22:47.789028: train_loss -0.4631
2025-02-27 14:22:47.792999: val_loss -0.4656
2025-02-27 14:22:47.795594: Pseudo dice [0.9006, 0.9087, 0.8934, 0.8428]
2025-02-27 14:22:47.800387: Epoch time: 125.54 s
2025-02-27 14:22:47.802185: Yayy! New best EMA pseudo Dice: 0.8672
2025-02-27 14:22:52.250479: 
2025-02-27 14:22:52.253194: Epoch 74
2025-02-27 14:22:52.255055: Current learning rate: 0.00297
2025-02-27 14:24:57.774148: train_loss -0.4731
2025-02-27 14:24:57.781561: val_loss -0.504
2025-02-27 14:24:57.784417: Pseudo dice [0.9073, 0.8961, 0.8938, 0.855]
2025-02-27 14:24:57.786937: Epoch time: 125.53 s
2025-02-27 14:24:57.790322: Yayy! New best EMA pseudo Dice: 0.8692
2025-02-27 14:25:01.658187: 
2025-02-27 14:25:01.661370: Epoch 75
2025-02-27 14:25:01.663656: Current learning rate: 0.00287
2025-02-27 14:27:05.142196: train_loss -0.476
2025-02-27 14:27:05.150838: val_loss -0.5098
2025-02-27 14:27:05.153778: Pseudo dice [0.8868, 0.9118, 0.8882, 0.8656]
2025-02-27 14:27:05.156505: Epoch time: 123.49 s
2025-02-27 14:27:05.158996: Yayy! New best EMA pseudo Dice: 0.8711
2025-02-27 14:27:09.828582: 
2025-02-27 14:27:09.831590: Epoch 76
2025-02-27 14:27:09.834235: Current learning rate: 0.00277
2025-02-27 14:29:19.819053: train_loss -0.4798
2025-02-27 14:29:19.824567: val_loss -0.518
2025-02-27 14:29:19.826858: Pseudo dice [0.8903, 0.9138, 0.8955, 0.8654]
2025-02-27 14:29:19.829654: Epoch time: 129.99 s
2025-02-27 14:29:19.832040: Yayy! New best EMA pseudo Dice: 0.8731
2025-02-27 14:29:24.017229: 
2025-02-27 14:29:24.020043: Epoch 77
2025-02-27 14:29:24.022302: Current learning rate: 0.00266
2025-02-27 14:31:17.129992: train_loss -0.4649
2025-02-27 14:31:17.133737: val_loss -0.497
2025-02-27 14:31:17.135903: Pseudo dice [0.8938, 0.9159, 0.891, 0.8805]
2025-02-27 14:31:17.138154: Epoch time: 113.11 s
2025-02-27 14:31:17.140494: Yayy! New best EMA pseudo Dice: 0.8754
2025-02-27 14:31:21.371288: 
2025-02-27 14:31:21.373950: Epoch 78
2025-02-27 14:31:21.376100: Current learning rate: 0.00256
2025-02-27 14:33:19.201288: train_loss -0.4743
2025-02-27 14:33:19.206254: val_loss -0.4833
2025-02-27 14:33:19.209167: Pseudo dice [0.9017, 0.9173, 0.8911, 0.8604]
2025-02-27 14:33:19.211555: Epoch time: 117.83 s
2025-02-27 14:33:19.213927: Yayy! New best EMA pseudo Dice: 0.8771
2025-02-27 14:33:23.619374: 
2025-02-27 14:33:23.622045: Epoch 79
2025-02-27 14:33:23.623980: Current learning rate: 0.00245
2025-02-27 14:35:35.151984: train_loss -0.4687
2025-02-27 14:35:35.168684: val_loss -0.4832
2025-02-27 14:35:35.171073: Pseudo dice [0.884, 0.9064, 0.8779, 0.8665]
2025-02-27 14:35:35.173764: Epoch time: 131.53 s
2025-02-27 14:35:35.176031: Yayy! New best EMA pseudo Dice: 0.8777
2025-02-27 14:35:39.517421: 
2025-02-27 14:35:39.520348: Epoch 80
2025-02-27 14:35:39.522537: Current learning rate: 0.00235
2025-02-27 14:37:35.671613: train_loss -0.4686
2025-02-27 14:37:35.688787: val_loss -0.4952
2025-02-27 14:37:35.691194: Pseudo dice [0.9043, 0.9019, 0.8975, 0.859]
2025-02-27 14:37:35.693836: Epoch time: 116.16 s
2025-02-27 14:37:35.696078: Yayy! New best EMA pseudo Dice: 0.879
2025-02-27 14:37:40.270248: 
2025-02-27 14:37:40.272674: Epoch 81
2025-02-27 14:37:40.274790: Current learning rate: 0.00224
2025-02-27 14:39:42.483767: train_loss -0.482
2025-02-27 14:39:42.488877: val_loss -0.4939
2025-02-27 14:39:42.491488: Pseudo dice [0.8992, 0.8873, 0.8916, 0.8238]
2025-02-27 14:39:42.494102: Epoch time: 122.22 s
2025-02-27 14:39:44.128603: 
2025-02-27 14:39:44.130934: Epoch 82
2025-02-27 14:39:44.133128: Current learning rate: 0.00214
2025-02-27 14:41:40.807650: train_loss -0.4681
2025-02-27 14:41:40.817616: val_loss -0.5047
2025-02-27 14:41:40.820520: Pseudo dice [0.8957, 0.9061, 0.8827, 0.8557]
2025-02-27 14:41:40.823333: Epoch time: 116.68 s
2025-02-27 14:41:40.826164: Yayy! New best EMA pseudo Dice: 0.8793
2025-02-27 14:41:45.385214: 
2025-02-27 14:41:45.388252: Epoch 83
2025-02-27 14:41:45.390449: Current learning rate: 0.00203
2025-02-27 14:43:50.767630: train_loss -0.4866
2025-02-27 14:43:50.774843: val_loss -0.5196
2025-02-27 14:43:50.787623: Pseudo dice [0.905, 0.9151, 0.8934, 0.875]
2025-02-27 14:43:50.790510: Epoch time: 125.38 s
2025-02-27 14:43:50.792558: Yayy! New best EMA pseudo Dice: 0.8811
2025-02-27 14:43:55.268833: 
2025-02-27 14:43:55.271293: Epoch 84
2025-02-27 14:43:55.273528: Current learning rate: 0.00192
2025-02-27 14:45:48.737695: train_loss -0.466
2025-02-27 14:45:48.741354: val_loss -0.4872
2025-02-27 14:45:48.742864: Pseudo dice [0.8988, 0.9155, 0.899, 0.8708]
2025-02-27 14:45:48.744274: Epoch time: 113.47 s
2025-02-27 14:45:48.745790: Yayy! New best EMA pseudo Dice: 0.8826
2025-02-27 14:45:53.325547: 
2025-02-27 14:45:53.328026: Epoch 85
2025-02-27 14:45:53.329345: Current learning rate: 0.00181
2025-02-27 14:47:57.443395: train_loss -0.4926
2025-02-27 14:47:57.448953: val_loss -0.4828
2025-02-27 14:47:57.451127: Pseudo dice [0.8955, 0.9096, 0.8986, 0.8675]
2025-02-27 14:47:57.453486: Epoch time: 124.12 s
2025-02-27 14:47:57.455779: Yayy! New best EMA pseudo Dice: 0.8836
2025-02-27 14:48:01.362536: 
2025-02-27 14:48:01.365037: Epoch 86
2025-02-27 14:48:01.366878: Current learning rate: 0.0017
2025-02-27 14:50:06.391135: train_loss -0.4692
2025-02-27 14:50:06.407839: val_loss -0.5157
2025-02-27 14:50:06.411005: Pseudo dice [0.9033, 0.9169, 0.9051, 0.8869]
2025-02-27 14:50:06.413903: Epoch time: 125.03 s
2025-02-27 14:50:06.416373: Yayy! New best EMA pseudo Dice: 0.8856
2025-02-27 14:50:11.121334: 
2025-02-27 14:50:11.123797: Epoch 87
2025-02-27 14:50:11.126171: Current learning rate: 0.00159
2025-02-27 14:52:15.311773: train_loss -0.4833
2025-02-27 14:52:15.323972: val_loss -0.5094
2025-02-27 14:52:15.327792: Pseudo dice [0.9082, 0.9192, 0.9093, 0.8795]
2025-02-27 14:52:15.331670: Epoch time: 124.19 s
2025-02-27 14:52:15.335186: Yayy! New best EMA pseudo Dice: 0.8874
2025-02-27 14:52:19.737739: 
2025-02-27 14:52:19.741196: Epoch 88
2025-02-27 14:52:19.744417: Current learning rate: 0.00148
2025-02-27 14:54:26.419655: train_loss -0.4854
2025-02-27 14:54:26.424826: val_loss -0.5121
2025-02-27 14:54:26.427166: Pseudo dice [0.9085, 0.9204, 0.8932, 0.8767]
2025-02-27 14:54:26.429502: Epoch time: 126.68 s
2025-02-27 14:54:26.431371: Yayy! New best EMA pseudo Dice: 0.8886
2025-02-27 14:54:31.006901: 
2025-02-27 14:54:31.010029: Epoch 89
2025-02-27 14:54:31.012310: Current learning rate: 0.00137
2025-02-27 14:56:23.448936: train_loss -0.4881
2025-02-27 14:56:23.475449: val_loss -0.4579
2025-02-27 14:56:23.480285: Pseudo dice [0.8981, 0.9175, 0.8906, 0.8635]
2025-02-27 14:56:23.483750: Epoch time: 112.44 s
2025-02-27 14:56:23.487144: Yayy! New best EMA pseudo Dice: 0.889
2025-02-27 14:56:27.340491: 
2025-02-27 14:56:27.343532: Epoch 90
2025-02-27 14:56:27.346330: Current learning rate: 0.00126
2025-02-27 14:58:30.255986: train_loss -0.4885
2025-02-27 14:58:30.270621: val_loss -0.5113
2025-02-27 14:58:30.273801: Pseudo dice [0.9077, 0.9199, 0.8928, 0.8679]
2025-02-27 14:58:30.276987: Epoch time: 122.92 s
2025-02-27 14:58:30.280335: Yayy! New best EMA pseudo Dice: 0.8898
2025-02-27 14:58:34.716543: 
2025-02-27 14:58:34.718677: Epoch 91
2025-02-27 14:58:34.720372: Current learning rate: 0.00115
2025-02-27 15:00:31.657489: train_loss -0.4919
2025-02-27 15:00:31.661622: val_loss -0.5063
2025-02-27 15:00:31.663599: Pseudo dice [0.897, 0.9168, 0.8948, 0.8678]
2025-02-27 15:00:31.666057: Epoch time: 116.94 s
2025-02-27 15:00:31.675386: Yayy! New best EMA pseudo Dice: 0.8902
2025-02-27 15:00:36.048266: 
2025-02-27 15:00:36.051092: Epoch 92
2025-02-27 15:00:36.053802: Current learning rate: 0.00103
2025-02-27 15:02:40.643686: train_loss -0.4845
2025-02-27 15:02:40.646964: val_loss -0.4802
2025-02-27 15:02:40.648791: Pseudo dice [0.9031, 0.9218, 0.8968, 0.8786]
2025-02-27 15:02:40.650119: Epoch time: 124.6 s
2025-02-27 15:02:40.651388: Yayy! New best EMA pseudo Dice: 0.8912
2025-02-27 15:02:45.144985: 
2025-02-27 15:02:45.147715: Epoch 93
2025-02-27 15:02:45.150423: Current learning rate: 0.00091
2025-02-27 15:04:51.788393: train_loss -0.4902
2025-02-27 15:04:51.805475: val_loss -0.5133
2025-02-27 15:04:51.807969: Pseudo dice [0.9035, 0.923, 0.9062, 0.8716]
2025-02-27 15:04:51.810398: Epoch time: 126.65 s
2025-02-27 15:04:51.812872: Yayy! New best EMA pseudo Dice: 0.8922
2025-02-27 15:04:56.070275: 
2025-02-27 15:04:56.072685: Epoch 94
2025-02-27 15:04:56.074531: Current learning rate: 0.00079
2025-02-27 15:07:04.373047: train_loss -0.492
2025-02-27 15:07:04.381836: val_loss -0.5265
2025-02-27 15:07:04.393034: Pseudo dice [0.9131, 0.9199, 0.9008, 0.8876]
2025-02-27 15:07:04.395936: Epoch time: 128.3 s
2025-02-27 15:07:04.398567: Yayy! New best EMA pseudo Dice: 0.8935
2025-02-27 15:07:08.870868: 
2025-02-27 15:07:08.873199: Epoch 95
2025-02-27 15:07:08.875193: Current learning rate: 0.00067
2025-02-27 15:09:15.249714: train_loss -0.4761
2025-02-27 15:09:15.253498: val_loss -0.5132
2025-02-27 15:09:15.255407: Pseudo dice [0.9097, 0.919, 0.907, 0.8858]
2025-02-27 15:09:15.258411: Epoch time: 126.38 s
2025-02-27 15:09:15.273271: Yayy! New best EMA pseudo Dice: 0.8947
2025-02-27 15:09:19.718872: 
2025-02-27 15:09:19.720883: Epoch 96
2025-02-27 15:09:19.722829: Current learning rate: 0.00055
2025-02-27 15:11:24.457903: train_loss -0.5024
2025-02-27 15:11:24.463130: val_loss -0.4751
2025-02-27 15:11:24.465776: Pseudo dice [0.9105, 0.9209, 0.9007, 0.873]
2025-02-27 15:11:24.468083: Epoch time: 124.74 s
2025-02-27 15:11:24.470041: Yayy! New best EMA pseudo Dice: 0.8954
2025-02-27 15:11:29.357106: 
2025-02-27 15:11:29.359555: Epoch 97
2025-02-27 15:11:29.361577: Current learning rate: 0.00043
2025-02-27 15:13:25.706331: train_loss -0.4952
2025-02-27 15:13:25.722503: val_loss -0.5127
2025-02-27 15:13:25.725401: Pseudo dice [0.9031, 0.9136, 0.9053, 0.8851]
2025-02-27 15:13:25.728083: Epoch time: 116.35 s
2025-02-27 15:13:25.730349: Yayy! New best EMA pseudo Dice: 0.896
2025-02-27 15:13:30.390005: 
2025-02-27 15:13:30.392385: Epoch 98
2025-02-27 15:13:30.393833: Current learning rate: 0.0003
2025-02-27 15:15:39.439270: train_loss -0.498
2025-02-27 15:15:39.444457: val_loss -0.4906
2025-02-27 15:15:39.446763: Pseudo dice [0.9023, 0.9212, 0.9031, 0.8785]
2025-02-27 15:15:39.449134: Epoch time: 129.05 s
2025-02-27 15:15:39.455205: Yayy! New best EMA pseudo Dice: 0.8965
2025-02-27 15:15:43.333367: 
2025-02-27 15:15:43.335430: Epoch 99
2025-02-27 15:15:43.337441: Current learning rate: 0.00016
2025-02-27 15:17:38.673068: train_loss -0.4887
2025-02-27 15:17:38.683584: val_loss -0.5154
2025-02-27 15:17:38.685982: Pseudo dice [0.908, 0.9168, 0.8993, 0.8751]
2025-02-27 15:17:38.688548: Epoch time: 115.34 s
2025-02-27 15:17:38.690712: Yayy! New best EMA pseudo Dice: 0.8969
2025-02-27 15:17:44.948959: Training done.
