Starting at Thu 20 Feb 2025 04:24:25 PM GMT

############################
INFO: You are using the old nnU-Net default plans. We have updated our recommendations. Please consider using those instead! Read more here: https://github.com/MIC-DKFZ/nnUNet/blob/master/documentation/resenc_presets.md
############################

Using device: cuda:0

#######################################################################
Please cite the following paper when using nnU-Net:
Isensee, F., Jaeger, P. F., Kohl, S. A., Petersen, J., & Maier-Hein, K. H. (2021). nnU-Net: a self-configuring method for deep learning-based biomedical image segmentation. Nature methods, 18(2), 203-211.
#######################################################################

2025-02-20 16:24:45.366236: do_dummy_2d_data_aug: False
2025-02-20 16:24:45.374641: Using splits from existing split file: /home3/hghr96/parm/work/AD_project/segmentation/nnUNet/data/nnUNet_preprocess/Dataset501_AD/splits_final.json
2025-02-20 16:24:45.378135: The split file contains 5 splits.
2025-02-20 16:24:45.379573: Desired fold for training: 2
2025-02-20 16:24:45.380961: This split has 70 training and 18 validation cases.
using pin_memory on device 0
/home3/hghr96/miniconda3/envs/nnUnet/lib/python3.9/site-packages/torch/optim/lr_scheduler.py:62: UserWarning: The verbose parameter is deprecated. Please use get_last_lr() to access the learning rate.
  warnings.warn(
using pin_memory on device 0

This is the configuration used by this training:
Configuration name: 3d_fullres
 {'data_identifier': 'nnUNetPlans_3d_fullres', 'preprocessor_name': 'DefaultPreprocessor', 'batch_size': 2, 'patch_size': [112, 192, 112], 'median_image_size_in_voxels': [512.0, 834.0, 512.0], 'spacing': [0.78515625, 0.7000000476837158, 0.78515625], 'normalization_schemes': ['CTNormalization'], 'use_mask_for_norm': [False], 'resampling_fn_data': 'resample_data_or_seg_to_shape', 'resampling_fn_seg': 'resample_data_or_seg_to_shape', 'resampling_fn_data_kwargs': {'is_seg': False, 'order': 3, 'order_z': 0, 'force_separate_z': None}, 'resampling_fn_seg_kwargs': {'is_seg': True, 'order': 1, 'order_z': 0, 'force_separate_z': None}, 'resampling_fn_probabilities': 'resample_data_or_seg_to_shape', 'resampling_fn_probabilities_kwargs': {'is_seg': False, 'order': 1, 'order_z': 0, 'force_separate_z': None}, 'architecture': {'network_class_name': 'dynamic_network_architectures.architectures.unet.PlainConvUNet', 'arch_kwargs': {'n_stages': 6, 'features_per_stage': [32, 64, 128, 256, 320, 320], 'conv_op': 'torch.nn.modules.conv.Conv3d', 'kernel_sizes': [[3, 3, 3], [3, 3, 3], [3, 3, 3], [3, 3, 3], [3, 3, 3], [3, 3, 3]], 'strides': [[1, 1, 1], [2, 2, 2], [2, 2, 2], [2, 2, 2], [2, 2, 2], [1, 2, 1]], 'n_conv_per_stage': [2, 2, 2, 2, 2, 2], 'n_conv_per_stage_decoder': [2, 2, 2, 2, 2], 'conv_bias': True, 'norm_op': 'torch.nn.modules.instancenorm.InstanceNorm3d', 'norm_op_kwargs': {'eps': 1e-05, 'affine': True}, 'dropout_op': None, 'dropout_op_kwargs': None, 'nonlin': 'torch.nn.LeakyReLU', 'nonlin_kwargs': {'inplace': True}}, '_kw_requires_import': ['conv_op', 'norm_op', 'dropout_op', 'nonlin']}, 'batch_dice': True} 

These are the global plan.json settings:
 {'dataset_name': 'Dataset501_AD', 'plans_name': 'nnUNetPlans', 'original_median_spacing_after_transp': [0.78515625, 0.7000000476837158, 0.78515625], 'original_median_shape_after_transp': [512, 800, 512], 'image_reader_writer': 'SimpleITKIO', 'transpose_forward': [1, 0, 2], 'transpose_backward': [1, 0, 2], 'experiment_planner_used': 'ExperimentPlanner', 'label_manager': 'LabelManager', 'foreground_intensity_properties_per_channel': {'0': {'max': 3071.0, 'mean': 161.64767456054688, 'median': 182.0, 'min': -1103.0, 'percentile_00_5': -840.0, 'percentile_99_5': 778.0, 'std': 241.90689086914062}}} 

2025-02-20 16:25:01.569546: unpacking dataset...
2025-02-20 16:25:45.851194: unpacking done...
2025-02-20 16:25:45.936008: Unable to plot network architecture:
2025-02-20 16:25:45.950085: No module named 'hiddenlayer'
2025-02-20 16:25:46.036043: 
2025-02-20 16:25:46.049330: Epoch 0
2025-02-20 16:25:46.061792: Current learning rate: 0.01
2025-02-20 16:34:29.590704: train_loss 0.4742
2025-02-20 16:34:29.601552: val_loss 0.3497
2025-02-20 16:34:29.607928: Pseudo dice [0.0, 0.0, 0.0, 0.0]
2025-02-20 16:34:29.614305: Epoch time: 523.56 s
2025-02-20 16:34:29.619607: Yayy! New best EMA pseudo Dice: 0.0
2025-02-20 16:34:33.286519: 
2025-02-20 16:34:33.290789: Epoch 1
2025-02-20 16:34:33.296916: Current learning rate: 0.00991
2025-02-20 16:38:55.615631: train_loss 0.3629
2025-02-20 16:38:55.620913: val_loss 0.3251
2025-02-20 16:38:55.623156: Pseudo dice [0.0, 0.0, 0.0, 0.0]
2025-02-20 16:38:55.625609: Epoch time: 262.33 s
2025-02-20 16:38:57.295555: 
2025-02-20 16:38:57.300110: Epoch 2
2025-02-20 16:38:57.305038: Current learning rate: 0.00982
2025-02-20 16:43:27.386567: train_loss 0.3204
2025-02-20 16:43:27.392328: val_loss 0.3101
2025-02-20 16:43:27.395315: Pseudo dice [0.0, 0.0, 0.0, 0.0]
2025-02-20 16:43:27.397623: Epoch time: 270.09 s
2025-02-20 16:43:29.018821: 
2025-02-20 16:43:29.024649: Epoch 3
2025-02-20 16:43:29.029982: Current learning rate: 0.00973
2025-02-20 16:48:24.241592: train_loss 0.2887
2025-02-20 16:48:24.250011: val_loss 0.2752
2025-02-20 16:48:24.254796: Pseudo dice [0.0, 0.2001, 0.0, 0.0]
2025-02-20 16:48:24.261961: Epoch time: 295.22 s
2025-02-20 16:48:24.265949: Yayy! New best EMA pseudo Dice: 0.005
2025-02-20 16:48:28.064998: 
2025-02-20 16:48:28.069726: Epoch 4
2025-02-20 16:48:28.075796: Current learning rate: 0.00964
2025-02-20 16:53:26.801662: train_loss 0.2647
2025-02-20 16:53:26.807622: val_loss 0.2655
2025-02-20 16:53:26.809909: Pseudo dice [0.0, 0.0189, 0.0, 0.271]
2025-02-20 16:53:26.812605: Epoch time: 298.74 s
2025-02-20 16:53:26.815145: Yayy! New best EMA pseudo Dice: 0.0117
2025-02-20 16:53:30.777992: 
2025-02-20 16:53:30.784028: Epoch 5
2025-02-20 16:53:30.788600: Current learning rate: 0.00955
2025-02-20 16:57:49.096864: train_loss 0.2513
2025-02-20 16:57:49.107048: val_loss 0.2136
2025-02-20 16:57:49.113533: Pseudo dice [0.0, 0.0054, 0.0989, 0.3581]
2025-02-20 16:57:49.119573: Epoch time: 258.32 s
2025-02-20 16:57:49.125244: Yayy! New best EMA pseudo Dice: 0.0221
2025-02-20 16:57:52.923543: 
2025-02-20 16:57:52.928976: Epoch 6
2025-02-20 16:57:52.935346: Current learning rate: 0.00946
2025-02-20 17:02:34.990887: train_loss 0.2198
2025-02-20 17:02:35.000239: val_loss 0.2261
2025-02-20 17:02:35.004684: Pseudo dice [0.0, 0.1039, 0.2176, 0.2358]
2025-02-20 17:02:35.007809: Epoch time: 282.07 s
2025-02-20 17:02:35.012163: Yayy! New best EMA pseudo Dice: 0.0339
2025-02-20 17:02:38.777716: 
2025-02-20 17:02:38.782371: Epoch 7
2025-02-20 17:02:38.786862: Current learning rate: 0.00937
2025-02-20 17:07:17.335944: train_loss 0.2044
2025-02-20 17:07:17.347487: val_loss 0.1759
2025-02-20 17:07:17.353880: Pseudo dice [0.0, 0.0004, 0.2756, 0.3882]
2025-02-20 17:07:17.360115: Epoch time: 278.56 s
2025-02-20 17:07:17.366307: Yayy! New best EMA pseudo Dice: 0.0471
2025-02-20 17:07:21.226662: 
2025-02-20 17:07:21.230894: Epoch 8
2025-02-20 17:07:21.235850: Current learning rate: 0.00928
2025-02-20 17:12:09.061347: train_loss 0.1958
2025-02-20 17:12:09.070172: val_loss 0.232
2025-02-20 17:12:09.073837: Pseudo dice [0.0271, 0.1804, 0.2849, 0.4013]
2025-02-20 17:12:09.077566: Epoch time: 287.84 s
2025-02-20 17:12:09.082584: Yayy! New best EMA pseudo Dice: 0.0647
2025-02-20 17:12:15.531814: 
2025-02-20 17:12:15.538898: Epoch 9
2025-02-20 17:12:15.545435: Current learning rate: 0.00919
2025-02-20 17:17:03.753722: train_loss 0.1791
2025-02-20 17:17:03.762365: val_loss 0.1534
2025-02-20 17:17:03.766129: Pseudo dice [0.0, 0.0057, 0.2493, 0.4721]
2025-02-20 17:17:03.770388: Epoch time: 288.22 s
2025-02-20 17:17:03.778496: Yayy! New best EMA pseudo Dice: 0.0764
2025-02-20 17:17:07.484141: 
2025-02-20 17:17:07.487168: Epoch 10
2025-02-20 17:17:07.495056: Current learning rate: 0.0091
2025-02-20 17:21:53.597411: train_loss 0.1391
2025-02-20 17:21:53.603528: val_loss 0.1604
2025-02-20 17:21:53.607001: Pseudo dice [0.0004, 0.0598, 0.2985, 0.5177]
2025-02-20 17:21:53.611064: Epoch time: 286.11 s
2025-02-20 17:21:53.618343: Yayy! New best EMA pseudo Dice: 0.0907
2025-02-20 17:21:57.353290: 
2025-02-20 17:21:57.358612: Epoch 11
2025-02-20 17:21:57.364918: Current learning rate: 0.009
2025-02-20 17:26:42.180502: train_loss 0.1607
2025-02-20 17:26:42.190254: val_loss 0.093
2025-02-20 17:26:42.193908: Pseudo dice [0.0164, 0.2767, 0.4604, 0.5032]
2025-02-20 17:26:42.199918: Epoch time: 284.83 s
2025-02-20 17:26:42.205646: Yayy! New best EMA pseudo Dice: 0.113
2025-02-20 17:26:45.883094: 
2025-02-20 17:26:45.887574: Epoch 12
2025-02-20 17:26:45.894502: Current learning rate: 0.00891
2025-02-20 17:31:39.316147: train_loss 0.1379
2025-02-20 17:31:39.326631: val_loss 0.0902
2025-02-20 17:31:39.332733: Pseudo dice [0.0, 0.3978, 0.3314, 0.4543]
2025-02-20 17:31:39.338757: Epoch time: 293.43 s
2025-02-20 17:31:39.344982: Yayy! New best EMA pseudo Dice: 0.1313
2025-02-20 17:31:43.156545: 
2025-02-20 17:31:43.163325: Epoch 13
2025-02-20 17:31:43.168768: Current learning rate: 0.00882
2025-02-20 17:36:59.062536: train_loss 0.1292
2025-02-20 17:36:59.072587: val_loss 0.0995
2025-02-20 17:36:59.079054: Pseudo dice [0.0, 0.0514, 0.5286, 0.5724]
2025-02-20 17:36:59.085436: Epoch time: 315.91 s
2025-02-20 17:36:59.091183: Yayy! New best EMA pseudo Dice: 0.147
2025-02-20 17:37:03.027003: 
2025-02-20 17:37:03.033784: Epoch 14
2025-02-20 17:37:03.039334: Current learning rate: 0.00873
2025-02-20 17:42:09.324656: train_loss 0.094
2025-02-20 17:42:09.330950: val_loss 0.0774
2025-02-20 17:42:09.334766: Pseudo dice [0.0032, 0.3023, 0.4618, 0.3496]
2025-02-20 17:42:09.339625: Epoch time: 306.3 s
2025-02-20 17:42:09.342964: Yayy! New best EMA pseudo Dice: 0.1602
2025-02-20 17:42:14.776893: 
2025-02-20 17:42:14.781859: Epoch 15
2025-02-20 17:42:14.788100: Current learning rate: 0.00864
2025-02-20 17:47:06.766060: train_loss 0.1046
2025-02-20 17:47:06.774544: val_loss 0.1391
2025-02-20 17:47:06.780462: Pseudo dice [0.0, 0.3527, 0.4173, 0.323]
2025-02-20 17:47:06.786531: Epoch time: 291.99 s
2025-02-20 17:47:06.792486: Yayy! New best EMA pseudo Dice: 0.1715
2025-02-20 17:47:10.665635: 
2025-02-20 17:47:10.669475: Epoch 16
2025-02-20 17:47:10.674176: Current learning rate: 0.00855
2025-02-20 17:51:47.139968: train_loss 0.0955
2025-02-20 17:51:47.150190: val_loss 0.1131
2025-02-20 17:51:47.155656: Pseudo dice [0.0, 0.4366, 0.4045, 0.2499]
2025-02-20 17:51:47.160651: Epoch time: 276.48 s
2025-02-20 17:51:47.165675: Yayy! New best EMA pseudo Dice: 0.1816
2025-02-20 17:51:51.021666: 
2025-02-20 17:51:51.027181: Epoch 17
2025-02-20 17:51:51.033171: Current learning rate: 0.00846
2025-02-20 17:56:28.534110: train_loss 0.0506
2025-02-20 17:56:28.545547: val_loss 0.071
2025-02-20 17:56:28.548600: Pseudo dice [0.0, 0.3495, 0.4832, 0.4821]
2025-02-20 17:56:28.554261: Epoch time: 277.51 s
2025-02-20 17:56:28.561894: Yayy! New best EMA pseudo Dice: 0.1964
2025-02-20 17:56:32.400189: 
2025-02-20 17:56:32.407751: Epoch 18
2025-02-20 17:56:32.412410: Current learning rate: 0.00836
2025-02-20 18:01:27.177114: train_loss 0.0765
2025-02-20 18:01:27.189330: val_loss 0.0643
2025-02-20 18:01:27.195733: Pseudo dice [0.0, 0.5223, 0.394, 0.4772]
2025-02-20 18:01:27.202336: Epoch time: 294.78 s
2025-02-20 18:01:27.208828: Yayy! New best EMA pseudo Dice: 0.2116
2025-02-20 18:01:31.028100: 
2025-02-20 18:01:31.033247: Epoch 19
2025-02-20 18:01:31.037810: Current learning rate: 0.00827
2025-02-20 18:06:17.731512: train_loss 0.0879
2025-02-20 18:06:17.739913: val_loss 0.0776
2025-02-20 18:06:17.743086: Pseudo dice [0.0, 0.1989, 0.4902, 0.5422]
2025-02-20 18:06:17.745409: Epoch time: 286.7 s
2025-02-20 18:06:17.747595: Yayy! New best EMA pseudo Dice: 0.2212
2025-02-20 18:06:21.754073: 
2025-02-20 18:06:21.759786: Epoch 20
2025-02-20 18:06:21.764172: Current learning rate: 0.00818
2025-02-20 18:11:16.999938: train_loss 0.0637
2025-02-20 18:11:17.005084: val_loss 0.0413
2025-02-20 18:11:17.011147: Pseudo dice [0.0, 0.5239, 0.5796, 0.0175]
2025-02-20 18:11:17.014077: Epoch time: 295.25 s
2025-02-20 18:11:17.017083: Yayy! New best EMA pseudo Dice: 0.2271
2025-02-20 18:11:22.833608: 
2025-02-20 18:11:22.839277: Epoch 21
2025-02-20 18:11:22.843982: Current learning rate: 0.00809
2025-02-20 18:16:17.052139: train_loss 0.0409
2025-02-20 18:16:17.064989: val_loss 0.0243
2025-02-20 18:16:17.071150: Pseudo dice [0.0032, 0.4674, 0.5988, 0.4648]
2025-02-20 18:16:17.077374: Epoch time: 294.22 s
2025-02-20 18:16:17.083589: Yayy! New best EMA pseudo Dice: 0.2427
2025-02-20 18:16:20.937715: 
2025-02-20 18:16:20.942543: Epoch 22
2025-02-20 18:16:20.946444: Current learning rate: 0.008
2025-02-20 18:21:14.526878: train_loss 0.0109
2025-02-20 18:21:14.535678: val_loss 0.0361
2025-02-20 18:21:14.538127: Pseudo dice [0.0021, 0.3295, 0.5359, 0.2782]
2025-02-20 18:21:14.542521: Epoch time: 293.59 s
2025-02-20 18:21:14.545820: Yayy! New best EMA pseudo Dice: 0.2471
2025-02-20 18:21:18.330508: 
2025-02-20 18:21:18.335957: Epoch 23
2025-02-20 18:21:18.341229: Current learning rate: 0.0079
2025-02-20 18:26:17.461596: train_loss -0.0
2025-02-20 18:26:17.470761: val_loss -0.0338
2025-02-20 18:26:17.475055: Pseudo dice [0.2766, 0.373, 0.6357, 0.5517]
2025-02-20 18:26:17.480819: Epoch time: 299.13 s
2025-02-20 18:26:17.486113: Yayy! New best EMA pseudo Dice: 0.2683
2025-02-20 18:26:21.379511: 
2025-02-20 18:26:21.385960: Epoch 24
2025-02-20 18:26:21.392390: Current learning rate: 0.00781
2025-02-20 18:31:01.018917: train_loss 0.0264
2025-02-20 18:31:01.032239: val_loss -0.0023
2025-02-20 18:31:01.042547: Pseudo dice [0.0077, 0.2971, 0.5661, 0.5381]
2025-02-20 18:31:01.048892: Epoch time: 279.64 s
2025-02-20 18:31:01.055942: Yayy! New best EMA pseudo Dice: 0.2767
2025-02-20 18:31:04.939032: 
2025-02-20 18:31:04.944683: Epoch 25
2025-02-20 18:31:04.947381: Current learning rate: 0.00772
2025-02-20 18:35:45.476468: train_loss 0.0206
2025-02-20 18:35:45.490583: val_loss 0.0328
2025-02-20 18:35:45.500764: Pseudo dice [0.1145, 0.4224, 0.5802, 0.3817]
2025-02-20 18:35:45.507263: Epoch time: 280.54 s
2025-02-20 18:35:45.516185: Yayy! New best EMA pseudo Dice: 0.2865
2025-02-20 18:35:49.340750: 
2025-02-20 18:35:49.347470: Epoch 26
2025-02-20 18:35:49.356962: Current learning rate: 0.00763
2025-02-20 18:40:17.390019: train_loss 0.0232
2025-02-20 18:40:17.400549: val_loss 0.0505
2025-02-20 18:40:17.405494: Pseudo dice [0.0957, 0.3518, 0.5681, 0.441]
2025-02-20 18:40:17.414114: Epoch time: 268.05 s
2025-02-20 18:40:17.418005: Yayy! New best EMA pseudo Dice: 0.2943
2025-02-20 18:40:21.253721: 
2025-02-20 18:40:21.258211: Epoch 27
2025-02-20 18:40:21.261689: Current learning rate: 0.00753
2025-02-20 18:45:05.515951: train_loss -0.0003
2025-02-20 18:45:05.551688: val_loss -0.0545
2025-02-20 18:45:05.588627: Pseudo dice [0.3926, 0.4856, 0.5293, 0.3983]
2025-02-20 18:45:05.626376: Epoch time: 284.26 s
2025-02-20 18:45:05.657195: Yayy! New best EMA pseudo Dice: 0.31
2025-02-20 18:45:09.476633: 
2025-02-20 18:45:09.481632: Epoch 28
2025-02-20 18:45:09.484736: Current learning rate: 0.00744
2025-02-20 18:49:38.168323: train_loss -0.0053
2025-02-20 18:49:38.173750: val_loss -0.0126
2025-02-20 18:49:38.176425: Pseudo dice [0.0048, 0.1749, 0.4681, 0.6491]
2025-02-20 18:49:38.179232: Epoch time: 268.69 s
2025-02-20 18:49:38.181851: Yayy! New best EMA pseudo Dice: 0.3114
2025-02-20 18:49:44.771648: 
2025-02-20 18:49:44.775025: Epoch 29
2025-02-20 18:49:44.777479: Current learning rate: 0.00735
2025-02-20 18:54:27.857347: train_loss -0.0161
2025-02-20 18:54:27.865600: val_loss 0.0009
2025-02-20 18:54:27.867759: Pseudo dice [0.0622, 0.5288, 0.6009, 0.4131]
2025-02-20 18:54:27.870117: Epoch time: 283.09 s
2025-02-20 18:54:27.871969: Yayy! New best EMA pseudo Dice: 0.3204
2025-02-20 18:54:31.641620: 
2025-02-20 18:54:31.646038: Epoch 30
2025-02-20 18:54:31.652189: Current learning rate: 0.00725
2025-02-20 18:59:13.664069: train_loss -0.0115
2025-02-20 18:59:13.675534: val_loss -0.032
2025-02-20 18:59:13.679844: Pseudo dice [0.1921, 0.4089, 0.6967, 0.5567]
2025-02-20 18:59:13.684538: Epoch time: 282.02 s
2025-02-20 18:59:13.688907: Yayy! New best EMA pseudo Dice: 0.3347
2025-02-20 18:59:17.557814: 
2025-02-20 18:59:17.563005: Epoch 31
2025-02-20 18:59:17.568616: Current learning rate: 0.00716
2025-02-20 19:04:17.752957: train_loss 0.0106
2025-02-20 19:04:17.777896: val_loss 0.0365
2025-02-20 19:04:17.782762: Pseudo dice [0.157, 0.2716, 0.4946, 0.5779]
2025-02-20 19:04:17.787331: Epoch time: 300.2 s
2025-02-20 19:04:17.792792: Yayy! New best EMA pseudo Dice: 0.3388
2025-02-20 19:04:21.631202: 
2025-02-20 19:04:21.633669: Epoch 32
2025-02-20 19:04:21.636983: Current learning rate: 0.00707
2025-02-20 19:09:36.070896: train_loss -0.0077
2025-02-20 19:09:36.077662: val_loss -0.0106
2025-02-20 19:09:36.080079: Pseudo dice [0.225, 0.4372, 0.6538, 0.5368]
2025-02-20 19:09:36.081933: Epoch time: 314.44 s
2025-02-20 19:09:36.084034: Yayy! New best EMA pseudo Dice: 0.3512
2025-02-20 19:09:39.908842: 
2025-02-20 19:09:39.911710: Epoch 33
2025-02-20 19:09:39.915795: Current learning rate: 0.00697
2025-02-20 19:14:32.113062: train_loss -0.0174
2025-02-20 19:14:32.124403: val_loss 0.0547
2025-02-20 19:14:32.130595: Pseudo dice [0.3738, 0.3382, 0.5397, 0.4938]
2025-02-20 19:14:32.139114: Epoch time: 292.21 s
2025-02-20 19:14:32.142822: Yayy! New best EMA pseudo Dice: 0.3597
2025-02-20 19:14:36.287662: 
2025-02-20 19:14:36.295681: Epoch 34
2025-02-20 19:14:36.301800: Current learning rate: 0.00688
2025-02-20 19:19:25.629805: train_loss -0.0059
2025-02-20 19:19:25.641151: val_loss -0.0518
2025-02-20 19:19:25.652375: Pseudo dice [0.1777, 0.5512, 0.5973, 0.3959]
2025-02-20 19:19:25.658419: Epoch time: 289.34 s
2025-02-20 19:19:25.662494: Yayy! New best EMA pseudo Dice: 0.3668
2025-02-20 19:19:31.195492: 
2025-02-20 19:19:31.205924: Epoch 35
2025-02-20 19:19:31.209481: Current learning rate: 0.00679
2025-02-20 19:24:13.568000: train_loss -0.0256
2025-02-20 19:24:13.580308: val_loss -0.0298
2025-02-20 19:24:13.585061: Pseudo dice [0.5029, 0.5657, 0.3484, 0.4275]
2025-02-20 19:24:13.595603: Epoch time: 282.37 s
2025-02-20 19:24:13.607971: Yayy! New best EMA pseudo Dice: 0.3762
2025-02-20 19:24:17.440565: 
2025-02-20 19:24:17.446974: Epoch 36
2025-02-20 19:24:17.451111: Current learning rate: 0.00669
2025-02-20 19:29:09.787637: train_loss -0.0205
2025-02-20 19:29:09.794289: val_loss -0.0164
2025-02-20 19:29:09.802532: Pseudo dice [0.4256, 0.3875, 0.5798, 0.493]
2025-02-20 19:29:09.811919: Epoch time: 292.35 s
2025-02-20 19:29:09.821924: Yayy! New best EMA pseudo Dice: 0.3858
2025-02-20 19:29:13.697353: 
2025-02-20 19:29:13.707184: Epoch 37
2025-02-20 19:29:13.719208: Current learning rate: 0.0066
2025-02-20 19:34:01.482338: train_loss -0.0236
2025-02-20 19:34:01.488856: val_loss -0.0502
2025-02-20 19:34:01.491127: Pseudo dice [0.3154, 0.4607, 0.6459, 0.6078]
2025-02-20 19:34:01.493356: Epoch time: 287.79 s
2025-02-20 19:34:01.495147: Yayy! New best EMA pseudo Dice: 0.3979
2025-02-20 19:34:05.332060: 
2025-02-20 19:34:05.338610: Epoch 38
2025-02-20 19:34:05.347317: Current learning rate: 0.0065
2025-02-20 19:38:50.098131: train_loss -0.0596
2025-02-20 19:38:50.105384: val_loss -0.0383
2025-02-20 19:38:50.108349: Pseudo dice [0.3122, 0.4534, 0.5724, 0.6558]
2025-02-20 19:38:50.110446: Epoch time: 284.77 s
2025-02-20 19:38:50.112343: Yayy! New best EMA pseudo Dice: 0.408
2025-02-20 19:38:53.945754: 
2025-02-20 19:38:53.949457: Epoch 39
2025-02-20 19:38:53.952594: Current learning rate: 0.00641
2025-02-20 19:43:47.030483: train_loss -0.0472
2025-02-20 19:43:47.043208: val_loss -0.0508
2025-02-20 19:43:47.050174: Pseudo dice [0.5245, 0.5206, 0.6302, 0.5336]
2025-02-20 19:43:47.060335: Epoch time: 293.09 s
2025-02-20 19:43:47.066539: Yayy! New best EMA pseudo Dice: 0.4224
2025-02-20 19:43:50.954969: 
2025-02-20 19:43:50.957715: Epoch 40
2025-02-20 19:43:50.962834: Current learning rate: 0.00631
2025-02-20 19:48:41.265206: train_loss -0.0827
2025-02-20 19:48:41.270563: val_loss -0.011
2025-02-20 19:48:41.272599: Pseudo dice [0.5168, 0.5058, 0.6092, 0.572]
2025-02-20 19:48:41.278592: Epoch time: 290.31 s
2025-02-20 19:48:41.281253: Yayy! New best EMA pseudo Dice: 0.4353
2025-02-20 19:48:45.186285: 
2025-02-20 19:48:45.189085: Epoch 41
2025-02-20 19:48:45.193055: Current learning rate: 0.00622
2025-02-20 19:53:41.260839: train_loss -0.0744
2025-02-20 19:53:41.292982: val_loss -0.0545
2025-02-20 19:53:41.336592: Pseudo dice [0.3791, 0.4979, 0.652, 0.4469]
2025-02-20 19:53:41.374407: Epoch time: 296.08 s
2025-02-20 19:53:41.411070: Yayy! New best EMA pseudo Dice: 0.4411
2025-02-20 19:53:47.219817: 
2025-02-20 19:53:47.221667: Epoch 42
2025-02-20 19:53:47.222958: Current learning rate: 0.00612
2025-02-20 19:58:43.031946: train_loss -0.0723
2025-02-20 19:58:43.039424: val_loss -0.0734
2025-02-20 19:58:43.042055: Pseudo dice [0.5524, 0.4532, 0.6888, 0.6387]
2025-02-20 19:58:43.048279: Epoch time: 295.81 s
2025-02-20 19:58:43.051684: Yayy! New best EMA pseudo Dice: 0.4553
2025-02-20 19:58:47.002501: 
2025-02-20 19:58:47.007926: Epoch 43
2025-02-20 19:58:47.014008: Current learning rate: 0.00603
2025-02-20 20:03:25.356505: train_loss -0.0621
2025-02-20 20:03:25.361948: val_loss -0.1058
2025-02-20 20:03:25.370750: Pseudo dice [0.3537, 0.4208, 0.7428, 0.6928]
2025-02-20 20:03:25.375196: Epoch time: 278.36 s
2025-02-20 20:03:25.381044: Yayy! New best EMA pseudo Dice: 0.4651
2025-02-20 20:03:29.202391: 
2025-02-20 20:03:29.206511: Epoch 44
2025-02-20 20:03:29.213834: Current learning rate: 0.00593
2025-02-20 20:08:18.000146: train_loss -0.0408
2025-02-20 20:08:18.012626: val_loss -0.0742
2025-02-20 20:08:18.022174: Pseudo dice [0.509, 0.5759, 0.5772, 0.4941]
2025-02-20 20:08:18.029339: Epoch time: 288.8 s
2025-02-20 20:08:18.035326: Yayy! New best EMA pseudo Dice: 0.4725
2025-02-20 20:08:21.748838: 
2025-02-20 20:08:21.754297: Epoch 45
2025-02-20 20:08:21.759972: Current learning rate: 0.00584
2025-02-20 20:13:00.737566: train_loss -0.0769
2025-02-20 20:13:00.751096: val_loss -0.0081
2025-02-20 20:13:00.764691: Pseudo dice [0.6126, 0.5849, 0.5156, 0.5645]
2025-02-20 20:13:00.773533: Epoch time: 278.99 s
2025-02-20 20:13:00.783079: Yayy! New best EMA pseudo Dice: 0.4822
2025-02-20 20:13:04.978851: 
2025-02-20 20:13:05.011687: Epoch 46
2025-02-20 20:13:05.031419: Current learning rate: 0.00574
2025-02-20 20:17:46.849970: train_loss -0.0776
2025-02-20 20:17:46.860367: val_loss -0.0518
2025-02-20 20:17:46.868020: Pseudo dice [0.6412, 0.4862, 0.7054, 0.6306]
2025-02-20 20:17:46.874650: Epoch time: 281.87 s
2025-02-20 20:17:46.964143: Yayy! New best EMA pseudo Dice: 0.4955
2025-02-20 20:17:51.160721: 
2025-02-20 20:17:51.180549: Epoch 47
2025-02-20 20:17:51.188956: Current learning rate: 0.00565
2025-02-20 20:23:09.715481: train_loss -0.0946
2025-02-20 20:23:09.738501: val_loss -0.0982
2025-02-20 20:23:09.751045: Pseudo dice [0.6599, 0.5702, 0.6733, 0.6751]
2025-02-20 20:23:09.758463: Epoch time: 318.56 s
2025-02-20 20:23:09.763809: Yayy! New best EMA pseudo Dice: 0.5104
2025-02-20 20:23:13.542791: 
2025-02-20 20:23:13.548961: Epoch 48
2025-02-20 20:23:13.554466: Current learning rate: 0.00555
2025-02-20 20:28:43.649452: train_loss -0.0959
2025-02-20 20:28:43.660167: val_loss -0.0956
2025-02-20 20:28:43.665264: Pseudo dice [0.5048, 0.657, 0.6744, 0.6428]
2025-02-20 20:28:43.669911: Epoch time: 330.11 s
2025-02-20 20:28:43.673607: Yayy! New best EMA pseudo Dice: 0.5214
2025-02-20 20:28:49.989807: 
2025-02-20 20:28:49.993627: Epoch 49
2025-02-20 20:28:49.995622: Current learning rate: 0.00546
2025-02-20 20:33:41.065536: train_loss -0.0852
2025-02-20 20:33:41.101342: val_loss -0.0183
2025-02-20 20:33:41.131687: Pseudo dice [0.4409, 0.4991, 0.6504, 0.598]
2025-02-20 20:33:41.176067: Epoch time: 291.08 s
2025-02-20 20:33:43.615652: Yayy! New best EMA pseudo Dice: 0.5239
2025-02-20 20:33:47.514778: 
2025-02-20 20:33:47.518658: Epoch 50
2025-02-20 20:33:47.526258: Current learning rate: 0.00536
2025-02-20 20:38:25.574017: train_loss -0.084
2025-02-20 20:38:25.622655: val_loss -0.0462
2025-02-20 20:38:25.626087: Pseudo dice [0.5717, 0.436, 0.6466, 0.5833]
2025-02-20 20:38:25.634352: Epoch time: 278.06 s
2025-02-20 20:38:25.640578: Yayy! New best EMA pseudo Dice: 0.5275
2025-02-20 20:38:29.421310: 
2025-02-20 20:38:29.424620: Epoch 51
2025-02-20 20:38:29.428600: Current learning rate: 0.00526
2025-02-20 20:42:53.060332: train_loss -0.0767
2025-02-20 20:42:53.091482: val_loss -0.0896
2025-02-20 20:42:53.134487: Pseudo dice [0.5009, 0.6877, 0.7193, 0.5589]
2025-02-20 20:42:53.178545: Epoch time: 263.64 s
2025-02-20 20:42:53.223641: Yayy! New best EMA pseudo Dice: 0.5364
2025-02-20 20:42:57.244499: 
2025-02-20 20:42:57.252402: Epoch 52
2025-02-20 20:42:57.273200: Current learning rate: 0.00517
2025-02-20 20:47:29.302436: train_loss -0.1145
2025-02-20 20:47:29.311043: val_loss -0.0977
2025-02-20 20:47:29.315284: Pseudo dice [0.6641, 0.5828, 0.7826, 0.6544]
2025-02-20 20:47:29.323063: Epoch time: 272.06 s
2025-02-20 20:47:29.329574: Yayy! New best EMA pseudo Dice: 0.5499
2025-02-20 20:47:33.243355: 
2025-02-20 20:47:33.250444: Epoch 53
2025-02-20 20:47:33.256147: Current learning rate: 0.00507
2025-02-20 20:52:26.624006: train_loss -0.1069
2025-02-20 20:52:26.634671: val_loss -0.1189
2025-02-20 20:52:26.640987: Pseudo dice [0.7109, 0.6607, 0.6812, 0.6737]
2025-02-20 20:52:26.647513: Epoch time: 293.38 s
2025-02-20 20:52:26.655900: Yayy! New best EMA pseudo Dice: 0.563
2025-02-20 20:52:30.525692: 
2025-02-20 20:52:30.529878: Epoch 54
2025-02-20 20:52:30.534781: Current learning rate: 0.00497
2025-02-20 20:56:59.245733: train_loss -0.144
2025-02-20 20:56:59.256067: val_loss -0.1531
2025-02-20 20:56:59.264155: Pseudo dice [0.7452, 0.6588, 0.7133, 0.6556]
2025-02-20 20:56:59.266468: Epoch time: 268.72 s
2025-02-20 20:56:59.271472: Yayy! New best EMA pseudo Dice: 0.5761
2025-02-20 20:57:03.142096: 
2025-02-20 20:57:03.147289: Epoch 55
2025-02-20 20:57:03.151667: Current learning rate: 0.00487
2025-02-20 21:01:21.492539: train_loss -0.1504
2025-02-20 21:01:21.511258: val_loss -0.132
2025-02-20 21:01:21.514836: Pseudo dice [0.7069, 0.6291, 0.798, 0.7258]
2025-02-20 21:01:21.520460: Epoch time: 258.35 s
2025-02-20 21:01:21.524296: Yayy! New best EMA pseudo Dice: 0.5899
2025-02-20 21:01:28.148443: 
2025-02-20 21:01:28.153951: Epoch 56
2025-02-20 21:01:28.156706: Current learning rate: 0.00478
2025-02-20 21:05:59.540488: train_loss -0.1414
2025-02-20 21:05:59.546546: val_loss -0.1503
2025-02-20 21:05:59.552507: Pseudo dice [0.6815, 0.5524, 0.7913, 0.6994]
2025-02-20 21:05:59.557426: Epoch time: 271.39 s
2025-02-20 21:05:59.563319: Yayy! New best EMA pseudo Dice: 0.5991
2025-02-20 21:06:03.312059: 
2025-02-20 21:06:03.315969: Epoch 57
2025-02-20 21:06:03.323575: Current learning rate: 0.00468
2025-02-20 21:10:47.178193: train_loss -0.1334
2025-02-20 21:10:47.189541: val_loss -0.0627
2025-02-20 21:10:47.193908: Pseudo dice [0.5866, 0.5019, 0.6875, 0.666]
2025-02-20 21:10:47.199035: Epoch time: 283.87 s
2025-02-20 21:10:47.204174: Yayy! New best EMA pseudo Dice: 0.6002
2025-02-20 21:10:51.102807: 
2025-02-20 21:10:51.107369: Epoch 58
2025-02-20 21:10:51.111208: Current learning rate: 0.00458
2025-02-20 21:15:45.264863: train_loss -0.1601
2025-02-20 21:15:45.271852: val_loss -0.0563
2025-02-20 21:15:45.274195: Pseudo dice [0.7399, 0.5829, 0.7384, 0.5491]
2025-02-20 21:15:45.276730: Epoch time: 294.16 s
2025-02-20 21:15:45.280802: Yayy! New best EMA pseudo Dice: 0.6054
2025-02-20 21:15:49.143664: 
2025-02-20 21:15:49.149501: Epoch 59
2025-02-20 21:15:49.158414: Current learning rate: 0.00448
2025-02-20 21:20:37.876488: train_loss -0.1526
2025-02-20 21:20:37.882669: val_loss -0.1002
2025-02-20 21:20:37.886759: Pseudo dice [0.6177, 0.5807, 0.6753, 0.6581]
2025-02-20 21:20:37.895220: Epoch time: 288.73 s
2025-02-20 21:20:37.899809: Yayy! New best EMA pseudo Dice: 0.6082
2025-02-20 21:20:41.738189: 
2025-02-20 21:20:41.742064: Epoch 60
2025-02-20 21:20:41.748053: Current learning rate: 0.00438
2025-02-20 21:25:33.934457: train_loss -0.1551
2025-02-20 21:25:33.943493: val_loss -0.131
2025-02-20 21:25:33.949851: Pseudo dice [0.4761, 0.6599, 0.6708, 0.7061]
2025-02-20 21:25:33.954749: Epoch time: 292.2 s
2025-02-20 21:25:33.960894: Yayy! New best EMA pseudo Dice: 0.6102
2025-02-20 21:25:37.810681: 
2025-02-20 21:25:37.813055: Epoch 61
2025-02-20 21:25:37.815296: Current learning rate: 0.00429
2025-02-20 21:30:25.392431: train_loss -0.1633
2025-02-20 21:30:25.400716: val_loss -0.1873
2025-02-20 21:30:25.405305: Pseudo dice [0.7811, 0.7776, 0.8019, 0.6799]
2025-02-20 21:30:25.408939: Epoch time: 287.58 s
2025-02-20 21:30:25.412508: Yayy! New best EMA pseudo Dice: 0.6252
2025-02-20 21:30:29.281060: 
2025-02-20 21:30:29.283419: Epoch 62
2025-02-20 21:30:29.285983: Current learning rate: 0.00419
2025-02-20 21:35:13.797298: train_loss -0.183
2025-02-20 21:35:13.806578: val_loss -0.1946
2025-02-20 21:35:13.809574: Pseudo dice [0.8417, 0.6651, 0.7722, 0.739]
2025-02-20 21:35:13.812764: Epoch time: 284.52 s
2025-02-20 21:35:13.816777: Yayy! New best EMA pseudo Dice: 0.6381
2025-02-20 21:35:20.251060: 
2025-02-20 21:35:20.255952: Epoch 63
2025-02-20 21:35:20.260392: Current learning rate: 0.00409
2025-02-20 21:39:58.473615: train_loss -0.1374
2025-02-20 21:39:58.484735: val_loss -0.1221
2025-02-20 21:39:58.488597: Pseudo dice [0.5917, 0.6535, 0.7417, 0.6896]
2025-02-20 21:39:58.492119: Epoch time: 278.22 s
2025-02-20 21:39:58.495873: Yayy! New best EMA pseudo Dice: 0.6412
2025-02-20 21:40:02.367855: 
2025-02-20 21:40:02.374362: Epoch 64
2025-02-20 21:40:02.383299: Current learning rate: 0.00399
2025-02-20 21:44:49.168712: train_loss -0.1623
2025-02-20 21:44:49.176474: val_loss -0.1321
2025-02-20 21:44:49.180231: Pseudo dice [0.7467, 0.6397, 0.7704, 0.6382]
2025-02-20 21:44:49.184508: Epoch time: 286.8 s
2025-02-20 21:44:49.187843: Yayy! New best EMA pseudo Dice: 0.647
2025-02-20 21:44:53.310236: 
2025-02-20 21:44:53.378758: Epoch 65
2025-02-20 21:44:53.386780: Current learning rate: 0.00389
2025-02-20 21:49:53.353352: train_loss -0.1881
2025-02-20 21:49:53.366890: val_loss -0.1342
2025-02-20 21:49:53.370781: Pseudo dice [0.7577, 0.7241, 0.7729, 0.717]
2025-02-20 21:49:53.374323: Epoch time: 300.04 s
2025-02-20 21:49:53.378052: Yayy! New best EMA pseudo Dice: 0.6566
2025-02-20 21:49:57.258816: 
2025-02-20 21:49:57.261403: Epoch 66
2025-02-20 21:49:57.263578: Current learning rate: 0.00379
2025-02-20 21:54:46.238042: train_loss -0.1652
2025-02-20 21:54:46.252158: val_loss -0.1601
2025-02-20 21:54:46.259086: Pseudo dice [0.7647, 0.7184, 0.7706, 0.7136]
2025-02-20 21:54:46.265236: Epoch time: 288.98 s
2025-02-20 21:54:46.271275: Yayy! New best EMA pseudo Dice: 0.6651
2025-02-20 21:54:50.173130: 
2025-02-20 21:54:50.177453: Epoch 67
2025-02-20 21:54:50.182821: Current learning rate: 0.00369
2025-02-20 21:59:35.208973: train_loss -0.1493
2025-02-20 21:59:35.217529: val_loss -0.1267
2025-02-20 21:59:35.221219: Pseudo dice [0.7986, 0.5955, 0.7267, 0.6365]
2025-02-20 21:59:35.224622: Epoch time: 285.04 s
2025-02-20 21:59:35.228096: Yayy! New best EMA pseudo Dice: 0.6675
2025-02-20 21:59:39.182617: 
2025-02-20 21:59:39.185598: Epoch 68
2025-02-20 21:59:39.189708: Current learning rate: 0.00359
2025-02-20 22:04:18.627549: train_loss -0.2085
2025-02-20 22:04:18.633809: val_loss -0.2014
2025-02-20 22:04:18.641553: Pseudo dice [0.8203, 0.6506, 0.8249, 0.7299]
2025-02-20 22:04:18.646862: Epoch time: 279.45 s
2025-02-20 22:04:18.653867: Yayy! New best EMA pseudo Dice: 0.6764
2025-02-20 22:04:25.290436: 
2025-02-20 22:04:25.293808: Epoch 69
2025-02-20 22:04:25.298000: Current learning rate: 0.00349
2025-02-20 22:09:27.785874: train_loss -0.2042
2025-02-20 22:09:27.791087: val_loss -0.1988
2025-02-20 22:09:27.793460: Pseudo dice [0.7911, 0.6122, 0.7814, 0.7381]
2025-02-20 22:09:27.795628: Epoch time: 302.5 s
2025-02-20 22:09:27.797869: Yayy! New best EMA pseudo Dice: 0.6818
2025-02-20 22:09:31.855290: 
2025-02-20 22:09:31.858720: Epoch 70
2025-02-20 22:09:31.860981: Current learning rate: 0.00338
2025-02-20 22:14:33.291981: train_loss -0.1827
2025-02-20 22:14:33.302746: val_loss -0.1276
2025-02-20 22:14:33.308251: Pseudo dice [0.7222, 0.7198, 0.6879, 0.5467]
2025-02-20 22:14:33.314061: Epoch time: 301.44 s
2025-02-20 22:14:34.819040: 
2025-02-20 22:14:34.821837: Epoch 71
2025-02-20 22:14:34.824977: Current learning rate: 0.00328
2025-02-20 22:19:24.886192: train_loss -0.2095
2025-02-20 22:19:24.896758: val_loss -0.2104
2025-02-20 22:19:24.900787: Pseudo dice [0.7689, 0.7551, 0.7888, 0.7782]
2025-02-20 22:19:24.906862: Epoch time: 290.07 s
2025-02-20 22:19:24.910535: Yayy! New best EMA pseudo Dice: 0.6898
2025-02-20 22:19:29.009592: 
2025-02-20 22:19:29.012821: Epoch 72
2025-02-20 22:19:29.017922: Current learning rate: 0.00318
2025-02-20 22:24:20.164317: train_loss -0.2035
2025-02-20 22:24:20.202042: val_loss -0.1837
2025-02-20 22:24:20.207945: Pseudo dice [0.8244, 0.6941, 0.7339, 0.7671]
2025-02-20 22:24:20.215311: Epoch time: 291.16 s
2025-02-20 22:24:20.219326: Yayy! New best EMA pseudo Dice: 0.6963
2025-02-20 22:24:24.138698: 
2025-02-20 22:24:24.142712: Epoch 73
2025-02-20 22:24:24.147517: Current learning rate: 0.00308
2025-02-20 22:29:11.616924: train_loss -0.2118
2025-02-20 22:29:11.628623: val_loss -0.1518
2025-02-20 22:29:11.635363: Pseudo dice [0.8276, 0.6266, 0.7614, 0.6431]
2025-02-20 22:29:11.642077: Epoch time: 287.48 s
2025-02-20 22:29:11.648721: Yayy! New best EMA pseudo Dice: 0.6981
2025-02-20 22:29:15.569973: 
2025-02-20 22:29:15.573505: Epoch 74
2025-02-20 22:29:15.576052: Current learning rate: 0.00297
2025-02-20 22:33:59.566568: train_loss -0.1896
2025-02-20 22:33:59.578538: val_loss -0.2071
2025-02-20 22:33:59.585036: Pseudo dice [0.8206, 0.7161, 0.7759, 0.7192]
2025-02-20 22:33:59.591874: Epoch time: 284.0 s
2025-02-20 22:33:59.598336: Yayy! New best EMA pseudo Dice: 0.7041
2025-02-20 22:34:03.466946: 
2025-02-20 22:34:03.470054: Epoch 75
2025-02-20 22:34:03.472384: Current learning rate: 0.00287
2025-02-20 22:38:54.916146: train_loss -0.2093
2025-02-20 22:38:54.930120: val_loss -0.1551
2025-02-20 22:38:54.936339: Pseudo dice [0.7553, 0.6847, 0.6987, 0.6965]
2025-02-20 22:38:54.940525: Epoch time: 291.45 s
2025-02-20 22:38:54.947452: Yayy! New best EMA pseudo Dice: 0.7046
2025-02-20 22:39:00.292473: 
2025-02-20 22:39:00.299446: Epoch 76
2025-02-20 22:39:00.304875: Current learning rate: 0.00277
2025-02-20 22:43:47.948186: train_loss -0.1978
2025-02-20 22:43:47.959186: val_loss -0.2096
2025-02-20 22:43:47.963646: Pseudo dice [0.832, 0.7384, 0.8103, 0.7359]
2025-02-20 22:43:47.967955: Epoch time: 287.66 s
2025-02-20 22:43:47.972627: Yayy! New best EMA pseudo Dice: 0.712
2025-02-20 22:43:51.984030: 
2025-02-20 22:43:51.989928: Epoch 77
2025-02-20 22:43:51.993908: Current learning rate: 0.00266
2025-02-20 22:48:45.712981: train_loss -0.1991
2025-02-20 22:48:45.723086: val_loss -0.1688
2025-02-20 22:48:45.729178: Pseudo dice [0.8141, 0.7072, 0.8058, 0.7117]
2025-02-20 22:48:45.734536: Epoch time: 293.73 s
2025-02-20 22:48:45.739603: Yayy! New best EMA pseudo Dice: 0.7168
2025-02-20 22:48:49.709501: 
2025-02-20 22:48:49.713752: Epoch 78
2025-02-20 22:48:49.717283: Current learning rate: 0.00256
2025-02-20 22:53:37.791039: train_loss -0.2088
2025-02-20 22:53:37.802665: val_loss -0.2028
2025-02-20 22:53:37.807470: Pseudo dice [0.8615, 0.724, 0.8317, 0.7394]
2025-02-20 22:53:37.811290: Epoch time: 288.08 s
2025-02-20 22:53:37.818167: Yayy! New best EMA pseudo Dice: 0.724
2025-02-20 22:53:41.749639: 
2025-02-20 22:53:41.755620: Epoch 79
2025-02-20 22:53:41.761888: Current learning rate: 0.00245
2025-02-20 22:58:29.445222: train_loss -0.2414
2025-02-20 22:58:29.456868: val_loss -0.2077
2025-02-20 22:58:29.461628: Pseudo dice [0.8179, 0.7482, 0.8322, 0.6744]
2025-02-20 22:58:29.466953: Epoch time: 287.7 s
2025-02-20 22:58:29.471306: Yayy! New best EMA pseudo Dice: 0.7285
2025-02-20 22:58:33.369703: 
2025-02-20 22:58:33.375848: Epoch 80
2025-02-20 22:58:33.381542: Current learning rate: 0.00235
2025-02-20 23:03:29.527915: train_loss -0.2238
2025-02-20 23:03:29.537221: val_loss -0.2122
2025-02-20 23:03:29.543175: Pseudo dice [0.8611, 0.7449, 0.8352, 0.7297]
2025-02-20 23:03:29.549598: Epoch time: 296.16 s
2025-02-20 23:03:29.555688: Yayy! New best EMA pseudo Dice: 0.7349
2025-02-20 23:03:33.448048: 
2025-02-20 23:03:33.452469: Epoch 81
2025-02-20 23:03:33.456030: Current learning rate: 0.00224
2025-02-20 23:08:41.644263: train_loss -0.2172
2025-02-20 23:08:41.653400: val_loss -0.2159
2025-02-20 23:08:41.658473: Pseudo dice [0.8036, 0.7977, 0.8196, 0.7326]
2025-02-20 23:08:41.664958: Epoch time: 308.2 s
2025-02-20 23:08:41.671222: Yayy! New best EMA pseudo Dice: 0.7402
2025-02-20 23:08:48.223597: 
2025-02-20 23:08:48.231126: Epoch 82
2025-02-20 23:08:48.235504: Current learning rate: 0.00214
2025-02-20 23:13:43.749306: train_loss -0.2072
2025-02-20 23:13:43.757916: val_loss -0.2391
2025-02-20 23:13:43.762421: Pseudo dice [0.8565, 0.7931, 0.848, 0.7177]
2025-02-20 23:13:43.765778: Epoch time: 295.53 s
2025-02-20 23:13:43.769308: Yayy! New best EMA pseudo Dice: 0.7466
2025-02-20 23:13:47.606427: 
2025-02-20 23:13:47.610214: Epoch 83
2025-02-20 23:13:47.613295: Current learning rate: 0.00203
2025-02-20 23:18:34.876319: train_loss -0.2277
2025-02-20 23:18:34.889330: val_loss -0.1528
2025-02-20 23:18:34.893852: Pseudo dice [0.7695, 0.7635, 0.8172, 0.6302]
2025-02-20 23:18:34.897972: Epoch time: 287.27 s
2025-02-20 23:18:36.382035: 
2025-02-20 23:18:36.386651: Epoch 84
2025-02-20 23:18:36.391701: Current learning rate: 0.00192
2025-02-20 23:23:39.937723: train_loss -0.2253
2025-02-20 23:23:39.954784: val_loss -0.159
2025-02-20 23:23:39.960711: Pseudo dice [0.7763, 0.6823, 0.8226, 0.6791]
2025-02-20 23:23:39.969042: Epoch time: 303.56 s
2025-02-20 23:23:41.543640: 
2025-02-20 23:23:41.551700: Epoch 85
2025-02-20 23:23:41.559236: Current learning rate: 0.00181
2025-02-20 23:26:48.661377: train_loss -0.2416
2025-02-20 23:26:48.689901: val_loss -0.1634
2025-02-20 23:26:48.704382: Pseudo dice [0.8215, 0.7461, 0.7979, 0.7072]
2025-02-20 23:26:48.717741: Epoch time: 187.12 s
2025-02-20 23:26:48.734718: Yayy! New best EMA pseudo Dice: 0.748
2025-02-20 23:26:52.579627: 
2025-02-20 23:26:52.586917: Epoch 86
2025-02-20 23:26:52.598411: Current learning rate: 0.0017
2025-02-20 23:29:35.018191: train_loss -0.2263
2025-02-20 23:29:35.031493: val_loss -0.1894
2025-02-20 23:29:35.037703: Pseudo dice [0.8328, 0.6783, 0.8089, 0.7493]
2025-02-20 23:29:35.045411: Epoch time: 162.44 s
2025-02-20 23:29:35.061417: Yayy! New best EMA pseudo Dice: 0.75
2025-02-20 23:29:39.104299: 
2025-02-20 23:29:39.106384: Epoch 87
2025-02-20 23:29:39.108536: Current learning rate: 0.00159
2025-02-20 23:31:54.980364: train_loss -0.2236
2025-02-20 23:31:54.986776: val_loss -0.1957
2025-02-20 23:31:54.989531: Pseudo dice [0.7922, 0.7963, 0.7525, 0.7605]
2025-02-20 23:31:54.992083: Epoch time: 135.88 s
2025-02-20 23:31:54.994488: Yayy! New best EMA pseudo Dice: 0.7525
2025-02-20 23:32:00.705798: 
2025-02-20 23:32:00.708683: Epoch 88
2025-02-20 23:32:00.710875: Current learning rate: 0.00148
2025-02-20 23:34:10.539792: train_loss -0.2385
2025-02-20 23:34:10.547483: val_loss -0.1769
2025-02-20 23:34:10.551097: Pseudo dice [0.7961, 0.7424, 0.8129, 0.7375]
2025-02-20 23:34:10.554012: Epoch time: 129.84 s
2025-02-20 23:34:10.556506: Yayy! New best EMA pseudo Dice: 0.7545
2025-02-20 23:34:14.960049: 
2025-02-20 23:34:14.963192: Epoch 89
2025-02-20 23:34:14.965457: Current learning rate: 0.00137
2025-02-20 23:36:19.789849: train_loss -0.2368
2025-02-20 23:36:19.805654: val_loss -0.2419
2025-02-20 23:36:19.811095: Pseudo dice [0.8181, 0.7889, 0.8072, 0.7586]
2025-02-20 23:36:19.814204: Epoch time: 124.83 s
2025-02-20 23:36:19.818194: Yayy! New best EMA pseudo Dice: 0.7584
2025-02-20 23:36:24.381686: 
2025-02-20 23:36:24.384845: Epoch 90
2025-02-20 23:36:24.387365: Current learning rate: 0.00126
2025-02-20 23:38:34.308333: train_loss -0.22
2025-02-20 23:38:34.314401: val_loss -0.2356
2025-02-20 23:38:34.317217: Pseudo dice [0.84, 0.8352, 0.8282, 0.7864]
2025-02-20 23:38:34.319854: Epoch time: 129.93 s
2025-02-20 23:38:34.322405: Yayy! New best EMA pseudo Dice: 0.7648
2025-02-20 23:38:38.153447: 
2025-02-20 23:38:38.156365: Epoch 91
2025-02-20 23:38:38.158594: Current learning rate: 0.00115
2025-02-20 23:40:33.952107: train_loss -0.251
2025-02-20 23:40:33.959902: val_loss -0.2375
2025-02-20 23:40:33.962879: Pseudo dice [0.8221, 0.7158, 0.8224, 0.7365]
2025-02-20 23:40:33.966750: Epoch time: 115.8 s
2025-02-20 23:40:33.969891: Yayy! New best EMA pseudo Dice: 0.7657
2025-02-20 23:40:37.688336: 
2025-02-20 23:40:37.691674: Epoch 92
2025-02-20 23:40:37.694268: Current learning rate: 0.00103
2025-02-20 23:42:37.458858: train_loss -0.2413
2025-02-20 23:42:37.464351: val_loss -0.1877
2025-02-20 23:42:37.466931: Pseudo dice [0.8357, 0.7106, 0.8113, 0.7314]
2025-02-20 23:42:37.469560: Epoch time: 119.77 s
2025-02-20 23:42:37.471742: Yayy! New best EMA pseudo Dice: 0.7664
2025-02-20 23:42:41.388749: 
2025-02-20 23:42:41.393620: Epoch 93
2025-02-20 23:42:41.396013: Current learning rate: 0.00091
2025-02-20 23:44:29.583658: train_loss -0.2578
2025-02-20 23:44:29.589185: val_loss -0.2019
2025-02-20 23:44:29.591816: Pseudo dice [0.8395, 0.7725, 0.8146, 0.7618]
2025-02-20 23:44:29.594267: Epoch time: 108.2 s
2025-02-20 23:44:29.597020: Yayy! New best EMA pseudo Dice: 0.7694
2025-02-20 23:44:33.480234: 
2025-02-20 23:44:33.484324: Epoch 94
2025-02-20 23:44:33.487239: Current learning rate: 0.00079
2025-02-20 23:46:43.459514: train_loss -0.2615
2025-02-20 23:46:43.464070: val_loss -0.2223
2025-02-20 23:46:43.467067: Pseudo dice [0.8712, 0.8208, 0.8219, 0.7671]
2025-02-20 23:46:43.470351: Epoch time: 129.98 s
2025-02-20 23:46:43.472869: Yayy! New best EMA pseudo Dice: 0.7745
2025-02-20 23:46:47.638355: 
2025-02-20 23:46:47.641455: Epoch 95
2025-02-20 23:46:47.643951: Current learning rate: 0.00067
2025-02-20 23:48:39.961336: train_loss -0.2705
2025-02-20 23:48:39.968387: val_loss -0.2716
2025-02-20 23:48:39.971008: Pseudo dice [0.8861, 0.8244, 0.8592, 0.7978]
2025-02-20 23:48:39.973090: Epoch time: 112.32 s
2025-02-20 23:48:39.984911: Yayy! New best EMA pseudo Dice: 0.7812
2025-02-20 23:48:44.514338: 
2025-02-20 23:48:44.517258: Epoch 96
2025-02-20 23:48:44.519531: Current learning rate: 0.00055
2025-02-20 23:50:45.173894: train_loss -0.2592
2025-02-20 23:50:45.177729: val_loss -0.2279
2025-02-20 23:50:45.180455: Pseudo dice [0.8477, 0.7508, 0.806, 0.7742]
2025-02-20 23:50:45.183142: Epoch time: 120.66 s
2025-02-20 23:50:45.185275: Yayy! New best EMA pseudo Dice: 0.7826
2025-02-20 23:50:49.050065: 
2025-02-20 23:50:49.052931: Epoch 97
2025-02-20 23:50:49.055244: Current learning rate: 0.00043
2025-02-20 23:52:40.144824: train_loss -0.2782
2025-02-20 23:52:40.149472: val_loss -0.1984
2025-02-20 23:52:40.152445: Pseudo dice [0.8697, 0.7483, 0.8215, 0.7151]
2025-02-20 23:52:40.155244: Epoch time: 111.1 s
2025-02-20 23:52:40.157680: Yayy! New best EMA pseudo Dice: 0.7832
2025-02-20 23:52:44.138532: 
2025-02-20 23:52:44.141490: Epoch 98
2025-02-20 23:52:44.144057: Current learning rate: 0.0003
2025-02-20 23:54:41.550247: train_loss -0.2591
2025-02-20 23:54:41.564866: val_loss -0.1982
2025-02-20 23:54:41.573590: Pseudo dice [0.7895, 0.7308, 0.8251, 0.7336]
2025-02-20 23:54:41.580000: Epoch time: 117.41 s
2025-02-20 23:54:43.073283: 
2025-02-20 23:54:43.076260: Epoch 99
2025-02-20 23:54:43.079120: Current learning rate: 0.00016
2025-02-20 23:56:36.043950: train_loss -0.259
2025-02-20 23:56:36.049200: val_loss -0.263
2025-02-20 23:56:36.051983: Pseudo dice [0.8927, 0.7799, 0.8188, 0.7978]
2025-02-20 23:56:36.054799: Epoch time: 112.97 s
2025-02-20 23:56:36.057511: Yayy! New best EMA pseudo Dice: 0.7859
2025-02-20 23:56:42.121096: Training done.
2025-02-20 23:56:42.157104: Using splits from existing split file: /home3/hghr96/parm/work/AD_project/segmentation/nnUNet/data/nnUNet_preprocess/Dataset501_AD/splits_final.json
2025-02-20 23:56:42.161776: The split file contains 5 splits.
2025-02-20 23:56:42.164026: Desired fold for training: 2
2025-02-20 23:56:42.166453: This split has 70 training and 18 validation cases.
2025-02-20 23:56:42.169010: predicting ad_009
2025-02-20 23:56:42.176656: ad_009, shape torch.Size([1, 499, 1041, 499]), rank 0
2025-02-21 00:00:46.781678: predicting ad_013
2025-02-21 00:00:46.826670: ad_013, shape torch.Size([1, 474, 866, 474]), rank 0
2025-02-21 00:04:26.465407: predicting ad_017
2025-02-21 00:04:26.530624: ad_017, shape torch.Size([1, 345, 450, 345]), rank 0
2025-02-21 00:06:17.662838: predicting ad_020
2025-02-21 00:06:17.713521: ad_020, shape torch.Size([1, 512, 840, 512]), rank 0
2025-02-21 00:12:09.524256: predicting ad_025
2025-02-21 00:12:09.581277: ad_025, shape torch.Size([1, 307, 922, 307]), rank 0
2025-02-21 00:15:15.935678: predicting ad_028
2025-02-21 00:15:15.965667: ad_028, shape torch.Size([1, 512, 857, 512]), rank 0
2025-02-21 00:20:54.795382: predicting ad_033
2025-02-21 00:20:54.839912: ad_033, shape torch.Size([1, 597, 981, 597]), rank 0
2025-02-21 00:27:18.445204: predicting ad_045
2025-02-21 00:27:18.513853: ad_045, shape torch.Size([1, 471, 835, 471]), rank 0
2025-02-21 00:33:12.539184: predicting ad_047
2025-02-21 00:33:12.580070: ad_047, shape torch.Size([1, 512, 931, 512]), rank 0
2025-02-21 00:41:43.792567: predicting ad_050
2025-02-21 00:41:43.848666: ad_050, shape torch.Size([1, 499, 663, 499]), rank 0
2025-02-21 00:48:38.137137: predicting ad_055
2025-02-21 00:48:38.184018: ad_055, shape torch.Size([1, 353, 774, 353]), rank 0
2025-02-21 00:56:50.307609: predicting ad_056
2025-02-21 00:56:50.340015: ad_056, shape torch.Size([1, 565, 1029, 565]), rank 0
2025-02-21 01:03:11.753079: predicting ad_063
2025-02-21 01:03:11.821914: ad_063, shape torch.Size([1, 525, 951, 525]), rank 0
2025-02-21 01:07:50.315708: predicting ad_080
2025-02-21 01:07:50.390902: ad_080, shape torch.Size([1, 408, 571, 408]), rank 0
2025-02-21 01:14:40.689341: predicting ad_083
2025-02-21 01:14:40.721030: ad_083, shape torch.Size([1, 573, 732, 573]), rank 0
2025-02-21 01:26:55.229768: predicting ad_088
2025-02-21 01:26:55.294727: ad_088, shape torch.Size([1, 429, 737, 429]), rank 0
2025-02-21 01:29:48.983558: predicting ad_089
2025-02-21 01:29:49.022482: ad_089, shape torch.Size([1, 382, 731, 382]), rank 0
2025-02-21 01:34:49.359956: predicting ad_096
2025-02-21 01:34:49.390279: ad_096, shape torch.Size([1, 600, 877, 600]), rank 0
2025-02-21 01:54:49.136987: Validation complete
2025-02-21 01:54:49.142752: Mean Validation Dice:  0.5100110292330432
Finished at Fri 21 Feb 2025 01:54:53 AM GMT
Total Execution Time: 34228 seconds
